[2019-09-01 00:42:29.436] [exthost] [info] extension host started
[2019-09-01 00:42:29.808] [exthost] [info] ExtensionService#_doActivateExtension vscode.debug-auto-launch {"startup":true,"activationEvent":"*"}
[2019-09-01 00:42:29.808] [exthost] [info] ExtensionService#loadCommonJSModule /src/packages/server/build/extensions/debug-auto-launch/dist/extension
[2019-09-01 00:42:29.813] [exthost] [info] ExtensionService#_doActivateExtension vscode.emmet {"startup":true,"activationEvent":"*"}
[2019-09-01 00:42:29.813] [exthost] [info] ExtensionService#loadCommonJSModule /src/packages/server/build/extensions/emmet/dist/extension
[2019-09-01 00:42:29.822] [exthost] [info] ExtensionService#_doActivateExtension vscode.git {"startup":true,"activationEvent":"*"}
[2019-09-01 00:42:29.822] [exthost] [info] ExtensionService#loadCommonJSModule /src/packages/server/build/extensions/git/dist/main
[2019-09-01 00:42:29.886] [exthost] [info] ExtensionService#_doActivateExtension vscode.merge-conflict {"startup":true,"activationEvent":"*"}
[2019-09-01 00:42:29.886] [exthost] [info] ExtensionService#loadCommonJSModule /src/packages/server/build/extensions/merge-conflict/dist/extension
[2019-09-01 00:42:29.890] [exthost] [info] ExtensionService#_doActivateExtension vscode.php-language-features {"startup":false,"activationEvent":"onLanguage:php"}
[2019-09-01 00:42:29.890] [exthost] [info] ExtensionService#loadCommonJSModule /src/packages/server/build/extensions/php-language-features/dist/phpMain
[2019-09-01 00:42:29.920] [exthost] [info] ExtensionService#_doActivateExtension vscode.css-language-features {"startup":false,"activationEvent":"onLanguage:css"}
[2019-09-01 00:42:29.920] [exthost] [info] ExtensionService#loadCommonJSModule /src/packages/server/build/extensions/css-language-features/client/dist/cssMain
[2019-09-01 00:42:29.939] [exthost] [info] ExtensionService#_doActivateExtension vscode.html-language-features {"startup":false,"activationEvent":"onLanguage:html"}
[2019-09-01 00:42:29.939] [exthost] [info] ExtensionService#loadCommonJSModule /src/packages/server/build/extensions/html-language-features/client/dist/htmlMain
[2019-09-01 00:42:29.968] [exthost] [info] eager extensions activated
[2019-09-01 00:42:38.569] [exthost] [info] extension host started
[2019-09-01 00:42:38.747] [exthost] [info] ExtensionService#_doActivateExtension vscode.debug-auto-launch {"startup":true,"activationEvent":"*"}
[2019-09-01 00:42:38.747] [exthost] [info] ExtensionService#loadCommonJSModule /src/packages/server/build/extensions/debug-auto-launch/dist/extension
[2019-09-01 00:42:38.752] [exthost] [info] ExtensionService#_doActivateExtension vscode.emmet {"startup":true,"activationEvent":"*"}
[2019-09-01 00:42:38.752] [exthost] [info] ExtensionService#loadCommonJSModule /src/packages/server/build/extensions/emmet/dist/extension
[2019-09-01 00:42:38.762] [exthost] [info] ExtensionService#_doActivateExtension vscode.git {"startup":true,"activationEvent":"*"}
[2019-09-01 00:42:38.762] [exthost] [info] ExtensionService#loadCommonJSModule /src/packages/server/build/extensions/git/dist/main
[2019-09-01 00:42:38.840] [exthost] [info] ExtensionService#_doActivateExtension vscode.merge-conflict {"startup":true,"activationEvent":"*"}
[2019-09-01 00:42:38.840] [exthost] [info] ExtensionService#loadCommonJSModule /src/packages/server/build/extensions/merge-conflict/dist/extension
[2019-09-01 00:42:38.846] [exthost] [info] ExtensionService#_doActivateExtension vscode.php-language-features {"startup":false,"activationEvent":"onLanguage:php"}
[2019-09-01 00:42:38.846] [exthost] [info] ExtensionService#loadCommonJSModule /src/packages/server/build/extensions/php-language-features/dist/phpMain
[2019-09-01 00:42:38.862] [exthost] [info] ExtensionService#_doActivateExtension vscode.css-language-features {"startup":false,"activationEvent":"onLanguage:css"}
[2019-09-01 00:42:38.862] [exthost] [info] ExtensionService#loadCommonJSModule /src/packages/server/build/extensions/css-language-features/client/dist/cssMain
[2019-09-01 00:42:38.884] [exthost] [info] ExtensionService#_doActivateExtension vscode.html-language-features {"startup":false,"activationEvent":"onLanguage:html"}
[2019-09-01 00:42:38.884] [exthost] [info] ExtensionService#loadCommonJSModule /src/packages/server/build/extensions/html-language-features/client/dist/htmlMain
[2019-09-01 00:42:38.919] [exthost] [info] eager extensions activated
