[2019-07-17 09:07:09.295] [renderer20190716230647188] [error] Failed to watch /var/www/.vscode for changes (Error: ENOENT: no such file or directory, watch '/var/www/.vscode', undefined)
[2019-07-17 09:07:09.484] [renderer20190716230647188] [error] ENOENT: no such file or directory, watch '/var/www/.vscode': Error: ENOENT: no such file or directory, watch '/var/www/.vscode'
    at r (https://s2757502.elf.ict.griffith.edu.au:8443/ide.main.5b173b.js:60:217782)
    at Object.t.protoToArgument (https://s2757502.elf.ict.griffith.edu.au:8443/ide.main.5b173b.js:60:218840)
    at https://s2757502.elf.ict.griffith.edu.au:8443/ide.main.5b173b.js:60:2737475
    at https://s2757502.elf.ict.griffith.edu.au:8443/ide.main.5b173b.js:60:2771187
    at Array.forEach (<anonymous>)
    at e.emit (https://s2757502.elf.ict.griffith.edu.au:8443/ide.main.5b173b.js:60:2771160)
    at e.emitFail (https://s2757502.elf.ict.griffith.edu.au:8443/ide.main.5b173b.js:60:2739407)
    at e.<anonymous> (https://s2757502.elf.ict.griffith.edu.au:8443/ide.main.5b173b.js:60:2738705)
    at https://s2757502.elf.ict.griffith.edu.au:8443/ide.main.5b173b.js:38:2489
    at Object.next (https://s2757502.elf.ict.griffith.edu.au:8443/ide.main.5b173b.js:38:2594)
[2019-07-17 09:07:26.889] [renderer20190716230647188] [error] Data tree node not found: [object Object]: Error: Data tree node not found: [object Object]
    at n.e.getDataNode (https://s2757502.elf.ict.griffith.edu.au:8443/ide.main.5b173b.js:60:1615552)
    at n.e.updateWidth (https://s2757502.elf.ict.griffith.edu.au:8443/ide.main.5b173b.js:60:1612368)
    at e.updateWidth (https://s2757502.elf.ict.griffith.edu.au:8443/ide.main.5b173b.js:67:1330360)
    at https://s2757502.elf.ict.griffith.edu.au:8443/ide.main.5b173b.js:67:1341396
    at e.fire (https://s2757502.elf.ict.griffith.edu.au:8443/ide.main.5b173b.js:16:14094)
    at t.render (https://s2757502.elf.ict.griffith.edu.au:8443/ide.main.5b173b.js:38:363523)
    at t.notifyFileDecorationsChanges (https://s2757502.elf.ict.griffith.edu.au:8443/ide.main.5b173b.js:38:360441)
    at https://s2757502.elf.ict.griffith.edu.au:8443/ide.main.5b173b.js:38:357365
    at Array.forEach (<anonymous>)
    at https://s2757502.elf.ict.griffith.edu.au:8443/ide.main.5b173b.js:38:357336
[2019-07-17 09:11:56.436] [renderer20190716230647188] [error] Data tree node not found: [object Object]: Error: Data tree node not found: [object Object]
    at n.e.getDataNode (https://s2757502.elf.ict.griffith.edu.au:8443/ide.main.5b173b.js:60:1615552)
    at n.e.updateWidth (https://s2757502.elf.ict.griffith.edu.au:8443/ide.main.5b173b.js:60:1612368)
    at e.updateWidth (https://s2757502.elf.ict.griffith.edu.au:8443/ide.main.5b173b.js:67:1330360)
    at https://s2757502.elf.ict.griffith.edu.au:8443/ide.main.5b173b.js:67:1341396
    at e.fire (https://s2757502.elf.ict.griffith.edu.au:8443/ide.main.5b173b.js:16:14094)
    at t.render (https://s2757502.elf.ict.griffith.edu.au:8443/ide.main.5b173b.js:38:363523)
    at t.notifyFileDecorationsChanges (https://s2757502.elf.ict.griffith.edu.au:8443/ide.main.5b173b.js:38:360441)
    at https://s2757502.elf.ict.griffith.edu.au:8443/ide.main.5b173b.js:38:357365
    at Array.forEach (<anonymous>)
    at https://s2757502.elf.ict.griffith.edu.au:8443/ide.main.5b173b.js:38:357336
[2019-07-17 09:12:01.390] [renderer20190716230647188] [error] Data tree node not found: [object Object]: Error: Data tree node not found: [object Object]
    at n.e.getDataNode (https://s2757502.elf.ict.griffith.edu.au:8443/ide.main.5b173b.js:60:1615552)
    at n.e.updateWidth (https://s2757502.elf.ict.griffith.edu.au:8443/ide.main.5b173b.js:60:1612368)
    at e.updateWidth (https://s2757502.elf.ict.griffith.edu.au:8443/ide.main.5b173b.js:67:1330360)
    at https://s2757502.elf.ict.griffith.edu.au:8443/ide.main.5b173b.js:67:1341396
    at e.fire (https://s2757502.elf.ict.griffith.edu.au:8443/ide.main.5b173b.js:16:14094)
    at t.render (https://s2757502.elf.ict.griffith.edu.au:8443/ide.main.5b173b.js:38:363523)
    at t.notifyFileDecorationsChanges (https://s2757502.elf.ict.griffith.edu.au:8443/ide.main.5b173b.js:38:360441)
    at https://s2757502.elf.ict.griffith.edu.au:8443/ide.main.5b173b.js:38:357365
    at Array.forEach (<anonymous>)
    at https://s2757502.elf.ict.griffith.edu.au:8443/ide.main.5b173b.js:38:357336
[2019-07-17 09:12:11.383] [renderer20190716230647188] [error] Data tree node not found: [object Object]: Error: Data tree node not found: [object Object]
    at n.e.getDataNode (https://s2757502.elf.ict.griffith.edu.au:8443/ide.main.5b173b.js:60:1615552)
    at n.e.updateWidth (https://s2757502.elf.ict.griffith.edu.au:8443/ide.main.5b173b.js:60:1612368)
    at e.updateWidth (https://s2757502.elf.ict.griffith.edu.au:8443/ide.main.5b173b.js:67:1330360)
    at https://s2757502.elf.ict.griffith.edu.au:8443/ide.main.5b173b.js:67:1341396
    at e.fire (https://s2757502.elf.ict.griffith.edu.au:8443/ide.main.5b173b.js:16:14094)
    at t.render (https://s2757502.elf.ict.griffith.edu.au:8443/ide.main.5b173b.js:38:363523)
    at t.notifyFileDecorationsChanges (https://s2757502.elf.ict.griffith.edu.au:8443/ide.main.5b173b.js:38:360441)
    at https://s2757502.elf.ict.griffith.edu.au:8443/ide.main.5b173b.js:38:357365
    at Array.forEach (<anonymous>)
    at https://s2757502.elf.ict.griffith.edu.au:8443/ide.main.5b173b.js:38:357336
[2019-07-17 09:12:16.374] [renderer20190716230647188] [error] Data tree node not found: [object Object]: Error: Data tree node not found: [object Object]
    at n.e.getDataNode (https://s2757502.elf.ict.griffith.edu.au:8443/ide.main.5b173b.js:60:1615552)
    at n.e.updateWidth (https://s2757502.elf.ict.griffith.edu.au:8443/ide.main.5b173b.js:60:1612368)
    at e.updateWidth (https://s2757502.elf.ict.griffith.edu.au:8443/ide.main.5b173b.js:67:1330360)
    at https://s2757502.elf.ict.griffith.edu.au:8443/ide.main.5b173b.js:67:1341396
    at e.fire (https://s2757502.elf.ict.griffith.edu.au:8443/ide.main.5b173b.js:16:14094)
    at t.render (https://s2757502.elf.ict.griffith.edu.au:8443/ide.main.5b173b.js:38:363523)
    at t.notifyFileDecorationsChanges (https://s2757502.elf.ict.griffith.edu.au:8443/ide.main.5b173b.js:38:360441)
    at https://s2757502.elf.ict.griffith.edu.au:8443/ide.main.5b173b.js:38:357365
    at Array.forEach (<anonymous>)
    at https://s2757502.elf.ict.griffith.edu.au:8443/ide.main.5b173b.js:38:357336
[2019-07-17 09:12:21.373] [renderer20190716230647188] [error] Data tree node not found: [object Object]: Error: Data tree node not found: [object Object]
    at n.e.getDataNode (https://s2757502.elf.ict.griffith.edu.au:8443/ide.main.5b173b.js:60:1615552)
    at n.e.updateWidth (https://s2757502.elf.ict.griffith.edu.au:8443/ide.main.5b173b.js:60:1612368)
    at e.updateWidth (https://s2757502.elf.ict.griffith.edu.au:8443/ide.main.5b173b.js:67:1330360)
    at https://s2757502.elf.ict.griffith.edu.au:8443/ide.main.5b173b.js:67:1341396
    at e.fire (https://s2757502.elf.ict.griffith.edu.au:8443/ide.main.5b173b.js:16:14094)
    at t.render (https://s2757502.elf.ict.griffith.edu.au:8443/ide.main.5b173b.js:38:363523)
    at t.notifyFileDecorationsChanges (https://s2757502.elf.ict.griffith.edu.au:8443/ide.main.5b173b.js:38:360441)
    at https://s2757502.elf.ict.griffith.edu.au:8443/ide.main.5b173b.js:38:357365
    at Array.forEach (<anonymous>)
    at https://s2757502.elf.ict.griffith.edu.au:8443/ide.main.5b173b.js:38:357336
[2019-07-17 09:12:31.378] [renderer20190716230647188] [error] Data tree node not found: [object Object]: Error: Data tree node not found: [object Object]
    at n.e.getDataNode (https://s2757502.elf.ict.griffith.edu.au:8443/ide.main.5b173b.js:60:1615552)
    at n.e.updateWidth (https://s2757502.elf.ict.griffith.edu.au:8443/ide.main.5b173b.js:60:1612368)
    at e.updateWidth (https://s2757502.elf.ict.griffith.edu.au:8443/ide.main.5b173b.js:67:1330360)
    at https://s2757502.elf.ict.griffith.edu.au:8443/ide.main.5b173b.js:67:1341396
    at e.fire (https://s2757502.elf.ict.griffith.edu.au:8443/ide.main.5b173b.js:16:14094)
    at t.render (https://s2757502.elf.ict.griffith.edu.au:8443/ide.main.5b173b.js:38:363523)
    at t.notifyFileDecorationsChanges (https://s2757502.elf.ict.griffith.edu.au:8443/ide.main.5b173b.js:38:360441)
    at https://s2757502.elf.ict.griffith.edu.au:8443/ide.main.5b173b.js:38:357365
    at Array.forEach (<anonymous>)
    at https://s2757502.elf.ict.griffith.edu.au:8443/ide.main.5b173b.js:38:357336
[2019-07-17 09:12:36.376] [renderer20190716230647188] [error] Data tree node not found: [object Object]: Error: Data tree node not found: [object Object]
    at n.e.getDataNode (https://s2757502.elf.ict.griffith.edu.au:8443/ide.main.5b173b.js:60:1615552)
    at n.e.updateWidth (https://s2757502.elf.ict.griffith.edu.au:8443/ide.main.5b173b.js:60:1612368)
    at e.updateWidth (https://s2757502.elf.ict.griffith.edu.au:8443/ide.main.5b173b.js:67:1330360)
    at https://s2757502.elf.ict.griffith.edu.au:8443/ide.main.5b173b.js:67:1341396
    at e.fire (https://s2757502.elf.ict.griffith.edu.au:8443/ide.main.5b173b.js:16:14094)
    at t.render (https://s2757502.elf.ict.griffith.edu.au:8443/ide.main.5b173b.js:38:363523)
    at t.notifyFileDecorationsChanges (https://s2757502.elf.ict.griffith.edu.au:8443/ide.main.5b173b.js:38:360441)
    at https://s2757502.elf.ict.griffith.edu.au:8443/ide.main.5b173b.js:38:357365
    at Array.forEach (<anonymous>)
    at https://s2757502.elf.ict.griffith.edu.au:8443/ide.main.5b173b.js:38:357336
[2019-07-17 09:12:46.372] [renderer20190716230647188] [error] Data tree node not found: [object Object]: Error: Data tree node not found: [object Object]
    at n.e.getDataNode (https://s2757502.elf.ict.griffith.edu.au:8443/ide.main.5b173b.js:60:1615552)
    at n.e.updateWidth (https://s2757502.elf.ict.griffith.edu.au:8443/ide.main.5b173b.js:60:1612368)
    at e.updateWidth (https://s2757502.elf.ict.griffith.edu.au:8443/ide.main.5b173b.js:67:1330360)
    at https://s2757502.elf.ict.griffith.edu.au:8443/ide.main.5b173b.js:67:1341396
    at e.fire (https://s2757502.elf.ict.griffith.edu.au:8443/ide.main.5b173b.js:16:14094)
    at t.render (https://s2757502.elf.ict.griffith.edu.au:8443/ide.main.5b173b.js:38:363523)
    at t.notifyFileDecorationsChanges (https://s2757502.elf.ict.griffith.edu.au:8443/ide.main.5b173b.js:38:360441)
    at https://s2757502.elf.ict.griffith.edu.au:8443/ide.main.5b173b.js:38:357365
    at Array.forEach (<anonymous>)
    at https://s2757502.elf.ict.griffith.edu.au:8443/ide.main.5b173b.js:38:357336
[2019-07-17 09:12:52.496] [renderer20190716230647188] [error] Data tree node not found: [object Object]: Error: Data tree node not found: [object Object]
    at n.e.getDataNode (https://s2757502.elf.ict.griffith.edu.au:8443/ide.main.5b173b.js:60:1615552)
    at n.e.updateWidth (https://s2757502.elf.ict.griffith.edu.au:8443/ide.main.5b173b.js:60:1612368)
    at e.updateWidth (https://s2757502.elf.ict.griffith.edu.au:8443/ide.main.5b173b.js:67:1330360)
    at https://s2757502.elf.ict.griffith.edu.au:8443/ide.main.5b173b.js:67:1341396
    at e.fire (https://s2757502.elf.ict.griffith.edu.au:8443/ide.main.5b173b.js:16:14094)
    at t.render (https://s2757502.elf.ict.griffith.edu.au:8443/ide.main.5b173b.js:38:363523)
    at t.notifyFileDecorationsChanges (https://s2757502.elf.ict.griffith.edu.au:8443/ide.main.5b173b.js:38:360441)
    at https://s2757502.elf.ict.griffith.edu.au:8443/ide.main.5b173b.js:38:357365
    at Array.forEach (<anonymous>)
    at https://s2757502.elf.ict.griffith.edu.au:8443/ide.main.5b173b.js:38:357336
[2019-07-17 09:12:57.380] [renderer20190716230647188] [error] Data tree node not found: [object Object]: Error: Data tree node not found: [object Object]
    at n.e.getDataNode (https://s2757502.elf.ict.griffith.edu.au:8443/ide.main.5b173b.js:60:1615552)
    at n.e.updateWidth (https://s2757502.elf.ict.griffith.edu.au:8443/ide.main.5b173b.js:60:1612368)
    at e.updateWidth (https://s2757502.elf.ict.griffith.edu.au:8443/ide.main.5b173b.js:67:1330360)
    at https://s2757502.elf.ict.griffith.edu.au:8443/ide.main.5b173b.js:67:1341396
    at e.fire (https://s2757502.elf.ict.griffith.edu.au:8443/ide.main.5b173b.js:16:14094)
    at t.render (https://s2757502.elf.ict.griffith.edu.au:8443/ide.main.5b173b.js:38:363523)
    at t.notifyFileDecorationsChanges (https://s2757502.elf.ict.griffith.edu.au:8443/ide.main.5b173b.js:38:360441)
    at https://s2757502.elf.ict.griffith.edu.au:8443/ide.main.5b173b.js:38:357365
    at Array.forEach (<anonymous>)
    at https://s2757502.elf.ict.griffith.edu.au:8443/ide.main.5b173b.js:38:357336
[2019-07-17 09:13:07.364] [renderer20190716230647188] [error] Data tree node not found: [object Object]: Error: Data tree node not found: [object Object]
    at n.e.getDataNode (https://s2757502.elf.ict.griffith.edu.au:8443/ide.main.5b173b.js:60:1615552)
    at n.e.updateWidth (https://s2757502.elf.ict.griffith.edu.au:8443/ide.main.5b173b.js:60:1612368)
    at e.updateWidth (https://s2757502.elf.ict.griffith.edu.au:8443/ide.main.5b173b.js:67:1330360)
    at https://s2757502.elf.ict.griffith.edu.au:8443/ide.main.5b173b.js:67:1341396
    at e.fire (https://s2757502.elf.ict.griffith.edu.au:8443/ide.main.5b173b.js:16:14094)
    at t.render (https://s2757502.elf.ict.griffith.edu.au:8443/ide.main.5b173b.js:38:363523)
    at t.notifyFileDecorationsChanges (https://s2757502.elf.ict.griffith.edu.au:8443/ide.main.5b173b.js:38:360441)
    at https://s2757502.elf.ict.griffith.edu.au:8443/ide.main.5b173b.js:38:357365
    at Array.forEach (<anonymous>)
    at https://s2757502.elf.ict.griffith.edu.au:8443/ide.main.5b173b.js:38:357336
[2019-07-17 09:13:12.363] [renderer20190716230647188] [error] Data tree node not found: [object Object]: Error: Data tree node not found: [object Object]
    at n.e.getDataNode (https://s2757502.elf.ict.griffith.edu.au:8443/ide.main.5b173b.js:60:1615552)
    at n.e.updateWidth (https://s2757502.elf.ict.griffith.edu.au:8443/ide.main.5b173b.js:60:1612368)
    at e.updateWidth (https://s2757502.elf.ict.griffith.edu.au:8443/ide.main.5b173b.js:67:1330360)
    at https://s2757502.elf.ict.griffith.edu.au:8443/ide.main.5b173b.js:67:1341396
    at e.fire (https://s2757502.elf.ict.griffith.edu.au:8443/ide.main.5b173b.js:16:14094)
    at t.render (https://s2757502.elf.ict.griffith.edu.au:8443/ide.main.5b173b.js:38:363523)
    at t.notifyFileDecorationsChanges (https://s2757502.elf.ict.griffith.edu.au:8443/ide.main.5b173b.js:38:360441)
    at https://s2757502.elf.ict.griffith.edu.au:8443/ide.main.5b173b.js:38:357365
    at Array.forEach (<anonymous>)
    at https://s2757502.elf.ict.griffith.edu.au:8443/ide.main.5b173b.js:38:357336
[2019-07-17 09:13:17.374] [renderer20190716230647188] [error] Data tree node not found: [object Object]: Error: Data tree node not found: [object Object]
    at n.e.getDataNode (https://s2757502.elf.ict.griffith.edu.au:8443/ide.main.5b173b.js:60:1615552)
    at n.e.updateWidth (https://s2757502.elf.ict.griffith.edu.au:8443/ide.main.5b173b.js:60:1612368)
    at e.updateWidth (https://s2757502.elf.ict.griffith.edu.au:8443/ide.main.5b173b.js:67:1330360)
    at https://s2757502.elf.ict.griffith.edu.au:8443/ide.main.5b173b.js:67:1341396
    at e.fire (https://s2757502.elf.ict.griffith.edu.au:8443/ide.main.5b173b.js:16:14094)
    at t.render (https://s2757502.elf.ict.griffith.edu.au:8443/ide.main.5b173b.js:38:363523)
    at t.notifyFileDecorationsChanges (https://s2757502.elf.ict.griffith.edu.au:8443/ide.main.5b173b.js:38:360441)
    at https://s2757502.elf.ict.griffith.edu.au:8443/ide.main.5b173b.js:38:357365
    at Array.forEach (<anonymous>)
    at https://s2757502.elf.ict.griffith.edu.au:8443/ide.main.5b173b.js:38:357336
[2019-07-17 09:13:27.458] [renderer20190716230647188] [error] Data tree node not found: [object Object]: Error: Data tree node not found: [object Object]
    at n.e.getDataNode (https://s2757502.elf.ict.griffith.edu.au:8443/ide.main.5b173b.js:60:1615552)
    at n.e.updateWidth (https://s2757502.elf.ict.griffith.edu.au:8443/ide.main.5b173b.js:60:1612368)
    at e.updateWidth (https://s2757502.elf.ict.griffith.edu.au:8443/ide.main.5b173b.js:67:1330360)
    at https://s2757502.elf.ict.griffith.edu.au:8443/ide.main.5b173b.js:67:1341396
    at e.fire (https://s2757502.elf.ict.griffith.edu.au:8443/ide.main.5b173b.js:16:14094)
    at t.render (https://s2757502.elf.ict.griffith.edu.au:8443/ide.main.5b173b.js:38:363523)
    at t.notifyFileDecorationsChanges (https://s2757502.elf.ict.griffith.edu.au:8443/ide.main.5b173b.js:38:360441)
    at https://s2757502.elf.ict.griffith.edu.au:8443/ide.main.5b173b.js:38:357365
    at Array.forEach (<anonymous>)
    at https://s2757502.elf.ict.griffith.edu.au:8443/ide.main.5b173b.js:38:357336
[2019-07-17 09:13:32.371] [renderer20190716230647188] [error] Data tree node not found: [object Object]: Error: Data tree node not found: [object Object]
    at n.e.getDataNode (https://s2757502.elf.ict.griffith.edu.au:8443/ide.main.5b173b.js:60:1615552)
    at n.e.updateWidth (https://s2757502.elf.ict.griffith.edu.au:8443/ide.main.5b173b.js:60:1612368)
    at e.updateWidth (https://s2757502.elf.ict.griffith.edu.au:8443/ide.main.5b173b.js:67:1330360)
    at https://s2757502.elf.ict.griffith.edu.au:8443/ide.main.5b173b.js:67:1341396
    at e.fire (https://s2757502.elf.ict.griffith.edu.au:8443/ide.main.5b173b.js:16:14094)
    at t.render (https://s2757502.elf.ict.griffith.edu.au:8443/ide.main.5b173b.js:38:363523)
    at t.notifyFileDecorationsChanges (https://s2757502.elf.ict.griffith.edu.au:8443/ide.main.5b173b.js:38:360441)
    at https://s2757502.elf.ict.griffith.edu.au:8443/ide.main.5b173b.js:38:357365
    at Array.forEach (<anonymous>)
    at https://s2757502.elf.ict.griffith.edu.au:8443/ide.main.5b173b.js:38:357336
[2019-07-17 09:13:37.373] [renderer20190716230647188] [error] Data tree node not found: [object Object]: Error: Data tree node not found: [object Object]
    at n.e.getDataNode (https://s2757502.elf.ict.griffith.edu.au:8443/ide.main.5b173b.js:60:1615552)
    at n.e.updateWidth (https://s2757502.elf.ict.griffith.edu.au:8443/ide.main.5b173b.js:60:1612368)
    at e.updateWidth (https://s2757502.elf.ict.griffith.edu.au:8443/ide.main.5b173b.js:67:1330360)
    at https://s2757502.elf.ict.griffith.edu.au:8443/ide.main.5b173b.js:67:1341396
    at e.fire (https://s2757502.elf.ict.griffith.edu.au:8443/ide.main.5b173b.js:16:14094)
    at t.render (https://s2757502.elf.ict.griffith.edu.au:8443/ide.main.5b173b.js:38:363523)
    at t.notifyFileDecorationsChanges (https://s2757502.elf.ict.griffith.edu.au:8443/ide.main.5b173b.js:38:360441)
    at https://s2757502.elf.ict.griffith.edu.au:8443/ide.main.5b173b.js:38:357365
    at Array.forEach (<anonymous>)
    at https://s2757502.elf.ict.griffith.edu.au:8443/ide.main.5b173b.js:38:357336
[2019-07-17 09:13:47.418] [renderer20190716230647188] [error] Data tree node not found: [object Object]: Error: Data tree node not found: [object Object]
    at n.e.getDataNode (https://s2757502.elf.ict.griffith.edu.au:8443/ide.main.5b173b.js:60:1615552)
    at n.e.updateWidth (https://s2757502.elf.ict.griffith.edu.au:8443/ide.main.5b173b.js:60:1612368)
    at e.updateWidth (https://s2757502.elf.ict.griffith.edu.au:8443/ide.main.5b173b.js:67:1330360)
    at https://s2757502.elf.ict.griffith.edu.au:8443/ide.main.5b173b.js:67:1341396
    at e.fire (https://s2757502.elf.ict.griffith.edu.au:8443/ide.main.5b173b.js:16:14094)
    at t.render (https://s2757502.elf.ict.griffith.edu.au:8443/ide.main.5b173b.js:38:363523)
    at t.notifyFileDecorationsChanges (https://s2757502.elf.ict.griffith.edu.au:8443/ide.main.5b173b.js:38:360441)
    at https://s2757502.elf.ict.griffith.edu.au:8443/ide.main.5b173b.js:38:357365
    at Array.forEach (<anonymous>)
    at https://s2757502.elf.ict.griffith.edu.au:8443/ide.main.5b173b.js:38:357336
[2019-07-17 09:13:52.369] [renderer20190716230647188] [error] Data tree node not found: [object Object]: Error: Data tree node not found: [object Object]
    at n.e.getDataNode (https://s2757502.elf.ict.griffith.edu.au:8443/ide.main.5b173b.js:60:1615552)
    at n.e.updateWidth (https://s2757502.elf.ict.griffith.edu.au:8443/ide.main.5b173b.js:60:1612368)
    at e.updateWidth (https://s2757502.elf.ict.griffith.edu.au:8443/ide.main.5b173b.js:67:1330360)
    at https://s2757502.elf.ict.griffith.edu.au:8443/ide.main.5b173b.js:67:1341396
    at e.fire (https://s2757502.elf.ict.griffith.edu.au:8443/ide.main.5b173b.js:16:14094)
    at t.render (https://s2757502.elf.ict.griffith.edu.au:8443/ide.main.5b173b.js:38:363523)
    at t.notifyFileDecorationsChanges (https://s2757502.elf.ict.griffith.edu.au:8443/ide.main.5b173b.js:38:360441)
    at https://s2757502.elf.ict.griffith.edu.au:8443/ide.main.5b173b.js:38:357365
    at Array.forEach (<anonymous>)
    at https://s2757502.elf.ict.griffith.edu.au:8443/ide.main.5b173b.js:38:357336
[2019-07-17 09:13:57.401] [renderer20190716230647188] [error] Data tree node not found: [object Object]: Error: Data tree node not found: [object Object]
    at n.e.getDataNode (https://s2757502.elf.ict.griffith.edu.au:8443/ide.main.5b173b.js:60:1615552)
    at n.e.updateWidth (https://s2757502.elf.ict.griffith.edu.au:8443/ide.main.5b173b.js:60:1612368)
    at e.updateWidth (https://s2757502.elf.ict.griffith.edu.au:8443/ide.main.5b173b.js:67:1330360)
    at https://s2757502.elf.ict.griffith.edu.au:8443/ide.main.5b173b.js:67:1341396
    at e.fire (https://s2757502.elf.ict.griffith.edu.au:8443/ide.main.5b173b.js:16:14094)
    at t.render (https://s2757502.elf.ict.griffith.edu.au:8443/ide.main.5b173b.js:38:363523)
    at t.notifyFileDecorationsChanges (https://s2757502.elf.ict.griffith.edu.au:8443/ide.main.5b173b.js:38:360441)
    at https://s2757502.elf.ict.griffith.edu.au:8443/ide.main.5b173b.js:38:357365
    at Array.forEach (<anonymous>)
    at https://s2757502.elf.ict.griffith.edu.au:8443/ide.main.5b173b.js:38:357336
[2019-07-17 09:14:02.624] [renderer20190716230647188] [error] Data tree node not found: [object Object]: Error: Data tree node not found: [object Object]
    at n.e.getDataNode (https://s2757502.elf.ict.griffith.edu.au:8443/ide.main.5b173b.js:60:1615552)
    at n.e.updateWidth (https://s2757502.elf.ict.griffith.edu.au:8443/ide.main.5b173b.js:60:1612368)
    at e.updateWidth (https://s2757502.elf.ict.griffith.edu.au:8443/ide.main.5b173b.js:67:1330360)
    at https://s2757502.elf.ict.griffith.edu.au:8443/ide.main.5b173b.js:67:1341396
    at e.fire (https://s2757502.elf.ict.griffith.edu.au:8443/ide.main.5b173b.js:16:14094)
    at t.render (https://s2757502.elf.ict.griffith.edu.au:8443/ide.main.5b173b.js:38:363523)
    at t.notifyFileDecorationsChanges (https://s2757502.elf.ict.griffith.edu.au:8443/ide.main.5b173b.js:38:360441)
    at https://s2757502.elf.ict.griffith.edu.au:8443/ide.main.5b173b.js:38:357365
    at Array.forEach (<anonymous>)
    at https://s2757502.elf.ict.griffith.edu.au:8443/ide.main.5b173b.js:38:357336
[2019-07-17 09:14:12.092] [renderer20190716230647188] [error] Data tree node not found: [object Object]: Error: Data tree node not found: [object Object]
    at n.e.getDataNode (https://s2757502.elf.ict.griffith.edu.au:8443/ide.main.5b173b.js:60:1615552)
    at n.e.updateWidth (https://s2757502.elf.ict.griffith.edu.au:8443/ide.main.5b173b.js:60:1612368)
    at e.updateWidth (https://s2757502.elf.ict.griffith.edu.au:8443/ide.main.5b173b.js:67:1330360)
    at https://s2757502.elf.ict.griffith.edu.au:8443/ide.main.5b173b.js:67:1341396
    at e.fire (https://s2757502.elf.ict.griffith.edu.au:8443/ide.main.5b173b.js:16:14094)
    at t.render (https://s2757502.elf.ict.griffith.edu.au:8443/ide.main.5b173b.js:38:363523)
    at t.notifyFileDecorationsChanges (https://s2757502.elf.ict.griffith.edu.au:8443/ide.main.5b173b.js:38:360441)
    at https://s2757502.elf.ict.griffith.edu.au:8443/ide.main.5b173b.js:38:357365
    at Array.forEach (<anonymous>)
    at https://s2757502.elf.ict.griffith.edu.au:8443/ide.main.5b173b.js:38:357336
[2019-07-17 09:14:21.503] [renderer20190716230647188] [error] Data tree node not found: [object Object]: Error: Data tree node not found: [object Object]
    at n.e.getDataNode (https://s2757502.elf.ict.griffith.edu.au:8443/ide.main.5b173b.js:60:1615552)
    at n.e.updateWidth (https://s2757502.elf.ict.griffith.edu.au:8443/ide.main.5b173b.js:60:1612368)
    at e.updateWidth (https://s2757502.elf.ict.griffith.edu.au:8443/ide.main.5b173b.js:67:1330360)
    at https://s2757502.elf.ict.griffith.edu.au:8443/ide.main.5b173b.js:67:1341396
    at e.fire (https://s2757502.elf.ict.griffith.edu.au:8443/ide.main.5b173b.js:16:14094)
    at t.render (https://s2757502.elf.ict.griffith.edu.au:8443/ide.main.5b173b.js:38:363523)
    at t.notifyFileDecorationsChanges (https://s2757502.elf.ict.griffith.edu.au:8443/ide.main.5b173b.js:38:360441)
    at https://s2757502.elf.ict.griffith.edu.au:8443/ide.main.5b173b.js:38:357365
    at Array.forEach (<anonymous>)
    at https://s2757502.elf.ict.griffith.edu.au:8443/ide.main.5b173b.js:38:357336
[2019-07-17 09:15:49.384] [renderer20190716230647188] [error] Data tree node not found: [object Object]: Error: Data tree node not found: [object Object]
    at n.e.getDataNode (https://s2757502.elf.ict.griffith.edu.au:8443/ide.main.5b173b.js:60:1615552)
    at n.e.updateWidth (https://s2757502.elf.ict.griffith.edu.au:8443/ide.main.5b173b.js:60:1612368)
    at e.updateWidth (https://s2757502.elf.ict.griffith.edu.au:8443/ide.main.5b173b.js:67:1330360)
    at https://s2757502.elf.ict.griffith.edu.au:8443/ide.main.5b173b.js:67:1341396
    at e.fire (https://s2757502.elf.ict.griffith.edu.au:8443/ide.main.5b173b.js:16:14094)
    at t.render (https://s2757502.elf.ict.griffith.edu.au:8443/ide.main.5b173b.js:38:363523)
    at t.notifyFileDecorationsChanges (https://s2757502.elf.ict.griffith.edu.au:8443/ide.main.5b173b.js:38:360441)
    at https://s2757502.elf.ict.griffith.edu.au:8443/ide.main.5b173b.js:38:357365
    at Array.forEach (<anonymous>)
    at https://s2757502.elf.ict.griffith.edu.au:8443/ide.main.5b173b.js:38:357336
[2019-07-17 09:15:54.382] [renderer20190716230647188] [error] Data tree node not found: [object Object]: Error: Data tree node not found: [object Object]
    at n.e.getDataNode (https://s2757502.elf.ict.griffith.edu.au:8443/ide.main.5b173b.js:60:1615552)
    at n.e.updateWidth (https://s2757502.elf.ict.griffith.edu.au:8443/ide.main.5b173b.js:60:1612368)
    at e.updateWidth (https://s2757502.elf.ict.griffith.edu.au:8443/ide.main.5b173b.js:67:1330360)
    at https://s2757502.elf.ict.griffith.edu.au:8443/ide.main.5b173b.js:67:1341396
    at e.fire (https://s2757502.elf.ict.griffith.edu.au:8443/ide.main.5b173b.js:16:14094)
    at t.render (https://s2757502.elf.ict.griffith.edu.au:8443/ide.main.5b173b.js:38:363523)
    at t.notifyFileDecorationsChanges (https://s2757502.elf.ict.griffith.edu.au:8443/ide.main.5b173b.js:38:360441)
    at https://s2757502.elf.ict.griffith.edu.au:8443/ide.main.5b173b.js:38:357365
    at Array.forEach (<anonymous>)
    at https://s2757502.elf.ict.griffith.edu.au:8443/ide.main.5b173b.js:38:357336
[2019-07-17 09:15:59.371] [renderer20190716230647188] [error] Data tree node not found: [object Object]: Error: Data tree node not found: [object Object]
    at n.e.getDataNode (https://s2757502.elf.ict.griffith.edu.au:8443/ide.main.5b173b.js:60:1615552)
    at n.e.updateWidth (https://s2757502.elf.ict.griffith.edu.au:8443/ide.main.5b173b.js:60:1612368)
    at e.updateWidth (https://s2757502.elf.ict.griffith.edu.au:8443/ide.main.5b173b.js:67:1330360)
    at https://s2757502.elf.ict.griffith.edu.au:8443/ide.main.5b173b.js:67:1341396
    at e.fire (https://s2757502.elf.ict.griffith.edu.au:8443/ide.main.5b173b.js:16:14094)
    at t.render (https://s2757502.elf.ict.griffith.edu.au:8443/ide.main.5b173b.js:38:363523)
    at t.notifyFileDecorationsChanges (https://s2757502.elf.ict.griffith.edu.au:8443/ide.main.5b173b.js:38:360441)
    at https://s2757502.elf.ict.griffith.edu.au:8443/ide.main.5b173b.js:38:357365
    at Array.forEach (<anonymous>)
    at https://s2757502.elf.ict.griffith.edu.au:8443/ide.main.5b173b.js:38:357336
[2019-07-17 09:16:09.417] [renderer20190716230647188] [error] Data tree node not found: [object Object]: Error: Data tree node not found: [object Object]
    at n.e.getDataNode (https://s2757502.elf.ict.griffith.edu.au:8443/ide.main.5b173b.js:60:1615552)
    at n.e.updateWidth (https://s2757502.elf.ict.griffith.edu.au:8443/ide.main.5b173b.js:60:1612368)
    at e.updateWidth (https://s2757502.elf.ict.griffith.edu.au:8443/ide.main.5b173b.js:67:1330360)
    at https://s2757502.elf.ict.griffith.edu.au:8443/ide.main.5b173b.js:67:1341396
    at e.fire (https://s2757502.elf.ict.griffith.edu.au:8443/ide.main.5b173b.js:16:14094)
    at t.render (https://s2757502.elf.ict.griffith.edu.au:8443/ide.main.5b173b.js:38:363523)
    at t.notifyFileDecorationsChanges (https://s2757502.elf.ict.griffith.edu.au:8443/ide.main.5b173b.js:38:360441)
    at https://s2757502.elf.ict.griffith.edu.au:8443/ide.main.5b173b.js:38:357365
    at Array.forEach (<anonymous>)
    at https://s2757502.elf.ict.griffith.edu.au:8443/ide.main.5b173b.js:38:357336
[2019-07-17 09:16:14.377] [renderer20190716230647188] [error] Data tree node not found: [object Object]: Error: Data tree node not found: [object Object]
    at n.e.getDataNode (https://s2757502.elf.ict.griffith.edu.au:8443/ide.main.5b173b.js:60:1615552)
    at n.e.updateWidth (https://s2757502.elf.ict.griffith.edu.au:8443/ide.main.5b173b.js:60:1612368)
    at e.updateWidth (https://s2757502.elf.ict.griffith.edu.au:8443/ide.main.5b173b.js:67:1330360)
    at https://s2757502.elf.ict.griffith.edu.au:8443/ide.main.5b173b.js:67:1341396
    at e.fire (https://s2757502.elf.ict.griffith.edu.au:8443/ide.main.5b173b.js:16:14094)
    at t.render (https://s2757502.elf.ict.griffith.edu.au:8443/ide.main.5b173b.js:38:363523)
    at t.notifyFileDecorationsChanges (https://s2757502.elf.ict.griffith.edu.au:8443/ide.main.5b173b.js:38:360441)
    at https://s2757502.elf.ict.griffith.edu.au:8443/ide.main.5b173b.js:38:357365
    at Array.forEach (<anonymous>)
    at https://s2757502.elf.ict.griffith.edu.au:8443/ide.main.5b173b.js:38:357336
[2019-07-17 09:16:19.607] [renderer20190716230647188] [error] Data tree node not found: [object Object]: Error: Data tree node not found: [object Object]
    at n.e.getDataNode (https://s2757502.elf.ict.griffith.edu.au:8443/ide.main.5b173b.js:60:1615552)
    at n.e.updateWidth (https://s2757502.elf.ict.griffith.edu.au:8443/ide.main.5b173b.js:60:1612368)
    at e.updateWidth (https://s2757502.elf.ict.griffith.edu.au:8443/ide.main.5b173b.js:67:1330360)
    at https://s2757502.elf.ict.griffith.edu.au:8443/ide.main.5b173b.js:67:1341396
    at e.fire (https://s2757502.elf.ict.griffith.edu.au:8443/ide.main.5b173b.js:16:14094)
    at t.render (https://s2757502.elf.ict.griffith.edu.au:8443/ide.main.5b173b.js:38:363523)
    at t.notifyFileDecorationsChanges (https://s2757502.elf.ict.griffith.edu.au:8443/ide.main.5b173b.js:38:360441)
    at https://s2757502.elf.ict.griffith.edu.au:8443/ide.main.5b173b.js:38:357365
    at Array.forEach (<anonymous>)
    at https://s2757502.elf.ict.griffith.edu.au:8443/ide.main.5b173b.js:38:357336
[2019-07-17 09:16:29.025] [renderer20190716230647188] [error] Data tree node not found: [object Object]: Error: Data tree node not found: [object Object]
    at n.e.getDataNode (https://s2757502.elf.ict.griffith.edu.au:8443/ide.main.5b173b.js:60:1615552)
    at n.e.updateWidth (https://s2757502.elf.ict.griffith.edu.au:8443/ide.main.5b173b.js:60:1612368)
    at e.updateWidth (https://s2757502.elf.ict.griffith.edu.au:8443/ide.main.5b173b.js:67:1330360)
    at https://s2757502.elf.ict.griffith.edu.au:8443/ide.main.5b173b.js:67:1341396
    at e.fire (https://s2757502.elf.ict.griffith.edu.au:8443/ide.main.5b173b.js:16:14094)
    at t.render (https://s2757502.elf.ict.griffith.edu.au:8443/ide.main.5b173b.js:38:363523)
    at t.notifyFileDecorationsChanges (https://s2757502.elf.ict.griffith.edu.au:8443/ide.main.5b173b.js:38:360441)
    at https://s2757502.elf.ict.griffith.edu.au:8443/ide.main.5b173b.js:38:357365
    at Array.forEach (<anonymous>)
    at https://s2757502.elf.ict.griffith.edu.au:8443/ide.main.5b173b.js:38:357336
