[2019-09-01 00:42:29.405] [renderer20190831144215652] [error] Data tree node not found: [object Object]: Error: Data tree node not found: [object Object]
    at n.e.getDataNode (https://s2757502.elf.ict.griffith.edu.au:8443/ide.main.5b173b.js:60:1615552)
    at n.e.updateWidth (https://s2757502.elf.ict.griffith.edu.au:8443/ide.main.5b173b.js:60:1612368)
    at e.updateWidth (https://s2757502.elf.ict.griffith.edu.au:8443/ide.main.5b173b.js:67:1330360)
    at https://s2757502.elf.ict.griffith.edu.au:8443/ide.main.5b173b.js:67:1341396
    at e.fire (https://s2757502.elf.ict.griffith.edu.au:8443/ide.main.5b173b.js:16:14094)
    at t.render (https://s2757502.elf.ict.griffith.edu.au:8443/ide.main.5b173b.js:38:363523)
    at t.notifyFileDecorationsChanges (https://s2757502.elf.ict.griffith.edu.au:8443/ide.main.5b173b.js:38:360441)
    at https://s2757502.elf.ict.griffith.edu.au:8443/ide.main.5b173b.js:38:357365
    at Array.forEach (<anonymous>)
    at https://s2757502.elf.ict.griffith.edu.au:8443/ide.main.5b173b.js:38:357336
[2019-09-01 00:42:54.928] [renderer20190831144215652] [error] Data tree node not found: [object Object]: Error: Data tree node not found: [object Object]
    at n.e.getDataNode (https://s2757502.elf.ict.griffith.edu.au:8443/ide.main.5b173b.js:60:1615552)
    at n.e.updateWidth (https://s2757502.elf.ict.griffith.edu.au:8443/ide.main.5b173b.js:60:1612368)
    at e.updateWidth (https://s2757502.elf.ict.griffith.edu.au:8443/ide.main.5b173b.js:67:1330360)
    at https://s2757502.elf.ict.griffith.edu.au:8443/ide.main.5b173b.js:67:1341396
    at e.fire (https://s2757502.elf.ict.griffith.edu.au:8443/ide.main.5b173b.js:16:14094)
    at t.render (https://s2757502.elf.ict.griffith.edu.au:8443/ide.main.5b173b.js:38:363523)
    at t.notifyFileDecorationsChanges (https://s2757502.elf.ict.griffith.edu.au:8443/ide.main.5b173b.js:38:360441)
    at https://s2757502.elf.ict.griffith.edu.au:8443/ide.main.5b173b.js:38:357365
    at Array.forEach (<anonymous>)
    at https://s2757502.elf.ict.griffith.edu.au:8443/ide.main.5b173b.js:38:357336
[2019-09-01 00:43:01.043] [renderer20190831144215652] [error] Data tree node not found: [object Object]: Error: Data tree node not found: [object Object]
    at n.e.getDataNode (https://s2757502.elf.ict.griffith.edu.au:8443/ide.main.5b173b.js:60:1615552)
    at n.e.updateWidth (https://s2757502.elf.ict.griffith.edu.au:8443/ide.main.5b173b.js:60:1612368)
    at e.updateWidth (https://s2757502.elf.ict.griffith.edu.au:8443/ide.main.5b173b.js:67:1330360)
    at https://s2757502.elf.ict.griffith.edu.au:8443/ide.main.5b173b.js:67:1341396
    at e.fire (https://s2757502.elf.ict.griffith.edu.au:8443/ide.main.5b173b.js:16:14094)
    at t.render (https://s2757502.elf.ict.griffith.edu.au:8443/ide.main.5b173b.js:38:363523)
    at t.notifyFileDecorationsChanges (https://s2757502.elf.ict.griffith.edu.au:8443/ide.main.5b173b.js:38:360441)
    at https://s2757502.elf.ict.griffith.edu.au:8443/ide.main.5b173b.js:38:357365
    at Array.forEach (<anonymous>)
    at https://s2757502.elf.ict.griffith.edu.au:8443/ide.main.5b173b.js:38:357336
[2019-09-01 00:43:07.985] [renderer20190831144215652] [error] Data tree node not found: [object Object]: Error: Data tree node not found: [object Object]
    at n.e.getDataNode (https://s2757502.elf.ict.griffith.edu.au:8443/ide.main.5b173b.js:60:1615552)
    at n.e.updateWidth (https://s2757502.elf.ict.griffith.edu.au:8443/ide.main.5b173b.js:60:1612368)
    at e.updateWidth (https://s2757502.elf.ict.griffith.edu.au:8443/ide.main.5b173b.js:67:1330360)
    at https://s2757502.elf.ict.griffith.edu.au:8443/ide.main.5b173b.js:67:1341396
    at e.fire (https://s2757502.elf.ict.griffith.edu.au:8443/ide.main.5b173b.js:16:14094)
    at t.render (https://s2757502.elf.ict.griffith.edu.au:8443/ide.main.5b173b.js:38:363523)
    at t.notifyFileDecorationsChanges (https://s2757502.elf.ict.griffith.edu.au:8443/ide.main.5b173b.js:38:360441)
    at https://s2757502.elf.ict.griffith.edu.au:8443/ide.main.5b173b.js:38:357365
    at Array.forEach (<anonymous>)
    at https://s2757502.elf.ict.griffith.edu.au:8443/ide.main.5b173b.js:38:357336
[2019-09-01 00:43:15.092] [renderer20190831144215652] [error] Inotify limit reached (ENOSPC)
