[2019-07-22 02:49:15.721] [exthost] [info] extension host started
[2019-07-22 02:49:15.917] [exthost] [info] ExtensionService#_doActivateExtension vscode.debug-auto-launch {"startup":true,"activationEvent":"*"}
[2019-07-22 02:49:15.917] [exthost] [info] ExtensionService#loadCommonJSModule /src/packages/server/build/extensions/debug-auto-launch/dist/extension
[2019-07-22 02:49:15.922] [exthost] [info] ExtensionService#_doActivateExtension vscode.emmet {"startup":true,"activationEvent":"*"}
[2019-07-22 02:49:15.922] [exthost] [info] ExtensionService#loadCommonJSModule /src/packages/server/build/extensions/emmet/dist/extension
[2019-07-22 02:49:15.932] [exthost] [info] ExtensionService#_doActivateExtension vscode.git {"startup":true,"activationEvent":"*"}
[2019-07-22 02:49:15.932] [exthost] [info] ExtensionService#loadCommonJSModule /src/packages/server/build/extensions/git/dist/main
[2019-07-22 02:49:15.999] [exthost] [info] ExtensionService#_doActivateExtension vscode.merge-conflict {"startup":true,"activationEvent":"*"}
[2019-07-22 02:49:15.999] [exthost] [info] ExtensionService#loadCommonJSModule /src/packages/server/build/extensions/merge-conflict/dist/extension
[2019-07-22 02:49:16.004] [exthost] [info] ExtensionService#_doActivateExtension vscode.extension-editing {"startup":false,"activationEvent":"onLanguage:typescript"}
[2019-07-22 02:49:16.004] [exthost] [info] ExtensionService#loadCommonJSModule /src/packages/server/build/extensions/extension-editing/dist/extension
[2019-07-22 02:49:16.030] [exthost] [info] ExtensionService#_doActivateExtension vscode.typescript-language-features {"startup":false,"activationEvent":"onLanguage:typescript"}
[2019-07-22 02:49:16.030] [exthost] [info] ExtensionService#loadCommonJSModule /src/packages/server/build/extensions/typescript-language-features/dist/extension
[2019-07-22 02:49:16.064] [exthost] [info] ExtensionService#_doActivateExtension vscode.php-language-features {"startup":false,"activationEvent":"onLanguage:php"}
[2019-07-22 02:49:16.064] [exthost] [info] ExtensionService#loadCommonJSModule /src/packages/server/build/extensions/php-language-features/dist/phpMain
[2019-07-22 02:49:16.087] [exthost] [info] ExtensionService#_doActivateExtension vscode.css-language-features {"startup":false,"activationEvent":"onLanguage:css"}
[2019-07-22 02:49:16.087] [exthost] [info] ExtensionService#loadCommonJSModule /src/packages/server/build/extensions/css-language-features/client/dist/cssMain
[2019-07-22 02:49:16.108] [exthost] [info] ExtensionService#_doActivateExtension vscode.html-language-features {"startup":false,"activationEvent":"onLanguage:html"}
[2019-07-22 02:49:16.108] [exthost] [info] ExtensionService#loadCommonJSModule /src/packages/server/build/extensions/html-language-features/client/dist/htmlMain
[2019-07-22 02:49:16.167] [exthost] [info] eager extensions activated
