[2019-07-17 13:03:39.434] [renderer20190717030238896] [error] Failed to watch /var/www/.vscode for changes (Error: ENOENT: no such file or directory, watch '/var/www/.vscode', undefined)
[2019-07-17 13:03:39.435] [renderer20190717030238896] [error] ENOENT: no such file or directory, watch '/var/www/.vscode': Error: ENOENT: no such file or directory, watch '/var/www/.vscode'
    at r (https://s2757502.elf.ict.griffith.edu.au:8443/ide.main.5b173b.js:60:217782)
    at Object.t.protoToArgument (https://s2757502.elf.ict.griffith.edu.au:8443/ide.main.5b173b.js:60:218840)
    at https://s2757502.elf.ict.griffith.edu.au:8443/ide.main.5b173b.js:60:2737475
    at https://s2757502.elf.ict.griffith.edu.au:8443/ide.main.5b173b.js:60:2771187
    at Array.forEach (<anonymous>)
    at e.emit (https://s2757502.elf.ict.griffith.edu.au:8443/ide.main.5b173b.js:60:2771160)
    at e.emitFail (https://s2757502.elf.ict.griffith.edu.au:8443/ide.main.5b173b.js:60:2739407)
    at e.<anonymous> (https://s2757502.elf.ict.griffith.edu.au:8443/ide.main.5b173b.js:60:2738705)
    at https://s2757502.elf.ict.griffith.edu.au:8443/ide.main.5b173b.js:38:2489
    at Object.next (https://s2757502.elf.ict.griffith.edu.au:8443/ide.main.5b173b.js:38:2594)
[2019-07-17 13:04:09.645] [renderer20190717030238896] [error] Data tree node not found: [object Object]: Error: Data tree node not found: [object Object]
    at n.e.getDataNode (https://s2757502.elf.ict.griffith.edu.au:8443/ide.main.5b173b.js:60:1615552)
    at n.e.updateWidth (https://s2757502.elf.ict.griffith.edu.au:8443/ide.main.5b173b.js:60:1612368)
    at e.updateWidth (https://s2757502.elf.ict.griffith.edu.au:8443/ide.main.5b173b.js:67:1330360)
    at https://s2757502.elf.ict.griffith.edu.au:8443/ide.main.5b173b.js:67:1341396
    at e.fire (https://s2757502.elf.ict.griffith.edu.au:8443/ide.main.5b173b.js:16:14094)
    at t.render (https://s2757502.elf.ict.griffith.edu.au:8443/ide.main.5b173b.js:38:363523)
    at t.notifyFileDecorationsChanges (https://s2757502.elf.ict.griffith.edu.au:8443/ide.main.5b173b.js:38:360441)
    at https://s2757502.elf.ict.griffith.edu.au:8443/ide.main.5b173b.js:38:357365
    at Array.forEach (<anonymous>)
    at https://s2757502.elf.ict.griffith.edu.au:8443/ide.main.5b173b.js:38:357336
[2019-07-17 13:04:14.644] [renderer20190717030238896] [error] Data tree node not found: [object Object]: Error: Data tree node not found: [object Object]
    at n.e.getDataNode (https://s2757502.elf.ict.griffith.edu.au:8443/ide.main.5b173b.js:60:1615552)
    at n.e.updateWidth (https://s2757502.elf.ict.griffith.edu.au:8443/ide.main.5b173b.js:60:1612368)
    at e.updateWidth (https://s2757502.elf.ict.griffith.edu.au:8443/ide.main.5b173b.js:67:1330360)
    at https://s2757502.elf.ict.griffith.edu.au:8443/ide.main.5b173b.js:67:1341396
    at e.fire (https://s2757502.elf.ict.griffith.edu.au:8443/ide.main.5b173b.js:16:14094)
    at t.render (https://s2757502.elf.ict.griffith.edu.au:8443/ide.main.5b173b.js:38:363523)
    at t.notifyFileDecorationsChanges (https://s2757502.elf.ict.griffith.edu.au:8443/ide.main.5b173b.js:38:360441)
    at https://s2757502.elf.ict.griffith.edu.au:8443/ide.main.5b173b.js:38:357365
    at Array.forEach (<anonymous>)
    at https://s2757502.elf.ict.griffith.edu.au:8443/ide.main.5b173b.js:38:357336
[2019-07-17 13:04:25.645] [renderer20190717030238896] [error] Data tree node not found: [object Object]: Error: Data tree node not found: [object Object]
    at n.e.getDataNode (https://s2757502.elf.ict.griffith.edu.au:8443/ide.main.5b173b.js:60:1615552)
    at n.e.updateWidth (https://s2757502.elf.ict.griffith.edu.au:8443/ide.main.5b173b.js:60:1612368)
    at e.updateWidth (https://s2757502.elf.ict.griffith.edu.au:8443/ide.main.5b173b.js:67:1330360)
    at https://s2757502.elf.ict.griffith.edu.au:8443/ide.main.5b173b.js:67:1341396
    at e.fire (https://s2757502.elf.ict.griffith.edu.au:8443/ide.main.5b173b.js:16:14094)
    at t.render (https://s2757502.elf.ict.griffith.edu.au:8443/ide.main.5b173b.js:38:363523)
    at t.notifyFileDecorationsChanges (https://s2757502.elf.ict.griffith.edu.au:8443/ide.main.5b173b.js:38:360441)
    at https://s2757502.elf.ict.griffith.edu.au:8443/ide.main.5b173b.js:38:357365
    at Array.forEach (<anonymous>)
    at https://s2757502.elf.ict.griffith.edu.au:8443/ide.main.5b173b.js:38:357336
[2019-07-17 13:04:44.464] [renderer20190717030238896] [error] Data tree node not found: [object Object]: Error: Data tree node not found: [object Object]
    at n.e.getDataNode (https://s2757502.elf.ict.griffith.edu.au:8443/ide.main.5b173b.js:60:1615552)
    at n.e.updateWidth (https://s2757502.elf.ict.griffith.edu.au:8443/ide.main.5b173b.js:60:1612368)
    at e.updateWidth (https://s2757502.elf.ict.griffith.edu.au:8443/ide.main.5b173b.js:67:1330360)
    at https://s2757502.elf.ict.griffith.edu.au:8443/ide.main.5b173b.js:67:1341396
    at e.fire (https://s2757502.elf.ict.griffith.edu.au:8443/ide.main.5b173b.js:16:14094)
    at t.render (https://s2757502.elf.ict.griffith.edu.au:8443/ide.main.5b173b.js:38:363523)
    at t.notifyFileDecorationsChanges (https://s2757502.elf.ict.griffith.edu.au:8443/ide.main.5b173b.js:38:360441)
    at https://s2757502.elf.ict.griffith.edu.au:8443/ide.main.5b173b.js:38:357365
    at Array.forEach (<anonymous>)
    at https://s2757502.elf.ict.griffith.edu.au:8443/ide.main.5b173b.js:38:357336
[2019-07-17 13:05:05.643] [renderer20190717030238896] [error] Data tree node not found: [object Object]: Error: Data tree node not found: [object Object]
    at n.e.getDataNode (https://s2757502.elf.ict.griffith.edu.au:8443/ide.main.5b173b.js:60:1615552)
    at n.e.updateWidth (https://s2757502.elf.ict.griffith.edu.au:8443/ide.main.5b173b.js:60:1612368)
    at e.updateWidth (https://s2757502.elf.ict.griffith.edu.au:8443/ide.main.5b173b.js:67:1330360)
    at https://s2757502.elf.ict.griffith.edu.au:8443/ide.main.5b173b.js:67:1341396
    at e.fire (https://s2757502.elf.ict.griffith.edu.au:8443/ide.main.5b173b.js:16:14094)
    at t.render (https://s2757502.elf.ict.griffith.edu.au:8443/ide.main.5b173b.js:38:363523)
    at t.notifyFileDecorationsChanges (https://s2757502.elf.ict.griffith.edu.au:8443/ide.main.5b173b.js:38:360441)
    at https://s2757502.elf.ict.griffith.edu.au:8443/ide.main.5b173b.js:38:357365
    at Array.forEach (<anonymous>)
    at https://s2757502.elf.ict.griffith.edu.au:8443/ide.main.5b173b.js:38:357336
[2019-07-17 13:05:26.647] [renderer20190717030238896] [error] Data tree node not found: [object Object]: Error: Data tree node not found: [object Object]
    at n.e.getDataNode (https://s2757502.elf.ict.griffith.edu.au:8443/ide.main.5b173b.js:60:1615552)
    at n.e.updateWidth (https://s2757502.elf.ict.griffith.edu.au:8443/ide.main.5b173b.js:60:1612368)
    at e.updateWidth (https://s2757502.elf.ict.griffith.edu.au:8443/ide.main.5b173b.js:67:1330360)
    at https://s2757502.elf.ict.griffith.edu.au:8443/ide.main.5b173b.js:67:1341396
    at e.fire (https://s2757502.elf.ict.griffith.edu.au:8443/ide.main.5b173b.js:16:14094)
    at t.render (https://s2757502.elf.ict.griffith.edu.au:8443/ide.main.5b173b.js:38:363523)
    at t.notifyFileDecorationsChanges (https://s2757502.elf.ict.griffith.edu.au:8443/ide.main.5b173b.js:38:360441)
    at https://s2757502.elf.ict.griffith.edu.au:8443/ide.main.5b173b.js:38:357365
    at Array.forEach (<anonymous>)
    at https://s2757502.elf.ict.griffith.edu.au:8443/ide.main.5b173b.js:38:357336
[2019-07-17 13:05:31.645] [renderer20190717030238896] [error] Data tree node not found: [object Object]: Error: Data tree node not found: [object Object]
    at n.e.getDataNode (https://s2757502.elf.ict.griffith.edu.au:8443/ide.main.5b173b.js:60:1615552)
    at n.e.updateWidth (https://s2757502.elf.ict.griffith.edu.au:8443/ide.main.5b173b.js:60:1612368)
    at e.updateWidth (https://s2757502.elf.ict.griffith.edu.au:8443/ide.main.5b173b.js:67:1330360)
    at https://s2757502.elf.ict.griffith.edu.au:8443/ide.main.5b173b.js:67:1341396
    at e.fire (https://s2757502.elf.ict.griffith.edu.au:8443/ide.main.5b173b.js:16:14094)
    at t.render (https://s2757502.elf.ict.griffith.edu.au:8443/ide.main.5b173b.js:38:363523)
    at t.notifyFileDecorationsChanges (https://s2757502.elf.ict.griffith.edu.au:8443/ide.main.5b173b.js:38:360441)
    at https://s2757502.elf.ict.griffith.edu.au:8443/ide.main.5b173b.js:38:357365
    at Array.forEach (<anonymous>)
    at https://s2757502.elf.ict.griffith.edu.au:8443/ide.main.5b173b.js:38:357336
[2019-07-17 13:06:42.645] [renderer20190717030238896] [error] Data tree node not found: [object Object]: Error: Data tree node not found: [object Object]
    at n.e.getDataNode (https://s2757502.elf.ict.griffith.edu.au:8443/ide.main.5b173b.js:60:1615552)
    at n.e.updateWidth (https://s2757502.elf.ict.griffith.edu.au:8443/ide.main.5b173b.js:60:1612368)
    at e.updateWidth (https://s2757502.elf.ict.griffith.edu.au:8443/ide.main.5b173b.js:67:1330360)
    at https://s2757502.elf.ict.griffith.edu.au:8443/ide.main.5b173b.js:67:1341396
    at e.fire (https://s2757502.elf.ict.griffith.edu.au:8443/ide.main.5b173b.js:16:14094)
    at t.render (https://s2757502.elf.ict.griffith.edu.au:8443/ide.main.5b173b.js:38:363523)
    at t.notifyFileDecorationsChanges (https://s2757502.elf.ict.griffith.edu.au:8443/ide.main.5b173b.js:38:360441)
    at https://s2757502.elf.ict.griffith.edu.au:8443/ide.main.5b173b.js:38:357365
    at Array.forEach (<anonymous>)
    at https://s2757502.elf.ict.griffith.edu.au:8443/ide.main.5b173b.js:38:357336
[2019-07-17 13:06:47.648] [renderer20190717030238896] [error] Data tree node not found: [object Object]: Error: Data tree node not found: [object Object]
    at n.e.getDataNode (https://s2757502.elf.ict.griffith.edu.au:8443/ide.main.5b173b.js:60:1615552)
    at n.e.updateWidth (https://s2757502.elf.ict.griffith.edu.au:8443/ide.main.5b173b.js:60:1612368)
    at e.updateWidth (https://s2757502.elf.ict.griffith.edu.au:8443/ide.main.5b173b.js:67:1330360)
    at https://s2757502.elf.ict.griffith.edu.au:8443/ide.main.5b173b.js:67:1341396
    at e.fire (https://s2757502.elf.ict.griffith.edu.au:8443/ide.main.5b173b.js:16:14094)
    at t.render (https://s2757502.elf.ict.griffith.edu.au:8443/ide.main.5b173b.js:38:363523)
    at t.notifyFileDecorationsChanges (https://s2757502.elf.ict.griffith.edu.au:8443/ide.main.5b173b.js:38:360441)
    at https://s2757502.elf.ict.griffith.edu.au:8443/ide.main.5b173b.js:38:357365
    at Array.forEach (<anonymous>)
    at https://s2757502.elf.ict.griffith.edu.au:8443/ide.main.5b173b.js:38:357336
[2019-07-17 13:06:52.645] [renderer20190717030238896] [error] Data tree node not found: [object Object]: Error: Data tree node not found: [object Object]
    at n.e.getDataNode (https://s2757502.elf.ict.griffith.edu.au:8443/ide.main.5b173b.js:60:1615552)
    at n.e.updateWidth (https://s2757502.elf.ict.griffith.edu.au:8443/ide.main.5b173b.js:60:1612368)
    at e.updateWidth (https://s2757502.elf.ict.griffith.edu.au:8443/ide.main.5b173b.js:67:1330360)
    at https://s2757502.elf.ict.griffith.edu.au:8443/ide.main.5b173b.js:67:1341396
    at e.fire (https://s2757502.elf.ict.griffith.edu.au:8443/ide.main.5b173b.js:16:14094)
    at t.render (https://s2757502.elf.ict.griffith.edu.au:8443/ide.main.5b173b.js:38:363523)
    at t.notifyFileDecorationsChanges (https://s2757502.elf.ict.griffith.edu.au:8443/ide.main.5b173b.js:38:360441)
    at https://s2757502.elf.ict.griffith.edu.au:8443/ide.main.5b173b.js:38:357365
    at Array.forEach (<anonymous>)
    at https://s2757502.elf.ict.griffith.edu.au:8443/ide.main.5b173b.js:38:357336
[2019-07-17 13:06:58.660] [renderer20190717030238896] [error] Data tree node not found: [object Object]: Error: Data tree node not found: [object Object]
    at n.e.getDataNode (https://s2757502.elf.ict.griffith.edu.au:8443/ide.main.5b173b.js:60:1615552)
    at n.e.updateWidth (https://s2757502.elf.ict.griffith.edu.au:8443/ide.main.5b173b.js:60:1612368)
    at e.updateWidth (https://s2757502.elf.ict.griffith.edu.au:8443/ide.main.5b173b.js:67:1330360)
    at https://s2757502.elf.ict.griffith.edu.au:8443/ide.main.5b173b.js:67:1341396
    at e.fire (https://s2757502.elf.ict.griffith.edu.au:8443/ide.main.5b173b.js:16:14094)
    at t.render (https://s2757502.elf.ict.griffith.edu.au:8443/ide.main.5b173b.js:38:363523)
    at t.notifyFileDecorationsChanges (https://s2757502.elf.ict.griffith.edu.au:8443/ide.main.5b173b.js:38:360441)
    at https://s2757502.elf.ict.griffith.edu.au:8443/ide.main.5b173b.js:38:357365
    at Array.forEach (<anonymous>)
    at https://s2757502.elf.ict.griffith.edu.au:8443/ide.main.5b173b.js:38:357336
[2019-07-17 13:07:03.646] [renderer20190717030238896] [error] Data tree node not found: [object Object]: Error: Data tree node not found: [object Object]
    at n.e.getDataNode (https://s2757502.elf.ict.griffith.edu.au:8443/ide.main.5b173b.js:60:1615552)
    at n.e.updateWidth (https://s2757502.elf.ict.griffith.edu.au:8443/ide.main.5b173b.js:60:1612368)
    at e.updateWidth (https://s2757502.elf.ict.griffith.edu.au:8443/ide.main.5b173b.js:67:1330360)
    at https://s2757502.elf.ict.griffith.edu.au:8443/ide.main.5b173b.js:67:1341396
    at e.fire (https://s2757502.elf.ict.griffith.edu.au:8443/ide.main.5b173b.js:16:14094)
    at t.render (https://s2757502.elf.ict.griffith.edu.au:8443/ide.main.5b173b.js:38:363523)
    at t.notifyFileDecorationsChanges (https://s2757502.elf.ict.griffith.edu.au:8443/ide.main.5b173b.js:38:360441)
    at https://s2757502.elf.ict.griffith.edu.au:8443/ide.main.5b173b.js:38:357365
    at Array.forEach (<anonymous>)
    at https://s2757502.elf.ict.griffith.edu.au:8443/ide.main.5b173b.js:38:357336
[2019-07-17 13:07:08.646] [renderer20190717030238896] [error] Data tree node not found: [object Object]: Error: Data tree node not found: [object Object]
    at n.e.getDataNode (https://s2757502.elf.ict.griffith.edu.au:8443/ide.main.5b173b.js:60:1615552)
    at n.e.updateWidth (https://s2757502.elf.ict.griffith.edu.au:8443/ide.main.5b173b.js:60:1612368)
    at e.updateWidth (https://s2757502.elf.ict.griffith.edu.au:8443/ide.main.5b173b.js:67:1330360)
    at https://s2757502.elf.ict.griffith.edu.au:8443/ide.main.5b173b.js:67:1341396
    at e.fire (https://s2757502.elf.ict.griffith.edu.au:8443/ide.main.5b173b.js:16:14094)
    at t.render (https://s2757502.elf.ict.griffith.edu.au:8443/ide.main.5b173b.js:38:363523)
    at t.notifyFileDecorationsChanges (https://s2757502.elf.ict.griffith.edu.au:8443/ide.main.5b173b.js:38:360441)
    at https://s2757502.elf.ict.griffith.edu.au:8443/ide.main.5b173b.js:38:357365
    at Array.forEach (<anonymous>)
    at https://s2757502.elf.ict.griffith.edu.au:8443/ide.main.5b173b.js:38:357336
[2019-07-17 13:07:18.645] [renderer20190717030238896] [error] Data tree node not found: [object Object]: Error: Data tree node not found: [object Object]
    at n.e.getDataNode (https://s2757502.elf.ict.griffith.edu.au:8443/ide.main.5b173b.js:60:1615552)
    at n.e.updateWidth (https://s2757502.elf.ict.griffith.edu.au:8443/ide.main.5b173b.js:60:1612368)
    at e.updateWidth (https://s2757502.elf.ict.griffith.edu.au:8443/ide.main.5b173b.js:67:1330360)
    at https://s2757502.elf.ict.griffith.edu.au:8443/ide.main.5b173b.js:67:1341396
    at e.fire (https://s2757502.elf.ict.griffith.edu.au:8443/ide.main.5b173b.js:16:14094)
    at t.render (https://s2757502.elf.ict.griffith.edu.au:8443/ide.main.5b173b.js:38:363523)
    at t.notifyFileDecorationsChanges (https://s2757502.elf.ict.griffith.edu.au:8443/ide.main.5b173b.js:38:360441)
    at https://s2757502.elf.ict.griffith.edu.au:8443/ide.main.5b173b.js:38:357365
    at Array.forEach (<anonymous>)
    at https://s2757502.elf.ict.griffith.edu.au:8443/ide.main.5b173b.js:38:357336
[2019-07-17 13:07:28.659] [renderer20190717030238896] [error] Data tree node not found: [object Object]: Error: Data tree node not found: [object Object]
    at n.e.getDataNode (https://s2757502.elf.ict.griffith.edu.au:8443/ide.main.5b173b.js:60:1615552)
    at n.e.updateWidth (https://s2757502.elf.ict.griffith.edu.au:8443/ide.main.5b173b.js:60:1612368)
    at e.updateWidth (https://s2757502.elf.ict.griffith.edu.au:8443/ide.main.5b173b.js:67:1330360)
    at https://s2757502.elf.ict.griffith.edu.au:8443/ide.main.5b173b.js:67:1341396
    at e.fire (https://s2757502.elf.ict.griffith.edu.au:8443/ide.main.5b173b.js:16:14094)
    at t.render (https://s2757502.elf.ict.griffith.edu.au:8443/ide.main.5b173b.js:38:363523)
    at t.notifyFileDecorationsChanges (https://s2757502.elf.ict.griffith.edu.au:8443/ide.main.5b173b.js:38:360441)
    at https://s2757502.elf.ict.griffith.edu.au:8443/ide.main.5b173b.js:38:357365
    at Array.forEach (<anonymous>)
    at https://s2757502.elf.ict.griffith.edu.au:8443/ide.main.5b173b.js:38:357336
[2019-07-17 13:07:33.645] [renderer20190717030238896] [error] Data tree node not found: [object Object]: Error: Data tree node not found: [object Object]
    at n.e.getDataNode (https://s2757502.elf.ict.griffith.edu.au:8443/ide.main.5b173b.js:60:1615552)
    at n.e.updateWidth (https://s2757502.elf.ict.griffith.edu.au:8443/ide.main.5b173b.js:60:1612368)
    at e.updateWidth (https://s2757502.elf.ict.griffith.edu.au:8443/ide.main.5b173b.js:67:1330360)
    at https://s2757502.elf.ict.griffith.edu.au:8443/ide.main.5b173b.js:67:1341396
    at e.fire (https://s2757502.elf.ict.griffith.edu.au:8443/ide.main.5b173b.js:16:14094)
    at t.render (https://s2757502.elf.ict.griffith.edu.au:8443/ide.main.5b173b.js:38:363523)
    at t.notifyFileDecorationsChanges (https://s2757502.elf.ict.griffith.edu.au:8443/ide.main.5b173b.js:38:360441)
    at https://s2757502.elf.ict.griffith.edu.au:8443/ide.main.5b173b.js:38:357365
    at Array.forEach (<anonymous>)
    at https://s2757502.elf.ict.griffith.edu.au:8443/ide.main.5b173b.js:38:357336
[2019-07-17 13:07:43.645] [renderer20190717030238896] [error] Data tree node not found: [object Object]: Error: Data tree node not found: [object Object]
    at n.e.getDataNode (https://s2757502.elf.ict.griffith.edu.au:8443/ide.main.5b173b.js:60:1615552)
    at n.e.updateWidth (https://s2757502.elf.ict.griffith.edu.au:8443/ide.main.5b173b.js:60:1612368)
    at e.updateWidth (https://s2757502.elf.ict.griffith.edu.au:8443/ide.main.5b173b.js:67:1330360)
    at https://s2757502.elf.ict.griffith.edu.au:8443/ide.main.5b173b.js:67:1341396
    at e.fire (https://s2757502.elf.ict.griffith.edu.au:8443/ide.main.5b173b.js:16:14094)
    at t.render (https://s2757502.elf.ict.griffith.edu.au:8443/ide.main.5b173b.js:38:363523)
    at t.notifyFileDecorationsChanges (https://s2757502.elf.ict.griffith.edu.au:8443/ide.main.5b173b.js:38:360441)
    at https://s2757502.elf.ict.griffith.edu.au:8443/ide.main.5b173b.js:38:357365
    at Array.forEach (<anonymous>)
    at https://s2757502.elf.ict.griffith.edu.au:8443/ide.main.5b173b.js:38:357336
[2019-07-17 13:07:49.660] [renderer20190717030238896] [error] Data tree node not found: [object Object]: Error: Data tree node not found: [object Object]
    at n.e.getDataNode (https://s2757502.elf.ict.griffith.edu.au:8443/ide.main.5b173b.js:60:1615552)
    at n.e.updateWidth (https://s2757502.elf.ict.griffith.edu.au:8443/ide.main.5b173b.js:60:1612368)
    at e.updateWidth (https://s2757502.elf.ict.griffith.edu.au:8443/ide.main.5b173b.js:67:1330360)
    at https://s2757502.elf.ict.griffith.edu.au:8443/ide.main.5b173b.js:67:1341396
    at e.fire (https://s2757502.elf.ict.griffith.edu.au:8443/ide.main.5b173b.js:16:14094)
    at t.render (https://s2757502.elf.ict.griffith.edu.au:8443/ide.main.5b173b.js:38:363523)
    at t.notifyFileDecorationsChanges (https://s2757502.elf.ict.griffith.edu.au:8443/ide.main.5b173b.js:38:360441)
    at https://s2757502.elf.ict.griffith.edu.au:8443/ide.main.5b173b.js:38:357365
    at Array.forEach (<anonymous>)
    at https://s2757502.elf.ict.griffith.edu.au:8443/ide.main.5b173b.js:38:357336
[2019-07-17 13:07:59.646] [renderer20190717030238896] [error] Data tree node not found: [object Object]: Error: Data tree node not found: [object Object]
    at n.e.getDataNode (https://s2757502.elf.ict.griffith.edu.au:8443/ide.main.5b173b.js:60:1615552)
    at n.e.updateWidth (https://s2757502.elf.ict.griffith.edu.au:8443/ide.main.5b173b.js:60:1612368)
    at e.updateWidth (https://s2757502.elf.ict.griffith.edu.au:8443/ide.main.5b173b.js:67:1330360)
    at https://s2757502.elf.ict.griffith.edu.au:8443/ide.main.5b173b.js:67:1341396
    at e.fire (https://s2757502.elf.ict.griffith.edu.au:8443/ide.main.5b173b.js:16:14094)
    at t.render (https://s2757502.elf.ict.griffith.edu.au:8443/ide.main.5b173b.js:38:363523)
    at t.notifyFileDecorationsChanges (https://s2757502.elf.ict.griffith.edu.au:8443/ide.main.5b173b.js:38:360441)
    at https://s2757502.elf.ict.griffith.edu.au:8443/ide.main.5b173b.js:38:357365
    at Array.forEach (<anonymous>)
    at https://s2757502.elf.ict.griffith.edu.au:8443/ide.main.5b173b.js:38:357336
[2019-07-17 13:08:04.646] [renderer20190717030238896] [error] Data tree node not found: [object Object]: Error: Data tree node not found: [object Object]
    at n.e.getDataNode (https://s2757502.elf.ict.griffith.edu.au:8443/ide.main.5b173b.js:60:1615552)
    at n.e.updateWidth (https://s2757502.elf.ict.griffith.edu.au:8443/ide.main.5b173b.js:60:1612368)
    at e.updateWidth (https://s2757502.elf.ict.griffith.edu.au:8443/ide.main.5b173b.js:67:1330360)
    at https://s2757502.elf.ict.griffith.edu.au:8443/ide.main.5b173b.js:67:1341396
    at e.fire (https://s2757502.elf.ict.griffith.edu.au:8443/ide.main.5b173b.js:16:14094)
    at t.render (https://s2757502.elf.ict.griffith.edu.au:8443/ide.main.5b173b.js:38:363523)
    at t.notifyFileDecorationsChanges (https://s2757502.elf.ict.griffith.edu.au:8443/ide.main.5b173b.js:38:360441)
    at https://s2757502.elf.ict.griffith.edu.au:8443/ide.main.5b173b.js:38:357365
    at Array.forEach (<anonymous>)
    at https://s2757502.elf.ict.griffith.edu.au:8443/ide.main.5b173b.js:38:357336
[2019-07-17 13:08:14.658] [renderer20190717030238896] [error] Data tree node not found: [object Object]: Error: Data tree node not found: [object Object]
    at n.e.getDataNode (https://s2757502.elf.ict.griffith.edu.au:8443/ide.main.5b173b.js:60:1615552)
    at n.e.updateWidth (https://s2757502.elf.ict.griffith.edu.au:8443/ide.main.5b173b.js:60:1612368)
    at e.updateWidth (https://s2757502.elf.ict.griffith.edu.au:8443/ide.main.5b173b.js:67:1330360)
    at https://s2757502.elf.ict.griffith.edu.au:8443/ide.main.5b173b.js:67:1341396
    at e.fire (https://s2757502.elf.ict.griffith.edu.au:8443/ide.main.5b173b.js:16:14094)
    at t.render (https://s2757502.elf.ict.griffith.edu.au:8443/ide.main.5b173b.js:38:363523)
    at t.notifyFileDecorationsChanges (https://s2757502.elf.ict.griffith.edu.au:8443/ide.main.5b173b.js:38:360441)
    at https://s2757502.elf.ict.griffith.edu.au:8443/ide.main.5b173b.js:38:357365
    at Array.forEach (<anonymous>)
    at https://s2757502.elf.ict.griffith.edu.au:8443/ide.main.5b173b.js:38:357336
[2019-07-17 13:08:19.648] [renderer20190717030238896] [error] Data tree node not found: [object Object]: Error: Data tree node not found: [object Object]
    at n.e.getDataNode (https://s2757502.elf.ict.griffith.edu.au:8443/ide.main.5b173b.js:60:1615552)
    at n.e.updateWidth (https://s2757502.elf.ict.griffith.edu.au:8443/ide.main.5b173b.js:60:1612368)
    at e.updateWidth (https://s2757502.elf.ict.griffith.edu.au:8443/ide.main.5b173b.js:67:1330360)
    at https://s2757502.elf.ict.griffith.edu.au:8443/ide.main.5b173b.js:67:1341396
    at e.fire (https://s2757502.elf.ict.griffith.edu.au:8443/ide.main.5b173b.js:16:14094)
    at t.render (https://s2757502.elf.ict.griffith.edu.au:8443/ide.main.5b173b.js:38:363523)
    at t.notifyFileDecorationsChanges (https://s2757502.elf.ict.griffith.edu.au:8443/ide.main.5b173b.js:38:360441)
    at https://s2757502.elf.ict.griffith.edu.au:8443/ide.main.5b173b.js:38:357365
    at Array.forEach (<anonymous>)
    at https://s2757502.elf.ict.griffith.edu.au:8443/ide.main.5b173b.js:38:357336
[2019-07-17 13:08:29.650] [renderer20190717030238896] [error] Data tree node not found: [object Object]: Error: Data tree node not found: [object Object]
    at n.e.getDataNode (https://s2757502.elf.ict.griffith.edu.au:8443/ide.main.5b173b.js:60:1615552)
    at n.e.updateWidth (https://s2757502.elf.ict.griffith.edu.au:8443/ide.main.5b173b.js:60:1612368)
    at e.updateWidth (https://s2757502.elf.ict.griffith.edu.au:8443/ide.main.5b173b.js:67:1330360)
    at https://s2757502.elf.ict.griffith.edu.au:8443/ide.main.5b173b.js:67:1341396
    at e.fire (https://s2757502.elf.ict.griffith.edu.au:8443/ide.main.5b173b.js:16:14094)
    at t.render (https://s2757502.elf.ict.griffith.edu.au:8443/ide.main.5b173b.js:38:363523)
    at t.notifyFileDecorationsChanges (https://s2757502.elf.ict.griffith.edu.au:8443/ide.main.5b173b.js:38:360441)
    at https://s2757502.elf.ict.griffith.edu.au:8443/ide.main.5b173b.js:38:357365
    at Array.forEach (<anonymous>)
    at https://s2757502.elf.ict.griffith.edu.au:8443/ide.main.5b173b.js:38:357336
[2019-07-17 13:08:34.648] [renderer20190717030238896] [error] Data tree node not found: [object Object]: Error: Data tree node not found: [object Object]
    at n.e.getDataNode (https://s2757502.elf.ict.griffith.edu.au:8443/ide.main.5b173b.js:60:1615552)
    at n.e.updateWidth (https://s2757502.elf.ict.griffith.edu.au:8443/ide.main.5b173b.js:60:1612368)
    at e.updateWidth (https://s2757502.elf.ict.griffith.edu.au:8443/ide.main.5b173b.js:67:1330360)
    at https://s2757502.elf.ict.griffith.edu.au:8443/ide.main.5b173b.js:67:1341396
    at e.fire (https://s2757502.elf.ict.griffith.edu.au:8443/ide.main.5b173b.js:16:14094)
    at t.render (https://s2757502.elf.ict.griffith.edu.au:8443/ide.main.5b173b.js:38:363523)
    at t.notifyFileDecorationsChanges (https://s2757502.elf.ict.griffith.edu.au:8443/ide.main.5b173b.js:38:360441)
    at https://s2757502.elf.ict.griffith.edu.au:8443/ide.main.5b173b.js:38:357365
    at Array.forEach (<anonymous>)
    at https://s2757502.elf.ict.griffith.edu.au:8443/ide.main.5b173b.js:38:357336
[2019-07-17 13:08:45.653] [renderer20190717030238896] [error] Data tree node not found: [object Object]: Error: Data tree node not found: [object Object]
    at n.e.getDataNode (https://s2757502.elf.ict.griffith.edu.au:8443/ide.main.5b173b.js:60:1615552)
    at n.e.updateWidth (https://s2757502.elf.ict.griffith.edu.au:8443/ide.main.5b173b.js:60:1612368)
    at e.updateWidth (https://s2757502.elf.ict.griffith.edu.au:8443/ide.main.5b173b.js:67:1330360)
    at https://s2757502.elf.ict.griffith.edu.au:8443/ide.main.5b173b.js:67:1341396
    at e.fire (https://s2757502.elf.ict.griffith.edu.au:8443/ide.main.5b173b.js:16:14094)
    at t.render (https://s2757502.elf.ict.griffith.edu.au:8443/ide.main.5b173b.js:38:363523)
    at t.notifyFileDecorationsChanges (https://s2757502.elf.ict.griffith.edu.au:8443/ide.main.5b173b.js:38:360441)
    at https://s2757502.elf.ict.griffith.edu.au:8443/ide.main.5b173b.js:38:357365
    at Array.forEach (<anonymous>)
    at https://s2757502.elf.ict.griffith.edu.au:8443/ide.main.5b173b.js:38:357336
[2019-07-17 13:08:50.648] [renderer20190717030238896] [error] Data tree node not found: [object Object]: Error: Data tree node not found: [object Object]
    at n.e.getDataNode (https://s2757502.elf.ict.griffith.edu.au:8443/ide.main.5b173b.js:60:1615552)
    at n.e.updateWidth (https://s2757502.elf.ict.griffith.edu.au:8443/ide.main.5b173b.js:60:1612368)
    at e.updateWidth (https://s2757502.elf.ict.griffith.edu.au:8443/ide.main.5b173b.js:67:1330360)
    at https://s2757502.elf.ict.griffith.edu.au:8443/ide.main.5b173b.js:67:1341396
    at e.fire (https://s2757502.elf.ict.griffith.edu.au:8443/ide.main.5b173b.js:16:14094)
    at t.render (https://s2757502.elf.ict.griffith.edu.au:8443/ide.main.5b173b.js:38:363523)
    at t.notifyFileDecorationsChanges (https://s2757502.elf.ict.griffith.edu.au:8443/ide.main.5b173b.js:38:360441)
    at https://s2757502.elf.ict.griffith.edu.au:8443/ide.main.5b173b.js:38:357365
    at Array.forEach (<anonymous>)
    at https://s2757502.elf.ict.griffith.edu.au:8443/ide.main.5b173b.js:38:357336
[2019-07-17 13:09:00.658] [renderer20190717030238896] [error] Data tree node not found: [object Object]: Error: Data tree node not found: [object Object]
    at n.e.getDataNode (https://s2757502.elf.ict.griffith.edu.au:8443/ide.main.5b173b.js:60:1615552)
    at n.e.updateWidth (https://s2757502.elf.ict.griffith.edu.au:8443/ide.main.5b173b.js:60:1612368)
    at e.updateWidth (https://s2757502.elf.ict.griffith.edu.au:8443/ide.main.5b173b.js:67:1330360)
    at https://s2757502.elf.ict.griffith.edu.au:8443/ide.main.5b173b.js:67:1341396
    at e.fire (https://s2757502.elf.ict.griffith.edu.au:8443/ide.main.5b173b.js:16:14094)
    at t.render (https://s2757502.elf.ict.griffith.edu.au:8443/ide.main.5b173b.js:38:363523)
    at t.notifyFileDecorationsChanges (https://s2757502.elf.ict.griffith.edu.au:8443/ide.main.5b173b.js:38:360441)
    at https://s2757502.elf.ict.griffith.edu.au:8443/ide.main.5b173b.js:38:357365
    at Array.forEach (<anonymous>)
    at https://s2757502.elf.ict.griffith.edu.au:8443/ide.main.5b173b.js:38:357336
[2019-07-17 13:09:05.647] [renderer20190717030238896] [error] Data tree node not found: [object Object]: Error: Data tree node not found: [object Object]
    at n.e.getDataNode (https://s2757502.elf.ict.griffith.edu.au:8443/ide.main.5b173b.js:60:1615552)
    at n.e.updateWidth (https://s2757502.elf.ict.griffith.edu.au:8443/ide.main.5b173b.js:60:1612368)
    at e.updateWidth (https://s2757502.elf.ict.griffith.edu.au:8443/ide.main.5b173b.js:67:1330360)
    at https://s2757502.elf.ict.griffith.edu.au:8443/ide.main.5b173b.js:67:1341396
    at e.fire (https://s2757502.elf.ict.griffith.edu.au:8443/ide.main.5b173b.js:16:14094)
    at t.render (https://s2757502.elf.ict.griffith.edu.au:8443/ide.main.5b173b.js:38:363523)
    at t.notifyFileDecorationsChanges (https://s2757502.elf.ict.griffith.edu.au:8443/ide.main.5b173b.js:38:360441)
    at https://s2757502.elf.ict.griffith.edu.au:8443/ide.main.5b173b.js:38:357365
    at Array.forEach (<anonymous>)
    at https://s2757502.elf.ict.griffith.edu.au:8443/ide.main.5b173b.js:38:357336
[2019-07-17 13:09:10.264] [renderer20190717030238896] [error] Data tree node not found: [object Object]: Error: Data tree node not found: [object Object]
    at n.e.getDataNode (https://s2757502.elf.ict.griffith.edu.au:8443/ide.main.5b173b.js:60:1615552)
    at n.e.updateWidth (https://s2757502.elf.ict.griffith.edu.au:8443/ide.main.5b173b.js:60:1612368)
    at e.updateWidth (https://s2757502.elf.ict.griffith.edu.au:8443/ide.main.5b173b.js:67:1330360)
    at https://s2757502.elf.ict.griffith.edu.au:8443/ide.main.5b173b.js:67:1341396
    at e.fire (https://s2757502.elf.ict.griffith.edu.au:8443/ide.main.5b173b.js:16:14094)
    at t.render (https://s2757502.elf.ict.griffith.edu.au:8443/ide.main.5b173b.js:38:363523)
    at t.notifyFileDecorationsChanges (https://s2757502.elf.ict.griffith.edu.au:8443/ide.main.5b173b.js:38:360441)
    at https://s2757502.elf.ict.griffith.edu.au:8443/ide.main.5b173b.js:38:357365
    at Array.forEach (<anonymous>)
    at https://s2757502.elf.ict.griffith.edu.au:8443/ide.main.5b173b.js:38:357336
[2019-07-17 13:09:20.648] [renderer20190717030238896] [error] Data tree node not found: [object Object]: Error: Data tree node not found: [object Object]
    at n.e.getDataNode (https://s2757502.elf.ict.griffith.edu.au:8443/ide.main.5b173b.js:60:1615552)
    at n.e.updateWidth (https://s2757502.elf.ict.griffith.edu.au:8443/ide.main.5b173b.js:60:1612368)
    at e.updateWidth (https://s2757502.elf.ict.griffith.edu.au:8443/ide.main.5b173b.js:67:1330360)
    at https://s2757502.elf.ict.griffith.edu.au:8443/ide.main.5b173b.js:67:1341396
    at e.fire (https://s2757502.elf.ict.griffith.edu.au:8443/ide.main.5b173b.js:16:14094)
    at t.render (https://s2757502.elf.ict.griffith.edu.au:8443/ide.main.5b173b.js:38:363523)
    at t.notifyFileDecorationsChanges (https://s2757502.elf.ict.griffith.edu.au:8443/ide.main.5b173b.js:38:360441)
    at https://s2757502.elf.ict.griffith.edu.au:8443/ide.main.5b173b.js:38:357365
    at Array.forEach (<anonymous>)
    at https://s2757502.elf.ict.griffith.edu.au:8443/ide.main.5b173b.js:38:357336
[2019-07-17 13:09:25.655] [renderer20190717030238896] [error] Data tree node not found: [object Object]: Error: Data tree node not found: [object Object]
    at n.e.getDataNode (https://s2757502.elf.ict.griffith.edu.au:8443/ide.main.5b173b.js:60:1615552)
    at n.e.updateWidth (https://s2757502.elf.ict.griffith.edu.au:8443/ide.main.5b173b.js:60:1612368)
    at e.updateWidth (https://s2757502.elf.ict.griffith.edu.au:8443/ide.main.5b173b.js:67:1330360)
    at https://s2757502.elf.ict.griffith.edu.au:8443/ide.main.5b173b.js:67:1341396
    at e.fire (https://s2757502.elf.ict.griffith.edu.au:8443/ide.main.5b173b.js:16:14094)
    at t.render (https://s2757502.elf.ict.griffith.edu.au:8443/ide.main.5b173b.js:38:363523)
    at t.notifyFileDecorationsChanges (https://s2757502.elf.ict.griffith.edu.au:8443/ide.main.5b173b.js:38:360441)
    at https://s2757502.elf.ict.griffith.edu.au:8443/ide.main.5b173b.js:38:357365
    at Array.forEach (<anonymous>)
    at https://s2757502.elf.ict.griffith.edu.au:8443/ide.main.5b173b.js:38:357336
[2019-07-17 13:09:35.647] [renderer20190717030238896] [error] Data tree node not found: [object Object]: Error: Data tree node not found: [object Object]
    at n.e.getDataNode (https://s2757502.elf.ict.griffith.edu.au:8443/ide.main.5b173b.js:60:1615552)
    at n.e.updateWidth (https://s2757502.elf.ict.griffith.edu.au:8443/ide.main.5b173b.js:60:1612368)
    at e.updateWidth (https://s2757502.elf.ict.griffith.edu.au:8443/ide.main.5b173b.js:67:1330360)
    at https://s2757502.elf.ict.griffith.edu.au:8443/ide.main.5b173b.js:67:1341396
    at e.fire (https://s2757502.elf.ict.griffith.edu.au:8443/ide.main.5b173b.js:16:14094)
    at t.render (https://s2757502.elf.ict.griffith.edu.au:8443/ide.main.5b173b.js:38:363523)
    at t.notifyFileDecorationsChanges (https://s2757502.elf.ict.griffith.edu.au:8443/ide.main.5b173b.js:38:360441)
    at https://s2757502.elf.ict.griffith.edu.au:8443/ide.main.5b173b.js:38:357365
    at Array.forEach (<anonymous>)
    at https://s2757502.elf.ict.griffith.edu.au:8443/ide.main.5b173b.js:38:357336
[2019-07-17 13:09:40.648] [renderer20190717030238896] [error] Data tree node not found: [object Object]: Error: Data tree node not found: [object Object]
    at n.e.getDataNode (https://s2757502.elf.ict.griffith.edu.au:8443/ide.main.5b173b.js:60:1615552)
    at n.e.updateWidth (https://s2757502.elf.ict.griffith.edu.au:8443/ide.main.5b173b.js:60:1612368)
    at e.updateWidth (https://s2757502.elf.ict.griffith.edu.au:8443/ide.main.5b173b.js:67:1330360)
    at https://s2757502.elf.ict.griffith.edu.au:8443/ide.main.5b173b.js:67:1341396
    at e.fire (https://s2757502.elf.ict.griffith.edu.au:8443/ide.main.5b173b.js:16:14094)
    at t.render (https://s2757502.elf.ict.griffith.edu.au:8443/ide.main.5b173b.js:38:363523)
    at t.notifyFileDecorationsChanges (https://s2757502.elf.ict.griffith.edu.au:8443/ide.main.5b173b.js:38:360441)
    at https://s2757502.elf.ict.griffith.edu.au:8443/ide.main.5b173b.js:38:357365
    at Array.forEach (<anonymous>)
    at https://s2757502.elf.ict.griffith.edu.au:8443/ide.main.5b173b.js:38:357336
[2019-07-17 13:09:51.649] [renderer20190717030238896] [error] Data tree node not found: [object Object]: Error: Data tree node not found: [object Object]
    at n.e.getDataNode (https://s2757502.elf.ict.griffith.edu.au:8443/ide.main.5b173b.js:60:1615552)
    at n.e.updateWidth (https://s2757502.elf.ict.griffith.edu.au:8443/ide.main.5b173b.js:60:1612368)
    at e.updateWidth (https://s2757502.elf.ict.griffith.edu.au:8443/ide.main.5b173b.js:67:1330360)
    at https://s2757502.elf.ict.griffith.edu.au:8443/ide.main.5b173b.js:67:1341396
    at e.fire (https://s2757502.elf.ict.griffith.edu.au:8443/ide.main.5b173b.js:16:14094)
    at t.render (https://s2757502.elf.ict.griffith.edu.au:8443/ide.main.5b173b.js:38:363523)
    at t.notifyFileDecorationsChanges (https://s2757502.elf.ict.griffith.edu.au:8443/ide.main.5b173b.js:38:360441)
    at https://s2757502.elf.ict.griffith.edu.au:8443/ide.main.5b173b.js:38:357365
    at Array.forEach (<anonymous>)
    at https://s2757502.elf.ict.griffith.edu.au:8443/ide.main.5b173b.js:38:357336
[2019-07-17 13:09:56.649] [renderer20190717030238896] [error] Data tree node not found: [object Object]: Error: Data tree node not found: [object Object]
    at n.e.getDataNode (https://s2757502.elf.ict.griffith.edu.au:8443/ide.main.5b173b.js:60:1615552)
    at n.e.updateWidth (https://s2757502.elf.ict.griffith.edu.au:8443/ide.main.5b173b.js:60:1612368)
    at e.updateWidth (https://s2757502.elf.ict.griffith.edu.au:8443/ide.main.5b173b.js:67:1330360)
    at https://s2757502.elf.ict.griffith.edu.au:8443/ide.main.5b173b.js:67:1341396
    at e.fire (https://s2757502.elf.ict.griffith.edu.au:8443/ide.main.5b173b.js:16:14094)
    at t.render (https://s2757502.elf.ict.griffith.edu.au:8443/ide.main.5b173b.js:38:363523)
    at t.notifyFileDecorationsChanges (https://s2757502.elf.ict.griffith.edu.au:8443/ide.main.5b173b.js:38:360441)
    at https://s2757502.elf.ict.griffith.edu.au:8443/ide.main.5b173b.js:38:357365
    at Array.forEach (<anonymous>)
    at https://s2757502.elf.ict.griffith.edu.au:8443/ide.main.5b173b.js:38:357336
[2019-07-17 13:10:06.647] [renderer20190717030238896] [error] Data tree node not found: [object Object]: Error: Data tree node not found: [object Object]
    at n.e.getDataNode (https://s2757502.elf.ict.griffith.edu.au:8443/ide.main.5b173b.js:60:1615552)
    at n.e.updateWidth (https://s2757502.elf.ict.griffith.edu.au:8443/ide.main.5b173b.js:60:1612368)
    at e.updateWidth (https://s2757502.elf.ict.griffith.edu.au:8443/ide.main.5b173b.js:67:1330360)
    at https://s2757502.elf.ict.griffith.edu.au:8443/ide.main.5b173b.js:67:1341396
    at e.fire (https://s2757502.elf.ict.griffith.edu.au:8443/ide.main.5b173b.js:16:14094)
    at t.render (https://s2757502.elf.ict.griffith.edu.au:8443/ide.main.5b173b.js:38:363523)
    at t.notifyFileDecorationsChanges (https://s2757502.elf.ict.griffith.edu.au:8443/ide.main.5b173b.js:38:360441)
    at https://s2757502.elf.ict.griffith.edu.au:8443/ide.main.5b173b.js:38:357365
    at Array.forEach (<anonymous>)
    at https://s2757502.elf.ict.griffith.edu.au:8443/ide.main.5b173b.js:38:357336
[2019-07-17 13:10:11.655] [renderer20190717030238896] [error] Data tree node not found: [object Object]: Error: Data tree node not found: [object Object]
    at n.e.getDataNode (https://s2757502.elf.ict.griffith.edu.au:8443/ide.main.5b173b.js:60:1615552)
    at n.e.updateWidth (https://s2757502.elf.ict.griffith.edu.au:8443/ide.main.5b173b.js:60:1612368)
    at e.updateWidth (https://s2757502.elf.ict.griffith.edu.au:8443/ide.main.5b173b.js:67:1330360)
    at https://s2757502.elf.ict.griffith.edu.au:8443/ide.main.5b173b.js:67:1341396
    at e.fire (https://s2757502.elf.ict.griffith.edu.au:8443/ide.main.5b173b.js:16:14094)
    at t.render (https://s2757502.elf.ict.griffith.edu.au:8443/ide.main.5b173b.js:38:363523)
    at t.notifyFileDecorationsChanges (https://s2757502.elf.ict.griffith.edu.au:8443/ide.main.5b173b.js:38:360441)
    at https://s2757502.elf.ict.griffith.edu.au:8443/ide.main.5b173b.js:38:357365
    at Array.forEach (<anonymous>)
    at https://s2757502.elf.ict.griffith.edu.au:8443/ide.main.5b173b.js:38:357336
[2019-07-17 13:10:21.648] [renderer20190717030238896] [error] Data tree node not found: [object Object]: Error: Data tree node not found: [object Object]
    at n.e.getDataNode (https://s2757502.elf.ict.griffith.edu.au:8443/ide.main.5b173b.js:60:1615552)
    at n.e.updateWidth (https://s2757502.elf.ict.griffith.edu.au:8443/ide.main.5b173b.js:60:1612368)
    at e.updateWidth (https://s2757502.elf.ict.griffith.edu.au:8443/ide.main.5b173b.js:67:1330360)
    at https://s2757502.elf.ict.griffith.edu.au:8443/ide.main.5b173b.js:67:1341396
    at e.fire (https://s2757502.elf.ict.griffith.edu.au:8443/ide.main.5b173b.js:16:14094)
    at t.render (https://s2757502.elf.ict.griffith.edu.au:8443/ide.main.5b173b.js:38:363523)
    at t.notifyFileDecorationsChanges (https://s2757502.elf.ict.griffith.edu.au:8443/ide.main.5b173b.js:38:360441)
    at https://s2757502.elf.ict.griffith.edu.au:8443/ide.main.5b173b.js:38:357365
    at Array.forEach (<anonymous>)
    at https://s2757502.elf.ict.griffith.edu.au:8443/ide.main.5b173b.js:38:357336
[2019-07-17 13:10:26.648] [renderer20190717030238896] [error] Data tree node not found: [object Object]: Error: Data tree node not found: [object Object]
    at n.e.getDataNode (https://s2757502.elf.ict.griffith.edu.au:8443/ide.main.5b173b.js:60:1615552)
    at n.e.updateWidth (https://s2757502.elf.ict.griffith.edu.au:8443/ide.main.5b173b.js:60:1612368)
    at e.updateWidth (https://s2757502.elf.ict.griffith.edu.au:8443/ide.main.5b173b.js:67:1330360)
    at https://s2757502.elf.ict.griffith.edu.au:8443/ide.main.5b173b.js:67:1341396
    at e.fire (https://s2757502.elf.ict.griffith.edu.au:8443/ide.main.5b173b.js:16:14094)
    at t.render (https://s2757502.elf.ict.griffith.edu.au:8443/ide.main.5b173b.js:38:363523)
    at t.notifyFileDecorationsChanges (https://s2757502.elf.ict.griffith.edu.au:8443/ide.main.5b173b.js:38:360441)
    at https://s2757502.elf.ict.griffith.edu.au:8443/ide.main.5b173b.js:38:357365
    at Array.forEach (<anonymous>)
    at https://s2757502.elf.ict.griffith.edu.au:8443/ide.main.5b173b.js:38:357336
[2019-07-17 13:10:31.648] [renderer20190717030238896] [error] Data tree node not found: [object Object]: Error: Data tree node not found: [object Object]
    at n.e.getDataNode (https://s2757502.elf.ict.griffith.edu.au:8443/ide.main.5b173b.js:60:1615552)
    at n.e.updateWidth (https://s2757502.elf.ict.griffith.edu.au:8443/ide.main.5b173b.js:60:1612368)
    at e.updateWidth (https://s2757502.elf.ict.griffith.edu.au:8443/ide.main.5b173b.js:67:1330360)
    at https://s2757502.elf.ict.griffith.edu.au:8443/ide.main.5b173b.js:67:1341396
    at e.fire (https://s2757502.elf.ict.griffith.edu.au:8443/ide.main.5b173b.js:16:14094)
    at t.render (https://s2757502.elf.ict.griffith.edu.au:8443/ide.main.5b173b.js:38:363523)
    at t.notifyFileDecorationsChanges (https://s2757502.elf.ict.griffith.edu.au:8443/ide.main.5b173b.js:38:360441)
    at https://s2757502.elf.ict.griffith.edu.au:8443/ide.main.5b173b.js:38:357365
    at Array.forEach (<anonymous>)
    at https://s2757502.elf.ict.griffith.edu.au:8443/ide.main.5b173b.js:38:357336
[2019-07-17 13:10:37.223] [renderer20190717030238896] [error] Data tree node not found: [object Object]: Error: Data tree node not found: [object Object]
    at n.e.getDataNode (https://s2757502.elf.ict.griffith.edu.au:8443/ide.main.5b173b.js:60:1615552)
    at n.e.updateWidth (https://s2757502.elf.ict.griffith.edu.au:8443/ide.main.5b173b.js:60:1612368)
    at e.updateWidth (https://s2757502.elf.ict.griffith.edu.au:8443/ide.main.5b173b.js:67:1330360)
    at https://s2757502.elf.ict.griffith.edu.au:8443/ide.main.5b173b.js:67:1341396
    at e.fire (https://s2757502.elf.ict.griffith.edu.au:8443/ide.main.5b173b.js:16:14094)
    at t.render (https://s2757502.elf.ict.griffith.edu.au:8443/ide.main.5b173b.js:38:363523)
    at t.notifyFileDecorationsChanges (https://s2757502.elf.ict.griffith.edu.au:8443/ide.main.5b173b.js:38:360441)
    at https://s2757502.elf.ict.griffith.edu.au:8443/ide.main.5b173b.js:38:357365
    at Array.forEach (<anonymous>)
    at https://s2757502.elf.ict.griffith.edu.au:8443/ide.main.5b173b.js:38:357336
[2019-07-17 13:10:52.651] [renderer20190717030238896] [error] Data tree node not found: [object Object]: Error: Data tree node not found: [object Object]
    at n.e.getDataNode (https://s2757502.elf.ict.griffith.edu.au:8443/ide.main.5b173b.js:60:1615552)
    at n.e.updateWidth (https://s2757502.elf.ict.griffith.edu.au:8443/ide.main.5b173b.js:60:1612368)
    at e.updateWidth (https://s2757502.elf.ict.griffith.edu.au:8443/ide.main.5b173b.js:67:1330360)
    at https://s2757502.elf.ict.griffith.edu.au:8443/ide.main.5b173b.js:67:1341396
    at e.fire (https://s2757502.elf.ict.griffith.edu.au:8443/ide.main.5b173b.js:16:14094)
    at t.render (https://s2757502.elf.ict.griffith.edu.au:8443/ide.main.5b173b.js:38:363523)
    at t.notifyFileDecorationsChanges (https://s2757502.elf.ict.griffith.edu.au:8443/ide.main.5b173b.js:38:360441)
    at https://s2757502.elf.ict.griffith.edu.au:8443/ide.main.5b173b.js:38:357365
    at Array.forEach (<anonymous>)
    at https://s2757502.elf.ict.griffith.edu.au:8443/ide.main.5b173b.js:38:357336
[2019-07-17 13:11:07.652] [renderer20190717030238896] [error] Data tree node not found: [object Object]: Error: Data tree node not found: [object Object]
    at n.e.getDataNode (https://s2757502.elf.ict.griffith.edu.au:8443/ide.main.5b173b.js:60:1615552)
    at n.e.updateWidth (https://s2757502.elf.ict.griffith.edu.au:8443/ide.main.5b173b.js:60:1612368)
    at e.updateWidth (https://s2757502.elf.ict.griffith.edu.au:8443/ide.main.5b173b.js:67:1330360)
    at https://s2757502.elf.ict.griffith.edu.au:8443/ide.main.5b173b.js:67:1341396
    at e.fire (https://s2757502.elf.ict.griffith.edu.au:8443/ide.main.5b173b.js:16:14094)
    at t.render (https://s2757502.elf.ict.griffith.edu.au:8443/ide.main.5b173b.js:38:363523)
    at t.notifyFileDecorationsChanges (https://s2757502.elf.ict.griffith.edu.au:8443/ide.main.5b173b.js:38:360441)
    at https://s2757502.elf.ict.griffith.edu.au:8443/ide.main.5b173b.js:38:357365
    at Array.forEach (<anonymous>)
    at https://s2757502.elf.ict.griffith.edu.au:8443/ide.main.5b173b.js:38:357336
[2019-07-17 13:11:12.648] [renderer20190717030238896] [error] Data tree node not found: [object Object]: Error: Data tree node not found: [object Object]
    at n.e.getDataNode (https://s2757502.elf.ict.griffith.edu.au:8443/ide.main.5b173b.js:60:1615552)
    at n.e.updateWidth (https://s2757502.elf.ict.griffith.edu.au:8443/ide.main.5b173b.js:60:1612368)
    at e.updateWidth (https://s2757502.elf.ict.griffith.edu.au:8443/ide.main.5b173b.js:67:1330360)
    at https://s2757502.elf.ict.griffith.edu.au:8443/ide.main.5b173b.js:67:1341396
    at e.fire (https://s2757502.elf.ict.griffith.edu.au:8443/ide.main.5b173b.js:16:14094)
    at t.render (https://s2757502.elf.ict.griffith.edu.au:8443/ide.main.5b173b.js:38:363523)
    at t.notifyFileDecorationsChanges (https://s2757502.elf.ict.griffith.edu.au:8443/ide.main.5b173b.js:38:360441)
    at https://s2757502.elf.ict.griffith.edu.au:8443/ide.main.5b173b.js:38:357365
    at Array.forEach (<anonymous>)
    at https://s2757502.elf.ict.griffith.edu.au:8443/ide.main.5b173b.js:38:357336
[2019-07-17 13:11:17.649] [renderer20190717030238896] [error] Data tree node not found: [object Object]: Error: Data tree node not found: [object Object]
    at n.e.getDataNode (https://s2757502.elf.ict.griffith.edu.au:8443/ide.main.5b173b.js:60:1615552)
    at n.e.updateWidth (https://s2757502.elf.ict.griffith.edu.au:8443/ide.main.5b173b.js:60:1612368)
    at e.updateWidth (https://s2757502.elf.ict.griffith.edu.au:8443/ide.main.5b173b.js:67:1330360)
    at https://s2757502.elf.ict.griffith.edu.au:8443/ide.main.5b173b.js:67:1341396
    at e.fire (https://s2757502.elf.ict.griffith.edu.au:8443/ide.main.5b173b.js:16:14094)
    at t.render (https://s2757502.elf.ict.griffith.edu.au:8443/ide.main.5b173b.js:38:363523)
    at t.notifyFileDecorationsChanges (https://s2757502.elf.ict.griffith.edu.au:8443/ide.main.5b173b.js:38:360441)
    at https://s2757502.elf.ict.griffith.edu.au:8443/ide.main.5b173b.js:38:357365
    at Array.forEach (<anonymous>)
    at https://s2757502.elf.ict.griffith.edu.au:8443/ide.main.5b173b.js:38:357336
[2019-07-17 13:11:27.650] [renderer20190717030238896] [error] Data tree node not found: [object Object]: Error: Data tree node not found: [object Object]
    at n.e.getDataNode (https://s2757502.elf.ict.griffith.edu.au:8443/ide.main.5b173b.js:60:1615552)
    at n.e.updateWidth (https://s2757502.elf.ict.griffith.edu.au:8443/ide.main.5b173b.js:60:1612368)
    at e.updateWidth (https://s2757502.elf.ict.griffith.edu.au:8443/ide.main.5b173b.js:67:1330360)
    at https://s2757502.elf.ict.griffith.edu.au:8443/ide.main.5b173b.js:67:1341396
    at e.fire (https://s2757502.elf.ict.griffith.edu.au:8443/ide.main.5b173b.js:16:14094)
    at t.render (https://s2757502.elf.ict.griffith.edu.au:8443/ide.main.5b173b.js:38:363523)
    at t.notifyFileDecorationsChanges (https://s2757502.elf.ict.griffith.edu.au:8443/ide.main.5b173b.js:38:360441)
    at https://s2757502.elf.ict.griffith.edu.au:8443/ide.main.5b173b.js:38:357365
    at Array.forEach (<anonymous>)
    at https://s2757502.elf.ict.griffith.edu.au:8443/ide.main.5b173b.js:38:357336
[2019-07-17 13:14:41.656] [renderer20190717030238896] [error] Data tree node not found: [object Object]: Error: Data tree node not found: [object Object]
    at n.e.getDataNode (https://s2757502.elf.ict.griffith.edu.au:8443/ide.main.5b173b.js:60:1615552)
    at n.e.updateWidth (https://s2757502.elf.ict.griffith.edu.au:8443/ide.main.5b173b.js:60:1612368)
    at e.updateWidth (https://s2757502.elf.ict.griffith.edu.au:8443/ide.main.5b173b.js:67:1330360)
    at https://s2757502.elf.ict.griffith.edu.au:8443/ide.main.5b173b.js:67:1341396
    at e.fire (https://s2757502.elf.ict.griffith.edu.au:8443/ide.main.5b173b.js:16:14094)
    at t.render (https://s2757502.elf.ict.griffith.edu.au:8443/ide.main.5b173b.js:38:363523)
    at t.notifyFileDecorationsChanges (https://s2757502.elf.ict.griffith.edu.au:8443/ide.main.5b173b.js:38:360441)
    at https://s2757502.elf.ict.griffith.edu.au:8443/ide.main.5b173b.js:38:357365
    at Array.forEach (<anonymous>)
    at https://s2757502.elf.ict.griffith.edu.au:8443/ide.main.5b173b.js:38:357336
[2019-07-17 13:14:51.651] [renderer20190717030238896] [error] Data tree node not found: [object Object]: Error: Data tree node not found: [object Object]
    at n.e.getDataNode (https://s2757502.elf.ict.griffith.edu.au:8443/ide.main.5b173b.js:60:1615552)
    at n.e.updateWidth (https://s2757502.elf.ict.griffith.edu.au:8443/ide.main.5b173b.js:60:1612368)
    at e.updateWidth (https://s2757502.elf.ict.griffith.edu.au:8443/ide.main.5b173b.js:67:1330360)
    at https://s2757502.elf.ict.griffith.edu.au:8443/ide.main.5b173b.js:67:1341396
    at e.fire (https://s2757502.elf.ict.griffith.edu.au:8443/ide.main.5b173b.js:16:14094)
    at t.render (https://s2757502.elf.ict.griffith.edu.au:8443/ide.main.5b173b.js:38:363523)
    at t.notifyFileDecorationsChanges (https://s2757502.elf.ict.griffith.edu.au:8443/ide.main.5b173b.js:38:360441)
    at https://s2757502.elf.ict.griffith.edu.au:8443/ide.main.5b173b.js:38:357365
    at Array.forEach (<anonymous>)
    at https://s2757502.elf.ict.griffith.edu.au:8443/ide.main.5b173b.js:38:357336
[2019-07-17 13:14:56.656] [renderer20190717030238896] [error] Data tree node not found: [object Object]: Error: Data tree node not found: [object Object]
    at n.e.getDataNode (https://s2757502.elf.ict.griffith.edu.au:8443/ide.main.5b173b.js:60:1615552)
    at n.e.updateWidth (https://s2757502.elf.ict.griffith.edu.au:8443/ide.main.5b173b.js:60:1612368)
    at e.updateWidth (https://s2757502.elf.ict.griffith.edu.au:8443/ide.main.5b173b.js:67:1330360)
    at https://s2757502.elf.ict.griffith.edu.au:8443/ide.main.5b173b.js:67:1341396
    at e.fire (https://s2757502.elf.ict.griffith.edu.au:8443/ide.main.5b173b.js:16:14094)
    at t.render (https://s2757502.elf.ict.griffith.edu.au:8443/ide.main.5b173b.js:38:363523)
    at t.notifyFileDecorationsChanges (https://s2757502.elf.ict.griffith.edu.au:8443/ide.main.5b173b.js:38:360441)
    at https://s2757502.elf.ict.griffith.edu.au:8443/ide.main.5b173b.js:38:357365
    at Array.forEach (<anonymous>)
    at https://s2757502.elf.ict.griffith.edu.au:8443/ide.main.5b173b.js:38:357336
[2019-07-17 13:15:01.653] [renderer20190717030238896] [error] Data tree node not found: [object Object]: Error: Data tree node not found: [object Object]
    at n.e.getDataNode (https://s2757502.elf.ict.griffith.edu.au:8443/ide.main.5b173b.js:60:1615552)
    at n.e.updateWidth (https://s2757502.elf.ict.griffith.edu.au:8443/ide.main.5b173b.js:60:1612368)
    at e.updateWidth (https://s2757502.elf.ict.griffith.edu.au:8443/ide.main.5b173b.js:67:1330360)
    at https://s2757502.elf.ict.griffith.edu.au:8443/ide.main.5b173b.js:67:1341396
    at e.fire (https://s2757502.elf.ict.griffith.edu.au:8443/ide.main.5b173b.js:16:14094)
    at t.render (https://s2757502.elf.ict.griffith.edu.au:8443/ide.main.5b173b.js:38:363523)
    at t.notifyFileDecorationsChanges (https://s2757502.elf.ict.griffith.edu.au:8443/ide.main.5b173b.js:38:360441)
    at https://s2757502.elf.ict.griffith.edu.au:8443/ide.main.5b173b.js:38:357365
    at Array.forEach (<anonymous>)
    at https://s2757502.elf.ict.griffith.edu.au:8443/ide.main.5b173b.js:38:357336
[2019-07-17 13:15:06.654] [renderer20190717030238896] [error] Data tree node not found: [object Object]: Error: Data tree node not found: [object Object]
    at n.e.getDataNode (https://s2757502.elf.ict.griffith.edu.au:8443/ide.main.5b173b.js:60:1615552)
    at n.e.updateWidth (https://s2757502.elf.ict.griffith.edu.au:8443/ide.main.5b173b.js:60:1612368)
    at e.updateWidth (https://s2757502.elf.ict.griffith.edu.au:8443/ide.main.5b173b.js:67:1330360)
    at https://s2757502.elf.ict.griffith.edu.au:8443/ide.main.5b173b.js:67:1341396
    at e.fire (https://s2757502.elf.ict.griffith.edu.au:8443/ide.main.5b173b.js:16:14094)
    at t.render (https://s2757502.elf.ict.griffith.edu.au:8443/ide.main.5b173b.js:38:363523)
    at t.notifyFileDecorationsChanges (https://s2757502.elf.ict.griffith.edu.au:8443/ide.main.5b173b.js:38:360441)
    at https://s2757502.elf.ict.griffith.edu.au:8443/ide.main.5b173b.js:38:357365
    at Array.forEach (<anonymous>)
    at https://s2757502.elf.ict.griffith.edu.au:8443/ide.main.5b173b.js:38:357336
[2019-07-17 13:15:11.651] [renderer20190717030238896] [error] Data tree node not found: [object Object]: Error: Data tree node not found: [object Object]
    at n.e.getDataNode (https://s2757502.elf.ict.griffith.edu.au:8443/ide.main.5b173b.js:60:1615552)
    at n.e.updateWidth (https://s2757502.elf.ict.griffith.edu.au:8443/ide.main.5b173b.js:60:1612368)
    at e.updateWidth (https://s2757502.elf.ict.griffith.edu.au:8443/ide.main.5b173b.js:67:1330360)
    at https://s2757502.elf.ict.griffith.edu.au:8443/ide.main.5b173b.js:67:1341396
    at e.fire (https://s2757502.elf.ict.griffith.edu.au:8443/ide.main.5b173b.js:16:14094)
    at t.render (https://s2757502.elf.ict.griffith.edu.au:8443/ide.main.5b173b.js:38:363523)
    at t.notifyFileDecorationsChanges (https://s2757502.elf.ict.griffith.edu.au:8443/ide.main.5b173b.js:38:360441)
    at https://s2757502.elf.ict.griffith.edu.au:8443/ide.main.5b173b.js:38:357365
    at Array.forEach (<anonymous>)
    at https://s2757502.elf.ict.griffith.edu.au:8443/ide.main.5b173b.js:38:357336
[2019-07-17 13:15:22.650] [renderer20190717030238896] [error] Data tree node not found: [object Object]: Error: Data tree node not found: [object Object]
    at n.e.getDataNode (https://s2757502.elf.ict.griffith.edu.au:8443/ide.main.5b173b.js:60:1615552)
    at n.e.updateWidth (https://s2757502.elf.ict.griffith.edu.au:8443/ide.main.5b173b.js:60:1612368)
    at e.updateWidth (https://s2757502.elf.ict.griffith.edu.au:8443/ide.main.5b173b.js:67:1330360)
    at https://s2757502.elf.ict.griffith.edu.au:8443/ide.main.5b173b.js:67:1341396
    at e.fire (https://s2757502.elf.ict.griffith.edu.au:8443/ide.main.5b173b.js:16:14094)
    at t.render (https://s2757502.elf.ict.griffith.edu.au:8443/ide.main.5b173b.js:38:363523)
    at t.notifyFileDecorationsChanges (https://s2757502.elf.ict.griffith.edu.au:8443/ide.main.5b173b.js:38:360441)
    at https://s2757502.elf.ict.griffith.edu.au:8443/ide.main.5b173b.js:38:357365
    at Array.forEach (<anonymous>)
    at https://s2757502.elf.ict.griffith.edu.au:8443/ide.main.5b173b.js:38:357336
[2019-07-17 13:15:27.657] [renderer20190717030238896] [error] Data tree node not found: [object Object]: Error: Data tree node not found: [object Object]
    at n.e.getDataNode (https://s2757502.elf.ict.griffith.edu.au:8443/ide.main.5b173b.js:60:1615552)
    at n.e.updateWidth (https://s2757502.elf.ict.griffith.edu.au:8443/ide.main.5b173b.js:60:1612368)
    at e.updateWidth (https://s2757502.elf.ict.griffith.edu.au:8443/ide.main.5b173b.js:67:1330360)
    at https://s2757502.elf.ict.griffith.edu.au:8443/ide.main.5b173b.js:67:1341396
    at e.fire (https://s2757502.elf.ict.griffith.edu.au:8443/ide.main.5b173b.js:16:14094)
    at t.render (https://s2757502.elf.ict.griffith.edu.au:8443/ide.main.5b173b.js:38:363523)
    at t.notifyFileDecorationsChanges (https://s2757502.elf.ict.griffith.edu.au:8443/ide.main.5b173b.js:38:360441)
    at https://s2757502.elf.ict.griffith.edu.au:8443/ide.main.5b173b.js:38:357365
    at Array.forEach (<anonymous>)
    at https://s2757502.elf.ict.griffith.edu.au:8443/ide.main.5b173b.js:38:357336
[2019-07-17 13:15:32.651] [renderer20190717030238896] [error] Data tree node not found: [object Object]: Error: Data tree node not found: [object Object]
    at n.e.getDataNode (https://s2757502.elf.ict.griffith.edu.au:8443/ide.main.5b173b.js:60:1615552)
    at n.e.updateWidth (https://s2757502.elf.ict.griffith.edu.au:8443/ide.main.5b173b.js:60:1612368)
    at e.updateWidth (https://s2757502.elf.ict.griffith.edu.au:8443/ide.main.5b173b.js:67:1330360)
    at https://s2757502.elf.ict.griffith.edu.au:8443/ide.main.5b173b.js:67:1341396
    at e.fire (https://s2757502.elf.ict.griffith.edu.au:8443/ide.main.5b173b.js:16:14094)
    at t.render (https://s2757502.elf.ict.griffith.edu.au:8443/ide.main.5b173b.js:38:363523)
    at t.notifyFileDecorationsChanges (https://s2757502.elf.ict.griffith.edu.au:8443/ide.main.5b173b.js:38:360441)
    at https://s2757502.elf.ict.griffith.edu.au:8443/ide.main.5b173b.js:38:357365
    at Array.forEach (<anonymous>)
    at https://s2757502.elf.ict.griffith.edu.au:8443/ide.main.5b173b.js:38:357336
[2019-07-17 13:15:37.655] [renderer20190717030238896] [error] Data tree node not found: [object Object]: Error: Data tree node not found: [object Object]
    at n.e.getDataNode (https://s2757502.elf.ict.griffith.edu.au:8443/ide.main.5b173b.js:60:1615552)
    at n.e.updateWidth (https://s2757502.elf.ict.griffith.edu.au:8443/ide.main.5b173b.js:60:1612368)
    at e.updateWidth (https://s2757502.elf.ict.griffith.edu.au:8443/ide.main.5b173b.js:67:1330360)
    at https://s2757502.elf.ict.griffith.edu.au:8443/ide.main.5b173b.js:67:1341396
    at e.fire (https://s2757502.elf.ict.griffith.edu.au:8443/ide.main.5b173b.js:16:14094)
    at t.render (https://s2757502.elf.ict.griffith.edu.au:8443/ide.main.5b173b.js:38:363523)
    at t.notifyFileDecorationsChanges (https://s2757502.elf.ict.griffith.edu.au:8443/ide.main.5b173b.js:38:360441)
    at https://s2757502.elf.ict.griffith.edu.au:8443/ide.main.5b173b.js:38:357365
    at Array.forEach (<anonymous>)
    at https://s2757502.elf.ict.griffith.edu.au:8443/ide.main.5b173b.js:38:357336
[2019-07-17 13:15:42.651] [renderer20190717030238896] [error] Data tree node not found: [object Object]: Error: Data tree node not found: [object Object]
    at n.e.getDataNode (https://s2757502.elf.ict.griffith.edu.au:8443/ide.main.5b173b.js:60:1615552)
    at n.e.updateWidth (https://s2757502.elf.ict.griffith.edu.au:8443/ide.main.5b173b.js:60:1612368)
    at e.updateWidth (https://s2757502.elf.ict.griffith.edu.au:8443/ide.main.5b173b.js:67:1330360)
    at https://s2757502.elf.ict.griffith.edu.au:8443/ide.main.5b173b.js:67:1341396
    at e.fire (https://s2757502.elf.ict.griffith.edu.au:8443/ide.main.5b173b.js:16:14094)
    at t.render (https://s2757502.elf.ict.griffith.edu.au:8443/ide.main.5b173b.js:38:363523)
    at t.notifyFileDecorationsChanges (https://s2757502.elf.ict.griffith.edu.au:8443/ide.main.5b173b.js:38:360441)
    at https://s2757502.elf.ict.griffith.edu.au:8443/ide.main.5b173b.js:38:357365
    at Array.forEach (<anonymous>)
    at https://s2757502.elf.ict.griffith.edu.au:8443/ide.main.5b173b.js:38:357336
[2019-07-17 13:15:52.651] [renderer20190717030238896] [error] Data tree node not found: [object Object]: Error: Data tree node not found: [object Object]
    at n.e.getDataNode (https://s2757502.elf.ict.griffith.edu.au:8443/ide.main.5b173b.js:60:1615552)
    at n.e.updateWidth (https://s2757502.elf.ict.griffith.edu.au:8443/ide.main.5b173b.js:60:1612368)
    at e.updateWidth (https://s2757502.elf.ict.griffith.edu.au:8443/ide.main.5b173b.js:67:1330360)
    at https://s2757502.elf.ict.griffith.edu.au:8443/ide.main.5b173b.js:67:1341396
    at e.fire (https://s2757502.elf.ict.griffith.edu.au:8443/ide.main.5b173b.js:16:14094)
    at t.render (https://s2757502.elf.ict.griffith.edu.au:8443/ide.main.5b173b.js:38:363523)
    at t.notifyFileDecorationsChanges (https://s2757502.elf.ict.griffith.edu.au:8443/ide.main.5b173b.js:38:360441)
    at https://s2757502.elf.ict.griffith.edu.au:8443/ide.main.5b173b.js:38:357365
    at Array.forEach (<anonymous>)
    at https://s2757502.elf.ict.griffith.edu.au:8443/ide.main.5b173b.js:38:357336
[2019-07-17 13:15:57.650] [renderer20190717030238896] [error] Data tree node not found: [object Object]: Error: Data tree node not found: [object Object]
    at n.e.getDataNode (https://s2757502.elf.ict.griffith.edu.au:8443/ide.main.5b173b.js:60:1615552)
    at n.e.updateWidth (https://s2757502.elf.ict.griffith.edu.au:8443/ide.main.5b173b.js:60:1612368)
    at e.updateWidth (https://s2757502.elf.ict.griffith.edu.au:8443/ide.main.5b173b.js:67:1330360)
    at https://s2757502.elf.ict.griffith.edu.au:8443/ide.main.5b173b.js:67:1341396
    at e.fire (https://s2757502.elf.ict.griffith.edu.au:8443/ide.main.5b173b.js:16:14094)
    at t.render (https://s2757502.elf.ict.griffith.edu.au:8443/ide.main.5b173b.js:38:363523)
    at t.notifyFileDecorationsChanges (https://s2757502.elf.ict.griffith.edu.au:8443/ide.main.5b173b.js:38:360441)
    at https://s2757502.elf.ict.griffith.edu.au:8443/ide.main.5b173b.js:38:357365
    at Array.forEach (<anonymous>)
    at https://s2757502.elf.ict.griffith.edu.au:8443/ide.main.5b173b.js:38:357336
