[2019-07-22 01:42:27.321] [exthost] [info] extension host started
[2019-07-22 01:42:27.500] [exthost] [info] ExtensionService#_doActivateExtension vscode.debug-auto-launch {"startup":true,"activationEvent":"*"}
[2019-07-22 01:42:27.500] [exthost] [info] ExtensionService#loadCommonJSModule /src/packages/server/build/extensions/debug-auto-launch/dist/extension
[2019-07-22 01:42:27.505] [exthost] [info] ExtensionService#_doActivateExtension vscode.emmet {"startup":true,"activationEvent":"*"}
[2019-07-22 01:42:27.505] [exthost] [info] ExtensionService#loadCommonJSModule /src/packages/server/build/extensions/emmet/dist/extension
[2019-07-22 01:42:27.515] [exthost] [info] ExtensionService#_doActivateExtension vscode.git {"startup":true,"activationEvent":"*"}
[2019-07-22 01:42:27.515] [exthost] [info] ExtensionService#loadCommonJSModule /src/packages/server/build/extensions/git/dist/main
[2019-07-22 01:42:27.583] [exthost] [info] ExtensionService#_doActivateExtension vscode.merge-conflict {"startup":true,"activationEvent":"*"}
[2019-07-22 01:42:27.583] [exthost] [info] ExtensionService#loadCommonJSModule /src/packages/server/build/extensions/merge-conflict/dist/extension
[2019-07-22 01:42:27.588] [exthost] [info] ExtensionService#_doActivateExtension vscode.extension-editing {"startup":false,"activationEvent":"onLanguage:typescript"}
[2019-07-22 01:42:27.588] [exthost] [info] ExtensionService#loadCommonJSModule /src/packages/server/build/extensions/extension-editing/dist/extension
[2019-07-22 01:42:27.607] [exthost] [info] ExtensionService#_doActivateExtension vscode.typescript-language-features {"startup":false,"activationEvent":"onLanguage:typescript"}
[2019-07-22 01:42:27.607] [exthost] [info] ExtensionService#loadCommonJSModule /src/packages/server/build/extensions/typescript-language-features/dist/extension
[2019-07-22 01:42:27.645] [exthost] [info] ExtensionService#_doActivateExtension vscode.php-language-features {"startup":false,"activationEvent":"onLanguage:php"}
[2019-07-22 01:42:27.645] [exthost] [info] ExtensionService#loadCommonJSModule /src/packages/server/build/extensions/php-language-features/dist/phpMain
[2019-07-22 01:42:27.668] [exthost] [info] ExtensionService#_doActivateExtension vscode.html-language-features {"startup":false,"activationEvent":"onLanguage:html"}
[2019-07-22 01:42:27.668] [exthost] [info] ExtensionService#loadCommonJSModule /src/packages/server/build/extensions/html-language-features/client/dist/htmlMain
[2019-07-22 01:42:27.700] [exthost] [info] ExtensionService#_doActivateExtension vscode.css-language-features {"startup":false,"activationEvent":"onLanguage:css"}
[2019-07-22 01:42:27.700] [exthost] [info] ExtensionService#loadCommonJSModule /src/packages/server/build/extensions/css-language-features/client/dist/cssMain
[2019-07-22 01:42:27.749] [exthost] [info] eager extensions activated
[2019-07-22 01:42:36.970] [exthost] [info] extension host started
[2019-07-22 01:42:37.766] [exthost] [info] ExtensionService#_doActivateExtension vscode.debug-auto-launch {"startup":true,"activationEvent":"*"}
[2019-07-22 01:42:37.766] [exthost] [info] ExtensionService#loadCommonJSModule /src/packages/server/build/extensions/debug-auto-launch/dist/extension
[2019-07-22 01:42:37.771] [exthost] [info] ExtensionService#_doActivateExtension vscode.emmet {"startup":true,"activationEvent":"*"}
[2019-07-22 01:42:37.771] [exthost] [info] ExtensionService#loadCommonJSModule /src/packages/server/build/extensions/emmet/dist/extension
[2019-07-22 01:42:37.781] [exthost] [info] ExtensionService#_doActivateExtension vscode.git {"startup":true,"activationEvent":"*"}
[2019-07-22 01:42:37.781] [exthost] [info] ExtensionService#loadCommonJSModule /src/packages/server/build/extensions/git/dist/main
[2019-07-22 01:42:37.848] [exthost] [info] ExtensionService#_doActivateExtension vscode.merge-conflict {"startup":true,"activationEvent":"*"}
[2019-07-22 01:42:37.848] [exthost] [info] ExtensionService#loadCommonJSModule /src/packages/server/build/extensions/merge-conflict/dist/extension
[2019-07-22 01:42:37.853] [exthost] [info] ExtensionService#_doActivateExtension vscode.extension-editing {"startup":false,"activationEvent":"onLanguage:typescript"}
[2019-07-22 01:42:37.853] [exthost] [info] ExtensionService#loadCommonJSModule /src/packages/server/build/extensions/extension-editing/dist/extension
[2019-07-22 01:42:37.872] [exthost] [info] ExtensionService#_doActivateExtension vscode.typescript-language-features {"startup":false,"activationEvent":"onLanguage:typescript"}
[2019-07-22 01:42:37.872] [exthost] [info] ExtensionService#loadCommonJSModule /src/packages/server/build/extensions/typescript-language-features/dist/extension
[2019-07-22 01:42:37.909] [exthost] [info] ExtensionService#_doActivateExtension vscode.php-language-features {"startup":false,"activationEvent":"onLanguage:php"}
[2019-07-22 01:42:37.909] [exthost] [info] ExtensionService#loadCommonJSModule /src/packages/server/build/extensions/php-language-features/dist/phpMain
[2019-07-22 01:42:37.932] [exthost] [info] ExtensionService#_doActivateExtension vscode.html-language-features {"startup":false,"activationEvent":"onLanguage:html"}
[2019-07-22 01:42:37.932] [exthost] [info] ExtensionService#loadCommonJSModule /src/packages/server/build/extensions/html-language-features/client/dist/htmlMain
[2019-07-22 01:42:37.964] [exthost] [info] ExtensionService#_doActivateExtension vscode.css-language-features {"startup":false,"activationEvent":"onLanguage:css"}
[2019-07-22 01:42:37.964] [exthost] [info] ExtensionService#loadCommonJSModule /src/packages/server/build/extensions/css-language-features/client/dist/cssMain
[2019-07-22 01:42:38.012] [exthost] [info] eager extensions activated
