[2019-07-22 03:13:18.248] [exthost] [info] extension host started
[2019-07-22 03:13:18.497] [exthost] [info] ExtensionService#_doActivateExtension vscode.debug-auto-launch {"startup":true,"activationEvent":"*"}
[2019-07-22 03:13:18.497] [exthost] [info] ExtensionService#loadCommonJSModule /src/packages/server/build/extensions/debug-auto-launch/dist/extension
[2019-07-22 03:13:18.502] [exthost] [info] ExtensionService#_doActivateExtension vscode.emmet {"startup":true,"activationEvent":"*"}
[2019-07-22 03:13:18.502] [exthost] [info] ExtensionService#loadCommonJSModule /src/packages/server/build/extensions/emmet/dist/extension
[2019-07-22 03:13:18.512] [exthost] [info] ExtensionService#_doActivateExtension vscode.git {"startup":true,"activationEvent":"*"}
[2019-07-22 03:13:18.512] [exthost] [info] ExtensionService#loadCommonJSModule /src/packages/server/build/extensions/git/dist/main
[2019-07-22 03:13:18.581] [exthost] [info] ExtensionService#_doActivateExtension vscode.merge-conflict {"startup":true,"activationEvent":"*"}
[2019-07-22 03:13:18.581] [exthost] [info] ExtensionService#loadCommonJSModule /src/packages/server/build/extensions/merge-conflict/dist/extension
[2019-07-22 03:13:18.591] [exthost] [info] ExtensionService#_doActivateExtension vscode.extension-editing {"startup":false,"activationEvent":"onLanguage:typescript"}
[2019-07-22 03:13:18.591] [exthost] [info] ExtensionService#loadCommonJSModule /src/packages/server/build/extensions/extension-editing/dist/extension
[2019-07-22 03:13:18.611] [exthost] [info] ExtensionService#_doActivateExtension vscode.typescript-language-features {"startup":false,"activationEvent":"onLanguage:typescript"}
[2019-07-22 03:13:18.612] [exthost] [info] ExtensionService#loadCommonJSModule /src/packages/server/build/extensions/typescript-language-features/dist/extension
[2019-07-22 03:13:18.646] [exthost] [info] ExtensionService#_doActivateExtension vscode.php-language-features {"startup":false,"activationEvent":"onLanguage:php"}
[2019-07-22 03:13:18.646] [exthost] [info] ExtensionService#loadCommonJSModule /src/packages/server/build/extensions/php-language-features/dist/phpMain
[2019-07-22 03:13:18.671] [exthost] [info] ExtensionService#_doActivateExtension vscode.css-language-features {"startup":false,"activationEvent":"onLanguage:css"}
[2019-07-22 03:13:18.671] [exthost] [info] ExtensionService#loadCommonJSModule /src/packages/server/build/extensions/css-language-features/client/dist/cssMain
[2019-07-22 03:13:18.692] [exthost] [info] ExtensionService#_doActivateExtension vscode.html-language-features {"startup":false,"activationEvent":"onLanguage:html"}
[2019-07-22 03:13:18.692] [exthost] [info] ExtensionService#loadCommonJSModule /src/packages/server/build/extensions/html-language-features/client/dist/htmlMain
[2019-07-22 03:13:18.754] [exthost] [info] eager extensions activated
[2019-07-22 03:13:28.749] [exthost] [info] extension host started
[2019-07-22 03:13:28.989] [exthost] [info] ExtensionService#_doActivateExtension vscode.debug-auto-launch {"startup":true,"activationEvent":"*"}
[2019-07-22 03:13:28.989] [exthost] [info] ExtensionService#loadCommonJSModule /src/packages/server/build/extensions/debug-auto-launch/dist/extension
[2019-07-22 03:13:28.994] [exthost] [info] ExtensionService#_doActivateExtension vscode.emmet {"startup":true,"activationEvent":"*"}
[2019-07-22 03:13:28.994] [exthost] [info] ExtensionService#loadCommonJSModule /src/packages/server/build/extensions/emmet/dist/extension
[2019-07-22 03:13:29.004] [exthost] [info] ExtensionService#_doActivateExtension vscode.git {"startup":true,"activationEvent":"*"}
[2019-07-22 03:13:29.004] [exthost] [info] ExtensionService#loadCommonJSModule /src/packages/server/build/extensions/git/dist/main
[2019-07-22 03:13:29.072] [exthost] [info] ExtensionService#_doActivateExtension vscode.merge-conflict {"startup":true,"activationEvent":"*"}
[2019-07-22 03:13:29.072] [exthost] [info] ExtensionService#loadCommonJSModule /src/packages/server/build/extensions/merge-conflict/dist/extension
[2019-07-22 03:13:29.081] [exthost] [info] ExtensionService#_doActivateExtension vscode.extension-editing {"startup":false,"activationEvent":"onLanguage:typescript"}
[2019-07-22 03:13:29.081] [exthost] [info] ExtensionService#loadCommonJSModule /src/packages/server/build/extensions/extension-editing/dist/extension
[2019-07-22 03:13:29.101] [exthost] [info] ExtensionService#_doActivateExtension vscode.typescript-language-features {"startup":false,"activationEvent":"onLanguage:typescript"}
[2019-07-22 03:13:29.101] [exthost] [info] ExtensionService#loadCommonJSModule /src/packages/server/build/extensions/typescript-language-features/dist/extension
[2019-07-22 03:13:29.135] [exthost] [info] ExtensionService#_doActivateExtension vscode.php-language-features {"startup":false,"activationEvent":"onLanguage:php"}
[2019-07-22 03:13:29.135] [exthost] [info] ExtensionService#loadCommonJSModule /src/packages/server/build/extensions/php-language-features/dist/phpMain
[2019-07-22 03:13:29.157] [exthost] [info] ExtensionService#_doActivateExtension vscode.css-language-features {"startup":false,"activationEvent":"onLanguage:css"}
[2019-07-22 03:13:29.157] [exthost] [info] ExtensionService#loadCommonJSModule /src/packages/server/build/extensions/css-language-features/client/dist/cssMain
[2019-07-22 03:13:29.179] [exthost] [info] ExtensionService#_doActivateExtension vscode.html-language-features {"startup":false,"activationEvent":"onLanguage:html"}
[2019-07-22 03:13:29.179] [exthost] [info] ExtensionService#loadCommonJSModule /src/packages/server/build/extensions/html-language-features/client/dist/htmlMain
[2019-07-22 03:13:29.238] [exthost] [info] eager extensions activated
