[2019-08-07 13:00:56.549] [renderer20190807030032252] [error] Inotify limit reached (ENOSPC)
[2019-08-07 13:26:47.720] [renderer20190807030032252] [error] Data tree node not found: [object Object]: Error: Data tree node not found: [object Object]
    at n.e.getDataNode (https://s2757502.elf.ict.griffith.edu.au:8443/ide.main.5b173b.js:60:1615552)
    at n.e.reveal (https://s2757502.elf.ict.griffith.edu.au:8443/ide.main.5b173b.js:60:1615044)
    at t.<anonymous> (https://s2757502.elf.ict.griffith.edu.au:8443/ide.main.5b173b.js:67:1335859)
    at https://s2757502.elf.ict.griffith.edu.au:8443/ide.main.5b173b.js:16:2489
    at Object.next (https://s2757502.elf.ict.griffith.edu.au:8443/ide.main.5b173b.js:16:2594)
    at a (https://s2757502.elf.ict.griffith.edu.au:8443/ide.main.5b173b.js:16:1365)
[2019-08-07 13:32:13.354] [renderer20190807030032252] [error] Data tree node not found: [object Object]: Error: Data tree node not found: [object Object]
    at n.e.getDataNode (https://s2757502.elf.ict.griffith.edu.au:8443/ide.main.5b173b.js:60:1615552)
    at n.<anonymous> (https://s2757502.elf.ict.griffith.edu.au:8443/ide.main.5b173b.js:60:1613125)
    at https://s2757502.elf.ict.griffith.edu.au:8443/ide.main.5b173b.js:16:2489
    at Object.next (https://s2757502.elf.ict.griffith.edu.au:8443/ide.main.5b173b.js:16:2594)
    at https://s2757502.elf.ict.griffith.edu.au:8443/ide.main.5b173b.js:16:1532
    at new Promise (<anonymous>)
    at Module.u (https://s2757502.elf.ict.griffith.edu.au:8443/ide.main.5b173b.js:16:1309)
    at n.e.expand (https://s2757502.elf.ict.griffith.edu.au:8443/ide.main.5b173b.js:60:1612752)
    at t.<anonymous> (https://s2757502.elf.ict.griffith.edu.au:8443/ide.main.5b173b.js:67:1335688)
    at https://s2757502.elf.ict.griffith.edu.au:8443/ide.main.5b173b.js:16:2489
[2019-08-07 13:32:14.741] [renderer20190807030032252] [error] Data tree node not found: [object Object]: Error: Data tree node not found: [object Object]
    at n.e.getDataNode (https://s2757502.elf.ict.griffith.edu.au:8443/ide.main.5b173b.js:60:1615552)
    at n.<anonymous> (https://s2757502.elf.ict.griffith.edu.au:8443/ide.main.5b173b.js:60:1613125)
    at https://s2757502.elf.ict.griffith.edu.au:8443/ide.main.5b173b.js:16:2489
    at Object.next (https://s2757502.elf.ict.griffith.edu.au:8443/ide.main.5b173b.js:16:2594)
    at https://s2757502.elf.ict.griffith.edu.au:8443/ide.main.5b173b.js:16:1532
    at new Promise (<anonymous>)
    at Module.u (https://s2757502.elf.ict.griffith.edu.au:8443/ide.main.5b173b.js:16:1309)
    at n.e.expand (https://s2757502.elf.ict.griffith.edu.au:8443/ide.main.5b173b.js:60:1612752)
    at t.<anonymous> (https://s2757502.elf.ict.griffith.edu.au:8443/ide.main.5b173b.js:67:1335688)
    at https://s2757502.elf.ict.griffith.edu.au:8443/ide.main.5b173b.js:16:2489
[2019-08-07 13:32:16.651] [renderer20190807030032252] [error] Data tree node not found: [object Object]: Error: Data tree node not found: [object Object]
    at n.e.getDataNode (https://s2757502.elf.ict.griffith.edu.au:8443/ide.main.5b173b.js:60:1615552)
    at n.<anonymous> (https://s2757502.elf.ict.griffith.edu.au:8443/ide.main.5b173b.js:60:1613125)
    at https://s2757502.elf.ict.griffith.edu.au:8443/ide.main.5b173b.js:16:2489
    at Object.next (https://s2757502.elf.ict.griffith.edu.au:8443/ide.main.5b173b.js:16:2594)
    at https://s2757502.elf.ict.griffith.edu.au:8443/ide.main.5b173b.js:16:1532
    at new Promise (<anonymous>)
    at Module.u (https://s2757502.elf.ict.griffith.edu.au:8443/ide.main.5b173b.js:16:1309)
    at n.e.expand (https://s2757502.elf.ict.griffith.edu.au:8443/ide.main.5b173b.js:60:1612752)
    at t.<anonymous> (https://s2757502.elf.ict.griffith.edu.au:8443/ide.main.5b173b.js:67:1335688)
    at https://s2757502.elf.ict.griffith.edu.au:8443/ide.main.5b173b.js:16:2489
