[2019-07-21 23:57:03.666] [renderer20190721135655900] [error] Data tree node not found: [object Object]: Error: Data tree node not found: [object Object]
    at n.getDataNode (https://s2757502.elf.ict.griffith.edu.au:8443/ide.main.5b173b.js?__WB_REVISION__=36aa017b6acac125d50a:60:1615552)
    at n.updateWidth (https://s2757502.elf.ict.griffith.edu.au:8443/ide.main.5b173b.js?__WB_REVISION__=36aa017b6acac125d50a:60:1612368)
    at e.updateWidth (https://s2757502.elf.ict.griffith.edu.au:8443/ide.main.5b173b.js?__WB_REVISION__=36aa017b6acac125d50a:67:1330360)
    at https://s2757502.elf.ict.griffith.edu.au:8443/ide.main.5b173b.js?__WB_REVISION__=36aa017b6acac125d50a:67:1341396
    at e.fire (https://s2757502.elf.ict.griffith.edu.au:8443/ide.main.5b173b.js?__WB_REVISION__=36aa017b6acac125d50a:16:14094)
    at t.render (https://s2757502.elf.ict.griffith.edu.au:8443/ide.main.5b173b.js?__WB_REVISION__=36aa017b6acac125d50a:38:363523)
    at t.notifyFileDecorationsChanges (https://s2757502.elf.ict.griffith.edu.au:8443/ide.main.5b173b.js?__WB_REVISION__=36aa017b6acac125d50a:38:360441)
    at https://s2757502.elf.ict.griffith.edu.au:8443/ide.main.5b173b.js?__WB_REVISION__=36aa017b6acac125d50a:38:357365
    at Array.forEach (<anonymous>)
    at https://s2757502.elf.ict.griffith.edu.au:8443/ide.main.5b173b.js?__WB_REVISION__=36aa017b6acac125d50a:38:357336
[2019-07-21 23:57:13.499] [renderer20190721135655900] [error] Failed to watch /var/www/.vscode for changes (Error: ENOENT: no such file or directory, watch '/var/www/.vscode', undefined)
[2019-07-21 23:57:13.515] [renderer20190721135655900] [error] ENOENT: no such file or directory, watch '/var/www/.vscode': Error: ENOENT: no such file or directory, watch '/var/www/.vscode'
    at r (https://s2757502.elf.ict.griffith.edu.au:8443/ide.main.5b173b.js?__WB_REVISION__=36aa017b6acac125d50a:60:217782)
    at Object.protoToArgument (https://s2757502.elf.ict.griffith.edu.au:8443/ide.main.5b173b.js?__WB_REVISION__=36aa017b6acac125d50a:60:218840)
    at https://s2757502.elf.ict.griffith.edu.au:8443/ide.main.5b173b.js?__WB_REVISION__=36aa017b6acac125d50a:60:2737475
    at https://s2757502.elf.ict.griffith.edu.au:8443/ide.main.5b173b.js?__WB_REVISION__=36aa017b6acac125d50a:60:2771187
    at Array.forEach (<anonymous>)
    at e.emit (https://s2757502.elf.ict.griffith.edu.au:8443/ide.main.5b173b.js?__WB_REVISION__=36aa017b6acac125d50a:60:2771160)
    at e.emitFail (https://s2757502.elf.ict.griffith.edu.au:8443/ide.main.5b173b.js?__WB_REVISION__=36aa017b6acac125d50a:60:2739407)
    at e.<anonymous> (https://s2757502.elf.ict.griffith.edu.au:8443/ide.main.5b173b.js?__WB_REVISION__=36aa017b6acac125d50a:60:2738705)
    at https://s2757502.elf.ict.griffith.edu.au:8443/ide.main.5b173b.js?__WB_REVISION__=36aa017b6acac125d50a:38:2489
    at Object.next (https://s2757502.elf.ict.griffith.edu.au:8443/ide.main.5b173b.js?__WB_REVISION__=36aa017b6acac125d50a:38:2594)
[2019-07-21 23:57:17.050] [renderer20190721135655900] [error] Data tree node not found: [object Object]: Error: Data tree node not found: [object Object]
    at n.getDataNode (https://s2757502.elf.ict.griffith.edu.au:8443/ide.main.5b173b.js?__WB_REVISION__=36aa017b6acac125d50a:60:1615552)
    at n.updateWidth (https://s2757502.elf.ict.griffith.edu.au:8443/ide.main.5b173b.js?__WB_REVISION__=36aa017b6acac125d50a:60:1612368)
    at e.updateWidth (https://s2757502.elf.ict.griffith.edu.au:8443/ide.main.5b173b.js?__WB_REVISION__=36aa017b6acac125d50a:67:1330360)
    at https://s2757502.elf.ict.griffith.edu.au:8443/ide.main.5b173b.js?__WB_REVISION__=36aa017b6acac125d50a:67:1341396
    at e.fire (https://s2757502.elf.ict.griffith.edu.au:8443/ide.main.5b173b.js?__WB_REVISION__=36aa017b6acac125d50a:16:14094)
    at t.render (https://s2757502.elf.ict.griffith.edu.au:8443/ide.main.5b173b.js?__WB_REVISION__=36aa017b6acac125d50a:38:363523)
    at t.notifyFileDecorationsChanges (https://s2757502.elf.ict.griffith.edu.au:8443/ide.main.5b173b.js?__WB_REVISION__=36aa017b6acac125d50a:38:360441)
    at https://s2757502.elf.ict.griffith.edu.au:8443/ide.main.5b173b.js?__WB_REVISION__=36aa017b6acac125d50a:38:357365
    at Array.forEach (<anonymous>)
    at https://s2757502.elf.ict.griffith.edu.au:8443/ide.main.5b173b.js?__WB_REVISION__=36aa017b6acac125d50a:38:357336
[2019-07-21 23:57:28.743] [renderer20190721135655900] [error] Data tree node not found: [object Object]: Error: Data tree node not found: [object Object]
    at n.getDataNode (https://s2757502.elf.ict.griffith.edu.au:8443/ide.main.5b173b.js?__WB_REVISION__=36aa017b6acac125d50a:60:1615552)
    at n.updateWidth (https://s2757502.elf.ict.griffith.edu.au:8443/ide.main.5b173b.js?__WB_REVISION__=36aa017b6acac125d50a:60:1612368)
    at e.updateWidth (https://s2757502.elf.ict.griffith.edu.au:8443/ide.main.5b173b.js?__WB_REVISION__=36aa017b6acac125d50a:67:1330360)
    at https://s2757502.elf.ict.griffith.edu.au:8443/ide.main.5b173b.js?__WB_REVISION__=36aa017b6acac125d50a:67:1341396
    at e.fire (https://s2757502.elf.ict.griffith.edu.au:8443/ide.main.5b173b.js?__WB_REVISION__=36aa017b6acac125d50a:16:14094)
    at t.render (https://s2757502.elf.ict.griffith.edu.au:8443/ide.main.5b173b.js?__WB_REVISION__=36aa017b6acac125d50a:38:363523)
    at t.notifyFileDecorationsChanges (https://s2757502.elf.ict.griffith.edu.au:8443/ide.main.5b173b.js?__WB_REVISION__=36aa017b6acac125d50a:38:360441)
    at https://s2757502.elf.ict.griffith.edu.au:8443/ide.main.5b173b.js?__WB_REVISION__=36aa017b6acac125d50a:38:357365
    at Array.forEach (<anonymous>)
    at https://s2757502.elf.ict.griffith.edu.au:8443/ide.main.5b173b.js?__WB_REVISION__=36aa017b6acac125d50a:38:357336
[2019-07-21 23:58:18.928] [renderer20190721135655900] [error] Data tree node not found: [object Object]: Error: Data tree node not found: [object Object]
    at n.getDataNode (https://s2757502.elf.ict.griffith.edu.au:8443/ide.main.5b173b.js?__WB_REVISION__=36aa017b6acac125d50a:60:1615552)
    at n.updateWidth (https://s2757502.elf.ict.griffith.edu.au:8443/ide.main.5b173b.js?__WB_REVISION__=36aa017b6acac125d50a:60:1612368)
    at e.updateWidth (https://s2757502.elf.ict.griffith.edu.au:8443/ide.main.5b173b.js?__WB_REVISION__=36aa017b6acac125d50a:67:1330360)
    at https://s2757502.elf.ict.griffith.edu.au:8443/ide.main.5b173b.js?__WB_REVISION__=36aa017b6acac125d50a:67:1341396
    at e.fire (https://s2757502.elf.ict.griffith.edu.au:8443/ide.main.5b173b.js?__WB_REVISION__=36aa017b6acac125d50a:16:14094)
    at t.render (https://s2757502.elf.ict.griffith.edu.au:8443/ide.main.5b173b.js?__WB_REVISION__=36aa017b6acac125d50a:38:363523)
    at t.notifyFileDecorationsChanges (https://s2757502.elf.ict.griffith.edu.au:8443/ide.main.5b173b.js?__WB_REVISION__=36aa017b6acac125d50a:38:360441)
    at https://s2757502.elf.ict.griffith.edu.au:8443/ide.main.5b173b.js?__WB_REVISION__=36aa017b6acac125d50a:38:357365
    at Array.forEach (<anonymous>)
    at https://s2757502.elf.ict.griffith.edu.au:8443/ide.main.5b173b.js?__WB_REVISION__=36aa017b6acac125d50a:38:357336
[2019-07-21 23:58:23.735] [renderer20190721135655900] [error] Data tree node not found: [object Object]: Error: Data tree node not found: [object Object]
    at n.getDataNode (https://s2757502.elf.ict.griffith.edu.au:8443/ide.main.5b173b.js?__WB_REVISION__=36aa017b6acac125d50a:60:1615552)
    at n.updateWidth (https://s2757502.elf.ict.griffith.edu.au:8443/ide.main.5b173b.js?__WB_REVISION__=36aa017b6acac125d50a:60:1612368)
    at e.updateWidth (https://s2757502.elf.ict.griffith.edu.au:8443/ide.main.5b173b.js?__WB_REVISION__=36aa017b6acac125d50a:67:1330360)
    at https://s2757502.elf.ict.griffith.edu.au:8443/ide.main.5b173b.js?__WB_REVISION__=36aa017b6acac125d50a:67:1341396
    at e.fire (https://s2757502.elf.ict.griffith.edu.au:8443/ide.main.5b173b.js?__WB_REVISION__=36aa017b6acac125d50a:16:14094)
    at t.render (https://s2757502.elf.ict.griffith.edu.au:8443/ide.main.5b173b.js?__WB_REVISION__=36aa017b6acac125d50a:38:363523)
    at t.notifyFileDecorationsChanges (https://s2757502.elf.ict.griffith.edu.au:8443/ide.main.5b173b.js?__WB_REVISION__=36aa017b6acac125d50a:38:360441)
    at https://s2757502.elf.ict.griffith.edu.au:8443/ide.main.5b173b.js?__WB_REVISION__=36aa017b6acac125d50a:38:357365
    at Array.forEach (<anonymous>)
    at https://s2757502.elf.ict.griffith.edu.au:8443/ide.main.5b173b.js?__WB_REVISION__=36aa017b6acac125d50a:38:357336
[2019-07-21 23:58:28.748] [renderer20190721135655900] [error] Data tree node not found: [object Object]: Error: Data tree node not found: [object Object]
    at n.getDataNode (https://s2757502.elf.ict.griffith.edu.au:8443/ide.main.5b173b.js?__WB_REVISION__=36aa017b6acac125d50a:60:1615552)
    at n.updateWidth (https://s2757502.elf.ict.griffith.edu.au:8443/ide.main.5b173b.js?__WB_REVISION__=36aa017b6acac125d50a:60:1612368)
    at e.updateWidth (https://s2757502.elf.ict.griffith.edu.au:8443/ide.main.5b173b.js?__WB_REVISION__=36aa017b6acac125d50a:67:1330360)
    at https://s2757502.elf.ict.griffith.edu.au:8443/ide.main.5b173b.js?__WB_REVISION__=36aa017b6acac125d50a:67:1341396
    at e.fire (https://s2757502.elf.ict.griffith.edu.au:8443/ide.main.5b173b.js?__WB_REVISION__=36aa017b6acac125d50a:16:14094)
    at t.render (https://s2757502.elf.ict.griffith.edu.au:8443/ide.main.5b173b.js?__WB_REVISION__=36aa017b6acac125d50a:38:363523)
    at t.notifyFileDecorationsChanges (https://s2757502.elf.ict.griffith.edu.au:8443/ide.main.5b173b.js?__WB_REVISION__=36aa017b6acac125d50a:38:360441)
    at https://s2757502.elf.ict.griffith.edu.au:8443/ide.main.5b173b.js?__WB_REVISION__=36aa017b6acac125d50a:38:357365
    at Array.forEach (<anonymous>)
    at https://s2757502.elf.ict.griffith.edu.au:8443/ide.main.5b173b.js?__WB_REVISION__=36aa017b6acac125d50a:38:357336
[2019-07-21 23:58:33.732] [renderer20190721135655900] [error] Data tree node not found: [object Object]: Error: Data tree node not found: [object Object]
    at n.getDataNode (https://s2757502.elf.ict.griffith.edu.au:8443/ide.main.5b173b.js?__WB_REVISION__=36aa017b6acac125d50a:60:1615552)
    at n.updateWidth (https://s2757502.elf.ict.griffith.edu.au:8443/ide.main.5b173b.js?__WB_REVISION__=36aa017b6acac125d50a:60:1612368)
    at e.updateWidth (https://s2757502.elf.ict.griffith.edu.au:8443/ide.main.5b173b.js?__WB_REVISION__=36aa017b6acac125d50a:67:1330360)
    at https://s2757502.elf.ict.griffith.edu.au:8443/ide.main.5b173b.js?__WB_REVISION__=36aa017b6acac125d50a:67:1341396
    at e.fire (https://s2757502.elf.ict.griffith.edu.au:8443/ide.main.5b173b.js?__WB_REVISION__=36aa017b6acac125d50a:16:14094)
    at t.render (https://s2757502.elf.ict.griffith.edu.au:8443/ide.main.5b173b.js?__WB_REVISION__=36aa017b6acac125d50a:38:363523)
    at t.notifyFileDecorationsChanges (https://s2757502.elf.ict.griffith.edu.au:8443/ide.main.5b173b.js?__WB_REVISION__=36aa017b6acac125d50a:38:360441)
    at https://s2757502.elf.ict.griffith.edu.au:8443/ide.main.5b173b.js?__WB_REVISION__=36aa017b6acac125d50a:38:357365
    at Array.forEach (<anonymous>)
    at https://s2757502.elf.ict.griffith.edu.au:8443/ide.main.5b173b.js?__WB_REVISION__=36aa017b6acac125d50a:38:357336
[2019-07-21 23:58:38.809] [renderer20190721135655900] [error] Data tree node not found: [object Object]: Error: Data tree node not found: [object Object]
    at n.getDataNode (https://s2757502.elf.ict.griffith.edu.au:8443/ide.main.5b173b.js?__WB_REVISION__=36aa017b6acac125d50a:60:1615552)
    at n.updateWidth (https://s2757502.elf.ict.griffith.edu.au:8443/ide.main.5b173b.js?__WB_REVISION__=36aa017b6acac125d50a:60:1612368)
    at e.updateWidth (https://s2757502.elf.ict.griffith.edu.au:8443/ide.main.5b173b.js?__WB_REVISION__=36aa017b6acac125d50a:67:1330360)
    at https://s2757502.elf.ict.griffith.edu.au:8443/ide.main.5b173b.js?__WB_REVISION__=36aa017b6acac125d50a:67:1341396
    at e.fire (https://s2757502.elf.ict.griffith.edu.au:8443/ide.main.5b173b.js?__WB_REVISION__=36aa017b6acac125d50a:16:14094)
    at t.render (https://s2757502.elf.ict.griffith.edu.au:8443/ide.main.5b173b.js?__WB_REVISION__=36aa017b6acac125d50a:38:363523)
    at t.notifyFileDecorationsChanges (https://s2757502.elf.ict.griffith.edu.au:8443/ide.main.5b173b.js?__WB_REVISION__=36aa017b6acac125d50a:38:360441)
    at https://s2757502.elf.ict.griffith.edu.au:8443/ide.main.5b173b.js?__WB_REVISION__=36aa017b6acac125d50a:38:357365
    at Array.forEach (<anonymous>)
    at https://s2757502.elf.ict.griffith.edu.au:8443/ide.main.5b173b.js?__WB_REVISION__=36aa017b6acac125d50a:38:357336
[2019-07-22 00:01:10.676] [renderer20190721135655900] [error] Data tree node not found: [object Object]: Error: Data tree node not found: [object Object]
    at n.getDataNode (https://s2757502.elf.ict.griffith.edu.au:8443/ide.main.5b173b.js?__WB_REVISION__=36aa017b6acac125d50a:60:1615552)
    at n.updateWidth (https://s2757502.elf.ict.griffith.edu.au:8443/ide.main.5b173b.js?__WB_REVISION__=36aa017b6acac125d50a:60:1612368)
    at e.updateWidth (https://s2757502.elf.ict.griffith.edu.au:8443/ide.main.5b173b.js?__WB_REVISION__=36aa017b6acac125d50a:67:1330360)
    at https://s2757502.elf.ict.griffith.edu.au:8443/ide.main.5b173b.js?__WB_REVISION__=36aa017b6acac125d50a:67:1341396
    at e.fire (https://s2757502.elf.ict.griffith.edu.au:8443/ide.main.5b173b.js?__WB_REVISION__=36aa017b6acac125d50a:16:14094)
    at t.render (https://s2757502.elf.ict.griffith.edu.au:8443/ide.main.5b173b.js?__WB_REVISION__=36aa017b6acac125d50a:38:363523)
    at t.notifyFileDecorationsChanges (https://s2757502.elf.ict.griffith.edu.au:8443/ide.main.5b173b.js?__WB_REVISION__=36aa017b6acac125d50a:38:360441)
    at https://s2757502.elf.ict.griffith.edu.au:8443/ide.main.5b173b.js?__WB_REVISION__=36aa017b6acac125d50a:38:357365
    at Array.forEach (<anonymous>)
    at https://s2757502.elf.ict.griffith.edu.au:8443/ide.main.5b173b.js?__WB_REVISION__=36aa017b6acac125d50a:38:357336
[2019-07-22 00:02:36.668] [renderer20190721135655900] [error] Data tree node not found: [object Object]: Error: Data tree node not found: [object Object]
    at n.getDataNode (https://s2757502.elf.ict.griffith.edu.au:8443/ide.main.5b173b.js?__WB_REVISION__=36aa017b6acac125d50a:60:1615552)
    at n.updateWidth (https://s2757502.elf.ict.griffith.edu.au:8443/ide.main.5b173b.js?__WB_REVISION__=36aa017b6acac125d50a:60:1612368)
    at e.updateWidth (https://s2757502.elf.ict.griffith.edu.au:8443/ide.main.5b173b.js?__WB_REVISION__=36aa017b6acac125d50a:67:1330360)
    at https://s2757502.elf.ict.griffith.edu.au:8443/ide.main.5b173b.js?__WB_REVISION__=36aa017b6acac125d50a:67:1341396
    at e.fire (https://s2757502.elf.ict.griffith.edu.au:8443/ide.main.5b173b.js?__WB_REVISION__=36aa017b6acac125d50a:16:14094)
    at t.render (https://s2757502.elf.ict.griffith.edu.au:8443/ide.main.5b173b.js?__WB_REVISION__=36aa017b6acac125d50a:38:363523)
    at t.notifyFileDecorationsChanges (https://s2757502.elf.ict.griffith.edu.au:8443/ide.main.5b173b.js?__WB_REVISION__=36aa017b6acac125d50a:38:360441)
    at https://s2757502.elf.ict.griffith.edu.au:8443/ide.main.5b173b.js?__WB_REVISION__=36aa017b6acac125d50a:38:357365
    at Array.forEach (<anonymous>)
    at https://s2757502.elf.ict.griffith.edu.au:8443/ide.main.5b173b.js?__WB_REVISION__=36aa017b6acac125d50a:38:357336
[2019-07-22 00:02:41.735] [renderer20190721135655900] [error] Data tree node not found: [object Object]: Error: Data tree node not found: [object Object]
    at n.getDataNode (https://s2757502.elf.ict.griffith.edu.au:8443/ide.main.5b173b.js?__WB_REVISION__=36aa017b6acac125d50a:60:1615552)
    at n.updateWidth (https://s2757502.elf.ict.griffith.edu.au:8443/ide.main.5b173b.js?__WB_REVISION__=36aa017b6acac125d50a:60:1612368)
    at e.updateWidth (https://s2757502.elf.ict.griffith.edu.au:8443/ide.main.5b173b.js?__WB_REVISION__=36aa017b6acac125d50a:67:1330360)
    at https://s2757502.elf.ict.griffith.edu.au:8443/ide.main.5b173b.js?__WB_REVISION__=36aa017b6acac125d50a:67:1341396
    at e.fire (https://s2757502.elf.ict.griffith.edu.au:8443/ide.main.5b173b.js?__WB_REVISION__=36aa017b6acac125d50a:16:14094)
    at t.render (https://s2757502.elf.ict.griffith.edu.au:8443/ide.main.5b173b.js?__WB_REVISION__=36aa017b6acac125d50a:38:363523)
    at t.notifyFileDecorationsChanges (https://s2757502.elf.ict.griffith.edu.au:8443/ide.main.5b173b.js?__WB_REVISION__=36aa017b6acac125d50a:38:360441)
    at https://s2757502.elf.ict.griffith.edu.au:8443/ide.main.5b173b.js?__WB_REVISION__=36aa017b6acac125d50a:38:357365
    at Array.forEach (<anonymous>)
    at https://s2757502.elf.ict.griffith.edu.au:8443/ide.main.5b173b.js?__WB_REVISION__=36aa017b6acac125d50a:38:357336
[2019-07-22 00:02:46.662] [renderer20190721135655900] [error] Data tree node not found: [object Object]: Error: Data tree node not found: [object Object]
    at n.getDataNode (https://s2757502.elf.ict.griffith.edu.au:8443/ide.main.5b173b.js?__WB_REVISION__=36aa017b6acac125d50a:60:1615552)
    at n.updateWidth (https://s2757502.elf.ict.griffith.edu.au:8443/ide.main.5b173b.js?__WB_REVISION__=36aa017b6acac125d50a:60:1612368)
    at e.updateWidth (https://s2757502.elf.ict.griffith.edu.au:8443/ide.main.5b173b.js?__WB_REVISION__=36aa017b6acac125d50a:67:1330360)
    at https://s2757502.elf.ict.griffith.edu.au:8443/ide.main.5b173b.js?__WB_REVISION__=36aa017b6acac125d50a:67:1341396
    at e.fire (https://s2757502.elf.ict.griffith.edu.au:8443/ide.main.5b173b.js?__WB_REVISION__=36aa017b6acac125d50a:16:14094)
    at t.render (https://s2757502.elf.ict.griffith.edu.au:8443/ide.main.5b173b.js?__WB_REVISION__=36aa017b6acac125d50a:38:363523)
    at t.notifyFileDecorationsChanges (https://s2757502.elf.ict.griffith.edu.au:8443/ide.main.5b173b.js?__WB_REVISION__=36aa017b6acac125d50a:38:360441)
    at https://s2757502.elf.ict.griffith.edu.au:8443/ide.main.5b173b.js?__WB_REVISION__=36aa017b6acac125d50a:38:357365
    at Array.forEach (<anonymous>)
    at https://s2757502.elf.ict.griffith.edu.au:8443/ide.main.5b173b.js?__WB_REVISION__=36aa017b6acac125d50a:38:357336
[2019-07-22 00:02:52.740] [renderer20190721135655900] [error] Data tree node not found: [object Object]: Error: Data tree node not found: [object Object]
    at n.getDataNode (https://s2757502.elf.ict.griffith.edu.au:8443/ide.main.5b173b.js?__WB_REVISION__=36aa017b6acac125d50a:60:1615552)
    at n.updateWidth (https://s2757502.elf.ict.griffith.edu.au:8443/ide.main.5b173b.js?__WB_REVISION__=36aa017b6acac125d50a:60:1612368)
    at e.updateWidth (https://s2757502.elf.ict.griffith.edu.au:8443/ide.main.5b173b.js?__WB_REVISION__=36aa017b6acac125d50a:67:1330360)
    at https://s2757502.elf.ict.griffith.edu.au:8443/ide.main.5b173b.js?__WB_REVISION__=36aa017b6acac125d50a:67:1341396
    at e.fire (https://s2757502.elf.ict.griffith.edu.au:8443/ide.main.5b173b.js?__WB_REVISION__=36aa017b6acac125d50a:16:14094)
    at t.render (https://s2757502.elf.ict.griffith.edu.au:8443/ide.main.5b173b.js?__WB_REVISION__=36aa017b6acac125d50a:38:363523)
    at t.notifyFileDecorationsChanges (https://s2757502.elf.ict.griffith.edu.au:8443/ide.main.5b173b.js?__WB_REVISION__=36aa017b6acac125d50a:38:360441)
    at https://s2757502.elf.ict.griffith.edu.au:8443/ide.main.5b173b.js?__WB_REVISION__=36aa017b6acac125d50a:38:357365
    at Array.forEach (<anonymous>)
    at https://s2757502.elf.ict.griffith.edu.au:8443/ide.main.5b173b.js?__WB_REVISION__=36aa017b6acac125d50a:38:357336
[2019-07-22 00:03:12.727] [renderer20190721135655900] [error] Data tree node not found: [object Object]: Error: Data tree node not found: [object Object]
    at n.getDataNode (https://s2757502.elf.ict.griffith.edu.au:8443/ide.main.5b173b.js?__WB_REVISION__=36aa017b6acac125d50a:60:1615552)
    at n.updateWidth (https://s2757502.elf.ict.griffith.edu.au:8443/ide.main.5b173b.js?__WB_REVISION__=36aa017b6acac125d50a:60:1612368)
    at e.updateWidth (https://s2757502.elf.ict.griffith.edu.au:8443/ide.main.5b173b.js?__WB_REVISION__=36aa017b6acac125d50a:67:1330360)
    at https://s2757502.elf.ict.griffith.edu.au:8443/ide.main.5b173b.js?__WB_REVISION__=36aa017b6acac125d50a:67:1341396
    at e.fire (https://s2757502.elf.ict.griffith.edu.au:8443/ide.main.5b173b.js?__WB_REVISION__=36aa017b6acac125d50a:16:14094)
    at t.render (https://s2757502.elf.ict.griffith.edu.au:8443/ide.main.5b173b.js?__WB_REVISION__=36aa017b6acac125d50a:38:363523)
    at t.notifyFileDecorationsChanges (https://s2757502.elf.ict.griffith.edu.au:8443/ide.main.5b173b.js?__WB_REVISION__=36aa017b6acac125d50a:38:360441)
    at https://s2757502.elf.ict.griffith.edu.au:8443/ide.main.5b173b.js?__WB_REVISION__=36aa017b6acac125d50a:38:357365
    at Array.forEach (<anonymous>)
    at https://s2757502.elf.ict.griffith.edu.au:8443/ide.main.5b173b.js?__WB_REVISION__=36aa017b6acac125d50a:38:357336
[2019-07-22 00:03:22.737] [renderer20190721135655900] [error] Data tree node not found: [object Object]: Error: Data tree node not found: [object Object]
    at n.getDataNode (https://s2757502.elf.ict.griffith.edu.au:8443/ide.main.5b173b.js?__WB_REVISION__=36aa017b6acac125d50a:60:1615552)
    at n.updateWidth (https://s2757502.elf.ict.griffith.edu.au:8443/ide.main.5b173b.js?__WB_REVISION__=36aa017b6acac125d50a:60:1612368)
    at e.updateWidth (https://s2757502.elf.ict.griffith.edu.au:8443/ide.main.5b173b.js?__WB_REVISION__=36aa017b6acac125d50a:67:1330360)
    at https://s2757502.elf.ict.griffith.edu.au:8443/ide.main.5b173b.js?__WB_REVISION__=36aa017b6acac125d50a:67:1341396
    at e.fire (https://s2757502.elf.ict.griffith.edu.au:8443/ide.main.5b173b.js?__WB_REVISION__=36aa017b6acac125d50a:16:14094)
    at t.render (https://s2757502.elf.ict.griffith.edu.au:8443/ide.main.5b173b.js?__WB_REVISION__=36aa017b6acac125d50a:38:363523)
    at t.notifyFileDecorationsChanges (https://s2757502.elf.ict.griffith.edu.au:8443/ide.main.5b173b.js?__WB_REVISION__=36aa017b6acac125d50a:38:360441)
    at https://s2757502.elf.ict.griffith.edu.au:8443/ide.main.5b173b.js?__WB_REVISION__=36aa017b6acac125d50a:38:357365
    at Array.forEach (<anonymous>)
    at https://s2757502.elf.ict.griffith.edu.au:8443/ide.main.5b173b.js?__WB_REVISION__=36aa017b6acac125d50a:38:357336
[2019-07-22 00:03:27.729] [renderer20190721135655900] [error] Data tree node not found: [object Object]: Error: Data tree node not found: [object Object]
    at n.getDataNode (https://s2757502.elf.ict.griffith.edu.au:8443/ide.main.5b173b.js?__WB_REVISION__=36aa017b6acac125d50a:60:1615552)
    at n.updateWidth (https://s2757502.elf.ict.griffith.edu.au:8443/ide.main.5b173b.js?__WB_REVISION__=36aa017b6acac125d50a:60:1612368)
    at e.updateWidth (https://s2757502.elf.ict.griffith.edu.au:8443/ide.main.5b173b.js?__WB_REVISION__=36aa017b6acac125d50a:67:1330360)
    at https://s2757502.elf.ict.griffith.edu.au:8443/ide.main.5b173b.js?__WB_REVISION__=36aa017b6acac125d50a:67:1341396
    at e.fire (https://s2757502.elf.ict.griffith.edu.au:8443/ide.main.5b173b.js?__WB_REVISION__=36aa017b6acac125d50a:16:14094)
    at t.render (https://s2757502.elf.ict.griffith.edu.au:8443/ide.main.5b173b.js?__WB_REVISION__=36aa017b6acac125d50a:38:363523)
    at t.notifyFileDecorationsChanges (https://s2757502.elf.ict.griffith.edu.au:8443/ide.main.5b173b.js?__WB_REVISION__=36aa017b6acac125d50a:38:360441)
    at https://s2757502.elf.ict.griffith.edu.au:8443/ide.main.5b173b.js?__WB_REVISION__=36aa017b6acac125d50a:38:357365
    at Array.forEach (<anonymous>)
    at https://s2757502.elf.ict.griffith.edu.au:8443/ide.main.5b173b.js?__WB_REVISION__=36aa017b6acac125d50a:38:357336
[2019-07-22 00:03:32.773] [renderer20190721135655900] [error] Data tree node not found: [object Object]: Error: Data tree node not found: [object Object]
    at n.getDataNode (https://s2757502.elf.ict.griffith.edu.au:8443/ide.main.5b173b.js?__WB_REVISION__=36aa017b6acac125d50a:60:1615552)
    at n.updateWidth (https://s2757502.elf.ict.griffith.edu.au:8443/ide.main.5b173b.js?__WB_REVISION__=36aa017b6acac125d50a:60:1612368)
    at e.updateWidth (https://s2757502.elf.ict.griffith.edu.au:8443/ide.main.5b173b.js?__WB_REVISION__=36aa017b6acac125d50a:67:1330360)
    at https://s2757502.elf.ict.griffith.edu.au:8443/ide.main.5b173b.js?__WB_REVISION__=36aa017b6acac125d50a:67:1341396
    at e.fire (https://s2757502.elf.ict.griffith.edu.au:8443/ide.main.5b173b.js?__WB_REVISION__=36aa017b6acac125d50a:16:14094)
    at t.render (https://s2757502.elf.ict.griffith.edu.au:8443/ide.main.5b173b.js?__WB_REVISION__=36aa017b6acac125d50a:38:363523)
    at t.notifyFileDecorationsChanges (https://s2757502.elf.ict.griffith.edu.au:8443/ide.main.5b173b.js?__WB_REVISION__=36aa017b6acac125d50a:38:360441)
    at https://s2757502.elf.ict.griffith.edu.au:8443/ide.main.5b173b.js?__WB_REVISION__=36aa017b6acac125d50a:38:357365
    at Array.forEach (<anonymous>)
    at https://s2757502.elf.ict.griffith.edu.au:8443/ide.main.5b173b.js?__WB_REVISION__=36aa017b6acac125d50a:38:357336
[2019-07-22 00:03:37.581] [renderer20190721135655900] [error] Data tree node not found: [object Object]: Error: Data tree node not found: [object Object]
    at n.getDataNode (https://s2757502.elf.ict.griffith.edu.au:8443/ide.main.5b173b.js?__WB_REVISION__=36aa017b6acac125d50a:60:1615552)
    at n.updateWidth (https://s2757502.elf.ict.griffith.edu.au:8443/ide.main.5b173b.js?__WB_REVISION__=36aa017b6acac125d50a:60:1612368)
    at e.updateWidth (https://s2757502.elf.ict.griffith.edu.au:8443/ide.main.5b173b.js?__WB_REVISION__=36aa017b6acac125d50a:67:1330360)
    at https://s2757502.elf.ict.griffith.edu.au:8443/ide.main.5b173b.js?__WB_REVISION__=36aa017b6acac125d50a:67:1341396
    at e.fire (https://s2757502.elf.ict.griffith.edu.au:8443/ide.main.5b173b.js?__WB_REVISION__=36aa017b6acac125d50a:16:14094)
    at t.render (https://s2757502.elf.ict.griffith.edu.au:8443/ide.main.5b173b.js?__WB_REVISION__=36aa017b6acac125d50a:38:363523)
    at t.notifyFileDecorationsChanges (https://s2757502.elf.ict.griffith.edu.au:8443/ide.main.5b173b.js?__WB_REVISION__=36aa017b6acac125d50a:38:360441)
    at https://s2757502.elf.ict.griffith.edu.au:8443/ide.main.5b173b.js?__WB_REVISION__=36aa017b6acac125d50a:38:357365
    at Array.forEach (<anonymous>)
    at https://s2757502.elf.ict.griffith.edu.au:8443/ide.main.5b173b.js?__WB_REVISION__=36aa017b6acac125d50a:38:357336
[2019-07-22 00:04:20.160] [renderer20190721135655900] [error] Data tree node not found: [object Object]: Error: Data tree node not found: [object Object]
    at n.getDataNode (https://s2757502.elf.ict.griffith.edu.au:8443/ide.main.5b173b.js?__WB_REVISION__=36aa017b6acac125d50a:60:1615552)
    at n.reveal (https://s2757502.elf.ict.griffith.edu.au:8443/ide.main.5b173b.js?__WB_REVISION__=36aa017b6acac125d50a:60:1615044)
    at t.<anonymous> (https://s2757502.elf.ict.griffith.edu.au:8443/ide.main.5b173b.js?__WB_REVISION__=36aa017b6acac125d50a:67:1335859)
    at https://s2757502.elf.ict.griffith.edu.au:8443/ide.main.5b173b.js?__WB_REVISION__=36aa017b6acac125d50a:16:2489
    at Object.next (https://s2757502.elf.ict.griffith.edu.au:8443/ide.main.5b173b.js?__WB_REVISION__=36aa017b6acac125d50a:16:2594)
    at a (https://s2757502.elf.ict.griffith.edu.au:8443/ide.main.5b173b.js?__WB_REVISION__=36aa017b6acac125d50a:16:1365)
[2019-07-22 00:04:21.997] [renderer20190721135655900] [error] Data tree node not found: [object Object]: Error: Data tree node not found: [object Object]
    at n.getDataNode (https://s2757502.elf.ict.griffith.edu.au:8443/ide.main.5b173b.js?__WB_REVISION__=36aa017b6acac125d50a:60:1615552)
    at n.updateWidth (https://s2757502.elf.ict.griffith.edu.au:8443/ide.main.5b173b.js?__WB_REVISION__=36aa017b6acac125d50a:60:1612368)
    at e.updateWidth (https://s2757502.elf.ict.griffith.edu.au:8443/ide.main.5b173b.js?__WB_REVISION__=36aa017b6acac125d50a:67:1330360)
    at https://s2757502.elf.ict.griffith.edu.au:8443/ide.main.5b173b.js?__WB_REVISION__=36aa017b6acac125d50a:67:1341396
    at e.fire (https://s2757502.elf.ict.griffith.edu.au:8443/ide.main.5b173b.js?__WB_REVISION__=36aa017b6acac125d50a:16:14094)
    at t.render (https://s2757502.elf.ict.griffith.edu.au:8443/ide.main.5b173b.js?__WB_REVISION__=36aa017b6acac125d50a:38:363523)
    at t.notifyFileDecorationsChanges (https://s2757502.elf.ict.griffith.edu.au:8443/ide.main.5b173b.js?__WB_REVISION__=36aa017b6acac125d50a:38:360441)
    at https://s2757502.elf.ict.griffith.edu.au:8443/ide.main.5b173b.js?__WB_REVISION__=36aa017b6acac125d50a:38:357365
    at Array.forEach (<anonymous>)
    at https://s2757502.elf.ict.griffith.edu.au:8443/ide.main.5b173b.js?__WB_REVISION__=36aa017b6acac125d50a:38:357336
