[2019-08-01 21:25:20.360] [renderer20190801112444730] [error] Data tree node not found: [object Object]: Error: Data tree node not found: [object Object]
    at n.e.getDataNode (https://s2757502.elf.ict.griffith.edu.au:8443/ide.main.5b173b.js:60:1615552)
    at n.e.updateWidth (https://s2757502.elf.ict.griffith.edu.au:8443/ide.main.5b173b.js:60:1612368)
    at e.updateWidth (https://s2757502.elf.ict.griffith.edu.au:8443/ide.main.5b173b.js:67:1330360)
    at https://s2757502.elf.ict.griffith.edu.au:8443/ide.main.5b173b.js:67:1341396
    at e.fire (https://s2757502.elf.ict.griffith.edu.au:8443/ide.main.5b173b.js:16:14094)
    at t.render (https://s2757502.elf.ict.griffith.edu.au:8443/ide.main.5b173b.js:38:363523)
    at t.notifyFileDecorationsChanges (https://s2757502.elf.ict.griffith.edu.au:8443/ide.main.5b173b.js:38:360441)
    at https://s2757502.elf.ict.griffith.edu.au:8443/ide.main.5b173b.js:38:357365
    at Array.forEach (<anonymous>)
    at https://s2757502.elf.ict.griffith.edu.au:8443/ide.main.5b173b.js:38:357336
[2019-08-01 21:25:31.312] [renderer20190801112444730] [error] Data tree node not found: [object Object]: Error: Data tree node not found: [object Object]
    at n.e.getDataNode (https://s2757502.elf.ict.griffith.edu.au:8443/ide.main.5b173b.js:60:1615552)
    at n.e.updateWidth (https://s2757502.elf.ict.griffith.edu.au:8443/ide.main.5b173b.js:60:1612368)
    at e.updateWidth (https://s2757502.elf.ict.griffith.edu.au:8443/ide.main.5b173b.js:67:1330360)
    at https://s2757502.elf.ict.griffith.edu.au:8443/ide.main.5b173b.js:67:1341396
    at e.fire (https://s2757502.elf.ict.griffith.edu.au:8443/ide.main.5b173b.js:16:14094)
    at t.render (https://s2757502.elf.ict.griffith.edu.au:8443/ide.main.5b173b.js:38:363523)
    at t.notifyFileDecorationsChanges (https://s2757502.elf.ict.griffith.edu.au:8443/ide.main.5b173b.js:38:360441)
    at https://s2757502.elf.ict.griffith.edu.au:8443/ide.main.5b173b.js:38:357365
    at Array.forEach (<anonymous>)
    at https://s2757502.elf.ict.griffith.edu.au:8443/ide.main.5b173b.js:38:357336
[2019-08-01 21:26:00.208] [renderer20190801112444730] [error] Data tree node not found: [object Object]: Error: Data tree node not found: [object Object]
    at n.e.getDataNode (https://s2757502.elf.ict.griffith.edu.au:8443/ide.main.5b173b.js:60:1615552)
    at n.e.updateWidth (https://s2757502.elf.ict.griffith.edu.au:8443/ide.main.5b173b.js:60:1612368)
    at e.updateWidth (https://s2757502.elf.ict.griffith.edu.au:8443/ide.main.5b173b.js:67:1330360)
    at https://s2757502.elf.ict.griffith.edu.au:8443/ide.main.5b173b.js:67:1341396
    at e.fire (https://s2757502.elf.ict.griffith.edu.au:8443/ide.main.5b173b.js:16:14094)
    at t.render (https://s2757502.elf.ict.griffith.edu.au:8443/ide.main.5b173b.js:38:363523)
    at t.notifyFileDecorationsChanges (https://s2757502.elf.ict.griffith.edu.au:8443/ide.main.5b173b.js:38:360441)
    at https://s2757502.elf.ict.griffith.edu.au:8443/ide.main.5b173b.js:38:357365
    at Array.forEach (<anonymous>)
    at https://s2757502.elf.ict.griffith.edu.au:8443/ide.main.5b173b.js:38:357336
[2019-08-01 21:26:05.110] [renderer20190801112444730] [error] Data tree node not found: [object Object]: Error: Data tree node not found: [object Object]
    at n.e.getDataNode (https://s2757502.elf.ict.griffith.edu.au:8443/ide.main.5b173b.js:60:1615552)
    at n.e.updateWidth (https://s2757502.elf.ict.griffith.edu.au:8443/ide.main.5b173b.js:60:1612368)
    at e.updateWidth (https://s2757502.elf.ict.griffith.edu.au:8443/ide.main.5b173b.js:67:1330360)
    at https://s2757502.elf.ict.griffith.edu.au:8443/ide.main.5b173b.js:67:1341396
    at e.fire (https://s2757502.elf.ict.griffith.edu.au:8443/ide.main.5b173b.js:16:14094)
    at t.render (https://s2757502.elf.ict.griffith.edu.au:8443/ide.main.5b173b.js:38:363523)
    at t.notifyFileDecorationsChanges (https://s2757502.elf.ict.griffith.edu.au:8443/ide.main.5b173b.js:38:360441)
    at https://s2757502.elf.ict.griffith.edu.au:8443/ide.main.5b173b.js:38:357365
    at Array.forEach (<anonymous>)
    at https://s2757502.elf.ict.griffith.edu.au:8443/ide.main.5b173b.js:38:357336
[2019-08-01 21:26:16.121] [renderer20190801112444730] [error] Data tree node not found: [object Object]: Error: Data tree node not found: [object Object]
    at n.e.getDataNode (https://s2757502.elf.ict.griffith.edu.au:8443/ide.main.5b173b.js:60:1615552)
    at n.e.updateWidth (https://s2757502.elf.ict.griffith.edu.au:8443/ide.main.5b173b.js:60:1612368)
    at e.updateWidth (https://s2757502.elf.ict.griffith.edu.au:8443/ide.main.5b173b.js:67:1330360)
    at https://s2757502.elf.ict.griffith.edu.au:8443/ide.main.5b173b.js:67:1341396
    at e.fire (https://s2757502.elf.ict.griffith.edu.au:8443/ide.main.5b173b.js:16:14094)
    at t.render (https://s2757502.elf.ict.griffith.edu.au:8443/ide.main.5b173b.js:38:363523)
    at t.notifyFileDecorationsChanges (https://s2757502.elf.ict.griffith.edu.au:8443/ide.main.5b173b.js:38:360441)
    at https://s2757502.elf.ict.griffith.edu.au:8443/ide.main.5b173b.js:38:357365
    at Array.forEach (<anonymous>)
    at https://s2757502.elf.ict.griffith.edu.au:8443/ide.main.5b173b.js:38:357336
[2019-08-01 21:26:21.116] [renderer20190801112444730] [error] Data tree node not found: [object Object]: Error: Data tree node not found: [object Object]
    at n.e.getDataNode (https://s2757502.elf.ict.griffith.edu.au:8443/ide.main.5b173b.js:60:1615552)
    at n.e.updateWidth (https://s2757502.elf.ict.griffith.edu.au:8443/ide.main.5b173b.js:60:1612368)
    at e.updateWidth (https://s2757502.elf.ict.griffith.edu.au:8443/ide.main.5b173b.js:67:1330360)
    at https://s2757502.elf.ict.griffith.edu.au:8443/ide.main.5b173b.js:67:1341396
    at e.fire (https://s2757502.elf.ict.griffith.edu.au:8443/ide.main.5b173b.js:16:14094)
    at t.render (https://s2757502.elf.ict.griffith.edu.au:8443/ide.main.5b173b.js:38:363523)
    at t.notifyFileDecorationsChanges (https://s2757502.elf.ict.griffith.edu.au:8443/ide.main.5b173b.js:38:360441)
    at https://s2757502.elf.ict.griffith.edu.au:8443/ide.main.5b173b.js:38:357365
    at Array.forEach (<anonymous>)
    at https://s2757502.elf.ict.griffith.edu.au:8443/ide.main.5b173b.js:38:357336
[2019-08-01 21:26:24.892] [renderer20190801112444730] [error] Data tree node not found: [object Object]: Error: Data tree node not found: [object Object]
    at n.e.getDataNode (https://s2757502.elf.ict.griffith.edu.au:8443/ide.main.5b173b.js:60:1615552)
    at n.e.updateWidth (https://s2757502.elf.ict.griffith.edu.au:8443/ide.main.5b173b.js:60:1612368)
    at e.updateWidth (https://s2757502.elf.ict.griffith.edu.au:8443/ide.main.5b173b.js:67:1330360)
    at https://s2757502.elf.ict.griffith.edu.au:8443/ide.main.5b173b.js:67:1341396
    at e.fire (https://s2757502.elf.ict.griffith.edu.au:8443/ide.main.5b173b.js:16:14094)
    at t.render (https://s2757502.elf.ict.griffith.edu.au:8443/ide.main.5b173b.js:38:363523)
    at t.notifyFileDecorationsChanges (https://s2757502.elf.ict.griffith.edu.au:8443/ide.main.5b173b.js:38:360441)
    at https://s2757502.elf.ict.griffith.edu.au:8443/ide.main.5b173b.js:38:357365
    at Array.forEach (<anonymous>)
    at https://s2757502.elf.ict.griffith.edu.au:8443/ide.main.5b173b.js:38:357336
[2019-08-01 21:28:12.600] [renderer20190801112444730] [error] Data tree node not found: [object Object]: Error: Data tree node not found: [object Object]
    at n.e.getDataNode (https://s2757502.elf.ict.griffith.edu.au:8443/ide.main.5b173b.js:60:1615552)
    at n.e.updateWidth (https://s2757502.elf.ict.griffith.edu.au:8443/ide.main.5b173b.js:60:1612368)
    at e.updateWidth (https://s2757502.elf.ict.griffith.edu.au:8443/ide.main.5b173b.js:67:1330360)
    at https://s2757502.elf.ict.griffith.edu.au:8443/ide.main.5b173b.js:67:1341396
    at e.fire (https://s2757502.elf.ict.griffith.edu.au:8443/ide.main.5b173b.js:16:14094)
    at t.render (https://s2757502.elf.ict.griffith.edu.au:8443/ide.main.5b173b.js:38:363523)
    at t.notifyFileDecorationsChanges (https://s2757502.elf.ict.griffith.edu.au:8443/ide.main.5b173b.js:38:360441)
    at https://s2757502.elf.ict.griffith.edu.au:8443/ide.main.5b173b.js:38:357365
    at Array.forEach (<anonymous>)
    at https://s2757502.elf.ict.griffith.edu.au:8443/ide.main.5b173b.js:38:357336
