[2019-07-17 08:12:22.967] [exthost] [info] extension host started
[2019-07-17 08:12:23.565] [exthost] [info] ExtensionService#_doActivateExtension vscode.extension-editing {"startup":false,"activationEvent":"onLanguage:typescript"}
[2019-07-17 08:12:23.565] [exthost] [info] ExtensionService#loadCommonJSModule /src/packages/server/build/extensions/extension-editing/dist/extension
[2019-07-17 08:12:23.587] [exthost] [info] ExtensionService#_doActivateExtension vscode.typescript-language-features {"startup":false,"activationEvent":"onLanguage:typescript"}
[2019-07-17 08:12:23.587] [exthost] [info] ExtensionService#loadCommonJSModule /src/packages/server/build/extensions/typescript-language-features/dist/extension
[2019-07-17 08:12:23.622] [exthost] [info] ExtensionService#_doActivateExtension vscode.debug-auto-launch {"startup":true,"activationEvent":"*"}
[2019-07-17 08:12:23.622] [exthost] [info] ExtensionService#loadCommonJSModule /src/packages/server/build/extensions/debug-auto-launch/dist/extension
[2019-07-17 08:12:23.625] [exthost] [info] ExtensionService#_doActivateExtension vscode.emmet {"startup":true,"activationEvent":"*"}
[2019-07-17 08:12:23.625] [exthost] [info] ExtensionService#loadCommonJSModule /src/packages/server/build/extensions/emmet/dist/extension
[2019-07-17 08:12:23.634] [exthost] [info] ExtensionService#_doActivateExtension vscode.git {"startup":true,"activationEvent":"*"}
[2019-07-17 08:12:23.635] [exthost] [info] ExtensionService#loadCommonJSModule /src/packages/server/build/extensions/git/dist/main
[2019-07-17 08:12:23.702] [exthost] [info] ExtensionService#_doActivateExtension vscode.merge-conflict {"startup":true,"activationEvent":"*"}
[2019-07-17 08:12:23.702] [exthost] [info] ExtensionService#loadCommonJSModule /src/packages/server/build/extensions/merge-conflict/dist/extension
[2019-07-17 08:12:23.738] [exthost] [info] eager extensions activated
[2019-07-17 08:14:21.735] [exthost] [info] ExtensionService#_doActivateExtension vscode.html-language-features {"startup":false,"activationEvent":"onLanguage:html"}
[2019-07-17 08:14:21.735] [exthost] [info] ExtensionService#loadCommonJSModule /src/packages/server/build/extensions/html-language-features/client/dist/htmlMain
[2019-07-17 08:14:52.705] [exthost] [info] ExtensionService#_doActivateExtension ms-vscode.node-debug2 {"startup":false,"activationEvent":"onDebugInitialConfigurations"}
[2019-07-17 08:14:52.705] [exthost] [info] ExtensionService#loadCommonJSModule /src/packages/server/build/extensions/ms-vscode.node-debug2/out/src/extension
[2019-07-17 08:14:52.728] [exthost] [info] ExtensionService#_doActivateExtension ms-vscode.node-debug {"startup":false,"activationEvent":"onDebugInitialConfigurations"}
[2019-07-17 08:14:52.728] [exthost] [info] ExtensionService#loadCommonJSModule /src/packages/server/build/extensions/ms-vscode.node-debug/dist/extension.js
[2019-07-17 08:14:57.872] [exthost] [info] ExtensionService#_doActivateExtension vscode.debug-server-ready {"startup":false,"activationEvent":"onDebugResolve"}
[2019-07-17 08:14:57.872] [exthost] [info] ExtensionService#loadCommonJSModule /src/packages/server/build/extensions/debug-server-ready/dist/extension
[2019-07-17 08:16:32.490] [exthost] [info] ExtensionService#_doActivateExtension vscode.grunt {"startup":false,"activationEvent":"onCommand:workbench.action.tasks.runTask"}
[2019-07-17 08:16:32.490] [exthost] [info] ExtensionService#loadCommonJSModule /src/packages/server/build/extensions/grunt/dist/main
[2019-07-17 08:16:32.494] [exthost] [info] ExtensionService#_doActivateExtension vscode.gulp {"startup":false,"activationEvent":"onCommand:workbench.action.tasks.runTask"}
[2019-07-17 08:16:32.494] [exthost] [info] ExtensionService#loadCommonJSModule /src/packages/server/build/extensions/gulp/dist/main
[2019-07-17 08:16:32.497] [exthost] [info] ExtensionService#_doActivateExtension vscode.jake {"startup":false,"activationEvent":"onCommand:workbench.action.tasks.runTask"}
[2019-07-17 08:16:32.497] [exthost] [info] ExtensionService#loadCommonJSModule /src/packages/server/build/extensions/jake/dist/main
[2019-07-17 08:16:32.500] [exthost] [info] ExtensionService#_doActivateExtension vscode.npm {"startup":false,"activationEvent":"onCommand:workbench.action.tasks.runTask"}
[2019-07-17 08:16:32.500] [exthost] [info] ExtensionService#loadCommonJSModule /src/packages/server/build/extensions/npm/dist/main
[2019-07-17 08:23:58.807] [exthost] [info] ExtensionService#_doActivateExtension vscode.configuration-editing {"startup":false,"activationEvent":"onLanguage:jsonc"}
[2019-07-17 08:23:58.807] [exthost] [info] ExtensionService#loadCommonJSModule /src/packages/server/build/extensions/configuration-editing/dist/extension
[2019-07-17 08:23:58.812] [exthost] [info] ExtensionService#_doActivateExtension vscode.json-language-features {"startup":false,"activationEvent":"onLanguage:jsonc"}
[2019-07-17 08:23:58.812] [exthost] [info] ExtensionService#loadCommonJSModule /src/packages/server/build/extensions/json-language-features/client/dist/jsonMain
