Looking for git in: git
Using git 2.20.1 from git
> git rev-parse --show-toplevel
> git config --get commit.template
Open repository: /var/www
> git status -z -u
> git check-ignore -z --stdin
> git symbolic-ref --short HEAD
> git rev-parse master
> git rev-parse --symbolic-full-name master@{u}
fatal: no upstream configured for branch 'master'
> git for-each-ref --format %(refname) %(objectname) --sort -committerdate
> git remote --verbose
> git status -z -u
> git symbolic-ref --short HEAD
> git rev-parse master
> git rev-parse --symbolic-full-name master@{u}
fatal: no upstream configured for branch 'master'
> git for-each-ref --format %(refname) %(objectname) --sort -committerdate
> git remote --verbose
> git check-ignore -z --stdin
> git check-ignore -z --stdin
> git check-ignore -z --stdin
> git check-ignore -z --stdin
> git check-ignore -z --stdin
> git check-ignore -z --stdin
> git check-ignore -z --stdin
> git check-ignore -z --stdin
> git show :html/webAppDev/week2/task3/css/styles.css
> git show :html/webAppDev/week2/task3/index.php
> git check-ignore -z --stdin
> git show :html/assignment/resources/views/bootstrap.blade.php
> git ls-files --stage -- html/assignment/resources/views/
> git check-ignore -z --stdin
> git show :html/assignment/resources/views/layouts/master.blade.php
> git ls-files --stage -- html/assignment/resources/views/layouts/
> git check-ignore -z --stdin
> git show :html/webAppDev/week2/task3/index.php
> git show :html/assignment/resources/views/layouts/master.blade.php
> git ls-files --stage -- html/assignment/resources/views/layouts/
> git show :html/webAppDev/week2/task3/index.php
> git show :html/assignment/resources/views/layouts/master.blade.php
> git ls-files --stage -- html/assignment/resources/views/layouts/
> git check-ignore -z --stdin
> git show :html/assignment/resources/views/bootstrap.blade.php
> git ls-files --stage -- html/assignment/resources/views/
> git show :html/webAppDev/week2/task3/index.php
> git show :html/assignment/resources/views/bootstrap.blade.php
> git ls-files --stage -- html/assignment/resources/views/
> git show :html/assignment/resources/views/layouts/master.blade.php
> git ls-files --stage -- html/assignment/resources/views/layouts/
> git show :html/webAppDev/week2/task3/index.php
> git show :html/assignment/resources/views/bootstrap.blade.php
> git ls-files --stage -- html/assignment/resources/views/
> git show :html/webAppDev/week2/task3/index.php
> git show :html/assignment/resources/views/layouts/master.blade.php
> git ls-files --stage -- html/assignment/resources/views/layouts/
> git show :html/webAppDev/week2/task3/index.php
> git show :html/assignment/resources/views/bootstrap.blade.php
> git ls-files --stage -- html/assignment/resources/views/
> git show :html/webAppDev/week2/task3/index.php
> git show :html/assignment/resources/views/bootstrap.blade.php
> git ls-files --stage -- html/assignment/resources/views/
> git show :html/webAppDev/week2/task3/index.php
> git show :html/assignment/resources/views/layouts/master.blade.php
> git ls-files --stage -- html/assignment/resources/views/layouts/
> git show :html/webAppDev/week2/task3/index.php
> git show :html/assignment/resources/views/bootstrap.blade.php
> git ls-files --stage -- html/assignment/resources/views/
> git show :html/webAppDev/week2/task3/index.php
> git show :html/assignment/resources/views/bootstrap.blade.php
> git ls-files --stage -- html/assignment/resources/views/
> git check-ignore -z --stdin
> git show :html/assignment/routes/web.php
> git ls-files --stage -- html/assignment/routes/
> git check-ignore -z --stdin
> git check-ignore -z --stdin
> git show :html/assignment/database/socialdatabase.sql
> git ls-files --stage -- html/assignment/database/
> git show :html/assignment/resources/views/bootstrap.blade.php
> git ls-files --stage -- html/assignment/resources/views/
